<?xml version="1.0" encoding="UTF-8"?>
<coverage generated="1773985341494" clover="3.2.0">
  <project timestamp="1773985341494" name="All files">
    <metrics statements="1078" coveredstatements="928" conditionals="460" coveredconditionals="273" methods="114" coveredmethods="97" elements="1652" coveredelements="1298" complexity="0" loc="1078" ncloc="1078" packages="1" files="22" classes="22"/>
    <file name="angles.ts" path="/home/claude/geonova/src/lib/engine/angles.ts">
      <metrics statements="68" coveredstatements="64" conditionals="39" coveredconditionals="31" methods="10" coveredmethods="10"/>
      <line num="13" count="14" type="stmt"/>
      <line num="14" count="142" type="stmt"/>
      <line num="17" count="14" type="stmt"/>
      <line num="18" count="52" type="stmt"/>
      <line num="21" count="14" type="stmt"/>
      <line num="22" count="268" type="stmt"/>
      <line num="23" count="268" type="cond" truecount="2" falsecount="0"/>
      <line num="24" count="268" type="stmt"/>
      <line num="27" count="14" type="stmt"/>
      <line num="28" count="197" type="stmt"/>
      <line num="29" count="197" type="stmt"/>
      <line num="30" count="197" type="stmt"/>
      <line num="31" count="197" type="stmt"/>
      <line num="32" count="197" type="stmt"/>
      <line num="33" count="197" type="stmt"/>
      <line num="36" count="197" type="cond" truecount="1" falsecount="1"/>
      <line num="37" count="0" type="cond" truecount="0" falsecount="2"/>
      <line num="39" count="197" type="cond" truecount="1" falsecount="1"/>
      <line num="42" count="197" type="stmt"/>
      <line num="50" count="14" type="stmt"/>
      <line num="51" count="4" type="stmt"/>
      <line num="52" count="4" type="cond" truecount="3" falsecount="1"/>
      <line num="53" count="0" type="stmt"/>
      <line num="55" count="4" type="stmt"/>
      <line num="58" count="14" type="stmt"/>
      <line num="59" count="157" type="stmt"/>
      <line num="60" count="157" type="stmt"/>
      <line num="61" count="157" type="stmt"/>
      <line num="64" count="14" type="stmt"/>
      <line num="66" count="3" type="stmt"/>
      <line num="67" count="3" type="stmt"/>
      <line num="69" count="3" type="cond" truecount="2" falsecount="0"/>
      <line num="71" count="2" type="stmt"/>
      <line num="72" count="2" type="cond" truecount="2" falsecount="0"/>
      <line num="73" count="1" type="stmt"/>
      <line num="76" count="1" type="cond" truecount="1" falsecount="1"/>
      <line num="77" count="1" type="stmt"/>
      <line num="78" count="1" type="stmt"/>
      <line num="79" count="1" type="stmt"/>
      <line num="81" count="1" type="cond" truecount="4" falsecount="1"/>
      <line num="83" count="1" type="stmt"/>
      <line num="86" count="1" type="stmt"/>
      <line num="87" count="1" type="cond" truecount="3" falsecount="1"/>
      <line num="88" count="0" type="stmt"/>
      <line num="91" count="1" type="stmt"/>
      <line num="94" count="0" type="stmt"/>
      <line num="97" count="14" type="stmt"/>
      <line num="98" count="38" type="stmt"/>
      <line num="99" count="38" type="stmt"/>
      <line num="104" count="38" type="cond" truecount="4" falsecount="0"/>
      <line num="105" count="12" type="stmt"/>
      <line num="106" count="12" type="stmt"/>
      <line num="107" count="26" type="cond" truecount="4" falsecount="0"/>
      <line num="108" count="16" type="stmt"/>
      <line num="109" count="16" type="stmt"/>
      <line num="110" count="10" type="cond" truecount="4" falsecount="0"/>
      <line num="111" count="6" type="stmt"/>
      <line num="112" count="6" type="stmt"/>
      <line num="114" count="4" type="stmt"/>
      <line num="115" count="4" type="stmt"/>
      <line num="118" count="38" type="stmt"/>
      <line num="121" count="14" type="stmt"/>
      <line num="122" count="37" type="stmt"/>
      <line num="125" count="14" type="stmt"/>
      <line num="129" count="3" type="stmt"/>
      <line num="130" count="3" type="stmt"/>
      <line num="131" count="3" type="stmt"/>
      <line num="133" count="3" type="stmt"/>
    </file>
    <file name="area.ts" path="/home/claude/geonova/src/lib/engine/area.ts">
      <metrics statements="59" coveredstatements="44" conditionals="20" coveredconditionals="12" methods="9" coveredmethods="3"/>
      <line num="13" count="1" type="stmt"/>
      <line num="14" count="6" type="cond" truecount="2" falsecount="0"/>
      <line num="15" count="1" type="stmt"/>
      <line num="26" count="5" type="stmt"/>
      <line num="27" count="5" type="cond" truecount="3" falsecount="1"/>
      <line num="29" count="5" type="stmt"/>
      <line num="33" count="5" type="stmt"/>
      <line num="34" count="5" type="stmt"/>
      <line num="35" count="19" type="stmt"/>
      <line num="36" count="19" type="stmt"/>
      <line num="39" count="5" type="stmt"/>
      <line num="40" count="5" type="stmt"/>
      <line num="43" count="5" type="stmt"/>
      <line num="44" count="5" type="stmt"/>
      <line num="45" count="19" type="stmt"/>
      <line num="46" count="19" type="stmt"/>
      <line num="47" count="19" type="stmt"/>
      <line num="51" count="5" type="stmt"/>
      <line num="52" count="5" type="stmt"/>
      <line num="53" count="5" type="stmt"/>
      <line num="54" count="19" type="stmt"/>
      <line num="56" count="19" type="stmt"/>
      <line num="57" count="19" type="stmt"/>
      <line num="60" count="5" type="cond" truecount="1" falsecount="1"/>
      <line num="61" count="5" type="stmt"/>
      <line num="62" count="5" type="stmt"/>
      <line num="65" count="0" type="stmt"/>
      <line num="66" count="0" type="stmt"/>
      <line num="67" count="0" type="stmt"/>
      <line num="70" count="5" type="stmt"/>
      <line num="80" count="1" type="stmt"/>
      <line num="82" count="5" type="cond" truecount="1" falsecount="1"/>
      <line num="83" count="0" type="stmt"/>
      <line num="86" count="5" type="stmt"/>
      <line num="87" count="5" type="stmt"/>
      <line num="88" count="9" type="stmt"/>
      <line num="91" count="5" type="stmt"/>
      <line num="101" count="1" type="stmt"/>
      <line num="104" count="2" type="cond" truecount="3" falsecount="1"/>
      <line num="106" count="0" type="stmt"/>
      <line num="109" count="2" type="stmt"/>
      <line num="111" count="2" type="stmt"/>
      <line num="112" count="6" type="cond" truecount="2" falsecount="0"/>
      <line num="113" count="4" type="stmt"/>
      <line num="115" count="2" type="stmt"/>
      <line num="119" count="2" type="stmt"/>
      <line num="121" count="2" type="stmt"/>
      <line num="131" count="1" type="stmt"/>
      <line num="133" count="0" type="cond" truecount="0" falsecount="2"/>
      <line num="134" count="0" type="stmt"/>
      <line num="137" count="0" type="stmt"/>
      <line num="138" count="0" type="stmt"/>
      <line num="140" count="0" type="stmt"/>
      <line num="150" count="1" type="stmt"/>
      <line num="152" count="0" type="cond" truecount="0" falsecount="2"/>
      <line num="153" count="0" type="stmt"/>
      <line num="156" count="0" type="stmt"/>
      <line num="157" count="0" type="stmt"/>
      <line num="159" count="0" type="stmt"/>
    </file>
    <file name="chainage.ts" path="/home/claude/geonova/src/lib/engine/chainage.ts">
      <metrics statements="24" coveredstatements="24" conditionals="12" coveredconditionals="10" methods="2" coveredmethods="2"/>
      <line num="1" count="1" type="stmt"/>
      <line num="11" count="1" type="stmt"/>
      <line num="17" count="7" type="stmt"/>
      <line num="18" count="7" type="stmt"/>
      <line num="19" count="7" type="stmt"/>
      <line num="21" count="7" type="cond" truecount="4" falsecount="0"/>
      <line num="23" count="7" type="stmt"/>
      <line num="24" count="13" type="stmt"/>
      <line num="25" count="13" type="stmt"/>
      <line num="26" count="13" type="stmt"/>
      <line num="27" count="13" type="stmt"/>
      <line num="30" count="7" type="stmt"/>
      <line num="33" count="1" type="stmt"/>
      <line num="37" count="3" type="stmt"/>
      <line num="38" count="3" type="cond" truecount="1" falsecount="1"/>
      <line num="39" count="3" type="stmt"/>
      <line num="41" count="3" type="stmt"/>
      <line num="42" count="3" type="stmt"/>
      <line num="43" count="3" type="stmt"/>
      <line num="44" count="3" type="cond" truecount="4" falsecount="0"/>
      <line num="45" count="2" type="stmt"/>
      <line num="46" count="2" type="cond" truecount="1" falsecount="1"/>
      <line num="47" count="2" type="stmt"/>
      <line num="53" count="1" type="stmt"/>
    </file>
    <file name="cogo.ts" path="/home/claude/geonova/src/lib/engine/cogo.ts">
      <metrics statements="61" coveredstatements="47" conditionals="16" coveredconditionals="9" methods="6" coveredmethods="4"/>
      <line num="12" count="1" type="stmt"/>
      <line num="13" count="1" type="stmt"/>
      <line num="15" count="1" type="stmt"/>
      <line num="23" count="3" type="stmt"/>
      <line num="24" count="3" type="stmt"/>
      <line num="26" count="3" type="stmt"/>
      <line num="27" count="3" type="stmt"/>
      <line num="28" count="3" type="stmt"/>
      <line num="29" count="3" type="stmt"/>
      <line num="31" count="3" type="stmt"/>
      <line num="32" count="3" type="stmt"/>
      <line num="34" count="3" type="stmt"/>
      <line num="35" count="3" type="cond" truecount="2" falsecount="0"/>
      <line num="40" count="2" type="stmt"/>
      <line num="41" count="2" type="stmt"/>
      <line num="43" count="2" type="stmt"/>
      <line num="48" count="2" type="stmt"/>
      <line num="55" count="1" type="stmt"/>
      <line num="62" count="0" type="stmt"/>
      <line num="63" count="0" type="stmt"/>
      <line num="64" count="0" type="stmt"/>
      <line num="67" count="0" type="cond" truecount="0" falsecount="5"/>
      <line num="68" count="0" type="stmt"/>
      <line num="71" count="0" type="stmt"/>
      <line num="72" count="0" type="stmt"/>
      <line num="74" count="0" type="stmt"/>
      <line num="75" count="0" type="stmt"/>
      <line num="77" count="0" type="stmt"/>
      <line num="82" count="0" type="stmt"/>
      <line num="87" count="0" type="stmt"/>
      <line num="90" count="1" type="stmt"/>
      <line num="103" count="2" type="stmt"/>
      <line num="104" count="2" type="cond" truecount="4" falsecount="1"/>
      <line num="107" count="2" type="stmt"/>
      <line num="108" count="2" type="stmt"/>
      <line num="109" count="2" type="stmt"/>
      <line num="111" count="6" type="stmt"/>
      <line num="113" count="2" type="stmt"/>
      <line num="114" count="2" type="stmt"/>
      <line num="115" count="2" type="stmt"/>
      <line num="121" count="2" type="stmt"/>
      <line num="122" count="2" type="stmt"/>
      <line num="123" count="2" type="stmt"/>
      <line num="125" count="12" type="stmt"/>
      <line num="127" count="2" type="stmt"/>
      <line num="128" count="2" type="stmt"/>
      <line num="129" count="2" type="stmt"/>
      <line num="131" count="2" type="stmt"/>
      <line num="132" count="2" type="cond" truecount="3" falsecount="1"/>
      <line num="134" count="2" type="stmt"/>
      <line num="139" count="2" type="stmt"/>
      <line num="140" count="2" type="stmt"/>
      <line num="141" count="2" type="stmt"/>
      <line num="143" count="2" type="stmt"/>
      <line num="146" count="1" type="stmt"/>
      <line num="151" count="4" type="stmt"/>
      <line num="152" count="4" type="stmt"/>
      <line num="157" count="4" type="stmt"/>
      <line num="164" count="1" type="stmt"/>
      <line num="169" count="0" type="stmt"/>
      <line num="170" count="0" type="stmt"/>
    </file>
    <file name="contours.ts" path="/home/claude/geonova/src/lib/engine/contours.ts">
      <metrics statements="46" coveredstatements="46" conditionals="16" coveredconditionals="15" methods="4" coveredmethods="4"/>
      <line num="19" count="1" type="stmt"/>
      <line num="20" count="7" type="stmt"/>
      <line num="22" count="7" type="cond" truecount="2" falsecount="0"/>
      <line num="24" count="6" type="stmt"/>
      <line num="25" count="18" type="stmt"/>
      <line num="26" count="36" type="stmt"/>
      <line num="27" count="60" type="stmt"/>
      <line num="28" count="60" type="stmt"/>
      <line num="29" count="60" type="stmt"/>
      <line num="31" count="60" type="stmt"/>
      <line num="32" count="60" type="stmt"/>
      <line num="33" count="60" type="stmt"/>
      <line num="34" count="60" type="stmt"/>
      <line num="35" count="60" type="stmt"/>
      <line num="37" count="60" type="cond" truecount="1" falsecount="1"/>
      <line num="39" count="60" type="stmt"/>
      <line num="44" count="6" type="stmt"/>
      <line num="52" count="510" type="stmt"/>
      <line num="53" count="510" type="stmt"/>
      <line num="55" count="510" type="cond" truecount="4" falsecount="0"/>
      <line num="57" count="108" type="stmt"/>
      <line num="59" count="108" type="stmt"/>
      <line num="65" count="1" type="stmt"/>
      <line num="69" count="5" type="cond" truecount="2" falsecount="0"/>
      <line num="71" count="20" type="stmt"/>
      <line num="72" count="4" type="stmt"/>
      <line num="73" count="4" type="stmt"/>
      <line num="75" count="4" type="stmt"/>
      <line num="76" count="4" type="stmt"/>
      <line num="77" count="4" type="stmt"/>
      <line num="78" count="17" type="stmt"/>
      <line num="81" count="4" type="stmt"/>
      <line num="82" count="4" type="stmt"/>
      <line num="84" count="4" type="stmt"/>
      <line num="85" count="17" type="stmt"/>
      <line num="87" count="17" type="stmt"/>
      <line num="88" count="170" type="stmt"/>
      <line num="94" count="170" type="stmt"/>
      <line num="96" count="170" type="stmt"/>
      <line num="97" count="510" type="stmt"/>
      <line num="98" count="510" type="cond" truecount="2" falsecount="0"/>
      <line num="101" count="170" type="cond" truecount="2" falsecount="0"/>
      <line num="102" count="36" type="stmt"/>
      <line num="106" count="17" type="cond" truecount="2" falsecount="0"/>
      <line num="107" count="11" type="stmt"/>
      <line num="114" count="4" type="stmt"/>
    </file>
    <file name="coordinates.ts" path="/home/claude/geonova/src/lib/engine/coordinates.ts">
      <metrics statements="91" coveredstatements="69" conditionals="24" coveredconditionals="11" methods="5" coveredmethods="4"/>
      <line num="12" count="1" type="stmt"/>
      <line num="13" count="1" type="stmt"/>
      <line num="16" count="1" type="stmt"/>
      <line num="17" count="1" type="stmt"/>
      <line num="18" count="1" type="stmt"/>
      <line num="19" count="1" type="stmt"/>
      <line num="22" count="13" type="stmt"/>
      <line num="23" count="13" type="stmt"/>
      <line num="24" count="13" type="stmt"/>
      <line num="25" count="13" type="stmt"/>
      <line num="28" count="1" type="stmt"/>
      <line num="29" count="13" type="stmt"/>
      <line num="31" count="13" type="stmt"/>
      <line num="32" count="13" type="stmt"/>
      <line num="34" count="13" type="cond" truecount="4" falsecount="0"/>
      <line num="35" count="13" type="stmt"/>
      <line num="36" count="13" type="stmt"/>
      <line num="38" count="13" type="stmt"/>
      <line num="40" count="13" type="stmt"/>
      <line num="41" count="13" type="stmt"/>
      <line num="42" count="13" type="stmt"/>
      <line num="44" count="13" type="stmt"/>
      <line num="45" count="13" type="stmt"/>
      <line num="46" count="13" type="stmt"/>
      <line num="47" count="13" type="stmt"/>
      <line num="49" count="13" type="stmt"/>
      <line num="50" count="13" type="stmt"/>
      <line num="53" count="13" type="stmt"/>
      <line num="60" count="13" type="stmt"/>
      <line num="68" count="13" type="stmt"/>
      <line num="76" count="13" type="cond" truecount="2" falsecount="0"/>
      <line num="77" count="13" type="cond" truecount="2" falsecount="0"/>
      <line num="79" count="13" type="stmt"/>
      <line num="83" count="4" type="stmt"/>
      <line num="84" count="4" type="stmt"/>
      <line num="86" count="4" type="stmt"/>
      <line num="87" count="4" type="cond" truecount="2" falsecount="0"/>
      <line num="89" count="4" type="stmt"/>
      <line num="91" count="4" type="stmt"/>
      <line num="92" count="4" type="stmt"/>
      <line num="94" count="4" type="stmt"/>
      <line num="95" count="4" type="stmt"/>
      <line num="97" count="4" type="stmt"/>
      <line num="98" count="4" type="stmt"/>
      <line num="101" count="4" type="stmt"/>
      <line num="107" count="4" type="stmt"/>
      <line num="108" count="4" type="stmt"/>
      <line num="109" count="4" type="stmt"/>
      <line num="111" count="4" type="stmt"/>
      <line num="112" count="4" type="stmt"/>
      <line num="113" count="4" type="stmt"/>
      <line num="114" count="4" type="stmt"/>
      <line num="115" count="4" type="stmt"/>
      <line num="118" count="4" type="stmt"/>
      <line num="125" count="4" type="stmt"/>
      <line num="131" count="4" type="stmt"/>
      <line num="134" count="1" type="stmt"/>
      <line num="135" count="4" type="stmt"/>
      <line num="139" count="4" type="stmt"/>
      <line num="140" count="4" type="stmt"/>
      <line num="142" count="4" type="stmt"/>
      <line num="143" count="4" type="stmt"/>
      <line num="145" count="4" type="stmt"/>
      <line num="146" count="4" type="stmt"/>
      <line num="147" count="4" type="stmt"/>
      <line num="148" count="4" type="stmt"/>
      <line num="150" count="4" type="cond" truecount="1" falsecount="1"/>
      <line num="153" count="0" type="stmt"/>
      <line num="155" count="0" type="stmt"/>
      <line num="156" count="0" type="stmt"/>
      <line num="158" count="0" type="stmt"/>
      <line num="159" count="0" type="stmt"/>
      <line num="161" count="0" type="stmt"/>
      <line num="162" count="0" type="stmt"/>
      <line num="164" count="0" type="stmt"/>
      <line num="165" count="0" type="stmt"/>
      <line num="167" count="0" type="stmt"/>
      <line num="169" count="0" type="cond" truecount="0" falsecount="4"/>
      <line num="171" count="0" type="stmt"/>
      <line num="175" count="0" type="stmt"/>
      <line num="176" count="0" type="stmt"/>
      <line num="178" count="0" type="stmt"/>
      <line num="179" count="0" type="stmt"/>
      <line num="181" count="0" type="cond" truecount="0" falsecount="4"/>
      <line num="182" count="0" type="cond" truecount="0" falsecount="4"/>
      <line num="184" count="0" type="stmt"/>
      <line num="187" count="4" type="stmt"/>
      <line num="190" count="1" type="stmt"/>
      <line num="191" count="0" type="stmt"/>
      <line num="192" count="0" type="stmt"/>
      <line num="193" count="0" type="stmt"/>
    </file>
    <file name="curves.ts" path="/home/claude/geonova/src/lib/engine/curves.ts">
      <metrics statements="58" coveredstatements="55" conditionals="8" coveredconditionals="3" methods="7" coveredmethods="7"/>
      <line num="12" count="2" type="stmt"/>
      <line num="14" count="2" type="stmt"/>
      <line num="19" count="7" type="stmt"/>
      <line num="20" count="7" type="stmt"/>
      <line num="23" count="7" type="stmt"/>
      <line num="26" count="7" type="stmt"/>
      <line num="29" count="7" type="stmt"/>
      <line num="32" count="7" type="stmt"/>
      <line num="35" count="7" type="stmt"/>
      <line num="38" count="7" type="stmt"/>
      <line num="40" count="7" type="stmt"/>
      <line num="52" count="2" type="stmt"/>
      <line num="59" count="2" type="stmt"/>
      <line num="60" count="2" type="stmt"/>
      <line num="63" count="2" type="stmt"/>
      <line num="64" count="2" type="stmt"/>
      <line num="66" count="2" type="stmt"/>
      <line num="69" count="2" type="stmt"/>
      <line num="71" count="2" type="stmt"/>
      <line num="72" count="22" type="stmt"/>
      <line num="73" count="22" type="stmt"/>
      <line num="76" count="22" type="stmt"/>
      <line num="77" count="22" type="stmt"/>
      <line num="80" count="22" type="stmt"/>
      <line num="82" count="22" type="stmt"/>
      <line num="90" count="2" type="stmt"/>
      <line num="99" count="2" type="stmt"/>
      <line num="109" count="3" type="stmt"/>
      <line num="110" count="3" type="stmt"/>
      <line num="112" count="3" type="stmt"/>
      <line num="114" count="3" type="stmt"/>
      <line num="115" count="33" type="stmt"/>
      <line num="116" count="33" type="stmt"/>
      <line num="119" count="33" type="stmt"/>
      <line num="122" count="33" type="stmt"/>
      <line num="124" count="33" type="stmt"/>
      <line num="132" count="3" type="cond" truecount="1" falsecount="1"/>
      <line num="133" count="3" type="stmt"/>
      <line num="134" count="3" type="cond" truecount="2" falsecount="2"/>
      <line num="136" count="0" type="stmt"/>
      <line num="137" count="0" type="stmt"/>
      <line num="138" count="0" type="stmt"/>
      <line num="146" count="30" type="stmt"/>
      <line num="168" count="2" type="stmt"/>
      <line num="175" count="4" type="stmt"/>
      <line num="177" count="1" type="stmt"/>
      <line num="178" count="1" type="stmt"/>
      <line num="179" count="1" type="stmt"/>
      <line num="180" count="1" type="stmt"/>
      <line num="182" count="1" type="stmt"/>
      <line num="183" count="1" type="stmt"/>
      <line num="184" count="1" type="stmt"/>
      <line num="186" count="1" type="stmt"/>
      <line num="213" count="2" type="stmt"/>
      <line num="214" count="2" type="stmt"/>
      <line num="215" count="2" type="stmt"/>
      <line num="216" count="2" type="stmt"/>
      <line num="217" count="2" type="stmt"/>
    </file>
    <file name="datums.ts" path="/home/claude/geonova/src/lib/engine/datums.ts">
      <metrics statements="13" coveredstatements="13" conditionals="0" coveredconditionals="0" methods="6" coveredmethods="6"/>
      <line num="22" count="1" type="stmt"/>
      <line num="75" count="1" type="stmt"/>
      <line num="76" count="2" type="stmt"/>
      <line num="79" count="1" type="stmt"/>
      <line num="80" count="3" type="stmt"/>
      <line num="81" count="15" type="stmt"/>
      <line num="85" count="1" type="stmt"/>
      <line num="86" count="2" type="stmt"/>
      <line num="89" count="1" type="stmt"/>
      <line num="90" count="2" type="stmt"/>
      <line num="93" count="1" type="stmt"/>
      <line num="100" count="1" type="stmt"/>
      <line num="101" count="1" type="stmt"/>
    </file>
    <file name="distance.ts" path="/home/claude/geonova/src/lib/engine/distance.ts">
      <metrics statements="28" coveredstatements="28" conditionals="2" coveredconditionals="2" methods="7" coveredmethods="6"/>
      <line num="12" count="5" type="stmt"/>
      <line num="14" count="5" type="stmt"/>
      <line num="16" count="5" type="stmt"/>
      <line num="20" count="32" type="stmt"/>
      <line num="21" count="32" type="stmt"/>
      <line num="23" count="32" type="stmt"/>
      <line num="24" count="32" type="stmt"/>
      <line num="25" count="32" type="stmt"/>
      <line num="27" count="32" type="stmt"/>
      <line num="29" count="32" type="stmt"/>
      <line num="41" count="5" type="stmt"/>
      <line num="45" count="3" type="stmt"/>
      <line num="46" count="3" type="stmt"/>
      <line num="49" count="5" type="stmt"/>
      <line num="53" count="2" type="stmt"/>
      <line num="54" count="2" type="stmt"/>
      <line num="57" count="5" type="stmt"/>
      <line num="61" count="3" type="stmt"/>
      <line num="62" count="3" type="stmt"/>
      <line num="65" count="5" type="stmt"/>
      <line num="69" count="9" type="cond" truecount="2" falsecount="0"/>
      <line num="70" count="1" type="stmt"/>
      <line num="73" count="8" type="stmt"/>
      <line num="74" count="8" type="stmt"/>
      <line num="76" count="8" type="stmt"/>
      <line num="79" count="5" type="stmt"/>
      <line num="84" count="2" type="stmt"/>
      <line num="85" count="2" type="stmt"/>
    </file>
    <file name="geometry.ts" path="/home/claude/geonova/src/lib/engine/geometry.ts">
      <metrics statements="40" coveredstatements="34" conditionals="15" coveredconditionals="11" methods="7" coveredmethods="6"/>
      <line num="31" count="1" type="stmt"/>
      <line num="32" count="2" type="stmt"/>
      <line num="38" count="1" type="stmt"/>
      <line num="39" count="2" type="stmt"/>
      <line num="40" count="2" type="cond" truecount="1" falsecount="1"/>
      <line num="41" count="8" type="stmt"/>
      <line num="42" count="2" type="stmt"/>
      <line num="43" count="2" type="stmt"/>
      <line num="44" count="2" type="stmt"/>
      <line num="45" count="2" type="stmt"/>
      <line num="52" count="8" type="stmt"/>
      <line num="57" count="1" type="stmt"/>
      <line num="58" count="3" type="stmt"/>
      <line num="59" count="3" type="stmt"/>
      <line num="60" count="3" type="stmt"/>
      <line num="61" count="3" type="stmt"/>
      <line num="62" count="12" type="stmt"/>
      <line num="63" count="12" type="stmt"/>
      <line num="64" count="12" type="cond" truecount="2" falsecount="0"/>
      <line num="66" count="12" type="cond" truecount="2" falsecount="0"/>
      <line num="68" count="3" type="stmt"/>
      <line num="71" count="1" type="stmt"/>
      <line num="75" count="2" type="stmt"/>
      <line num="76" count="2" type="stmt"/>
      <line num="77" count="2" type="stmt"/>
      <line num="78" count="2" type="stmt"/>
      <line num="79" count="2" type="stmt"/>
      <line num="80" count="2" type="cond" truecount="2" falsecount="0"/>
      <line num="81" count="1" type="stmt"/>
      <line num="82" count="1" type="stmt"/>
      <line num="83" count="1" type="stmt"/>
      <line num="84" count="1" type="stmt"/>
      <line num="85" count="1" type="stmt"/>
      <line num="96" count="1" type="cond" truecount="0" falsecount="1"/>
      <line num="97" count="0" type="cond" truecount="0" falsecount="2"/>
      <line num="98" count="0" type="stmt"/>
      <line num="99" count="0" type="stmt"/>
      <line num="100" count="0" type="stmt"/>
      <line num="101" count="0" type="stmt"/>
      <line num="106" count="0" type="stmt"/>
    </file>
    <file name="gnss.ts" path="/home/claude/geonova/src/lib/engine/gnss.ts">
      <metrics statements="127" coveredstatements="101" conditionals="40" coveredconditionals="14" methods="17" coveredmethods="13"/>
      <line num="11" count="1" type="stmt"/>
      <line num="67" count="1" type="stmt"/>
      <line num="68" count="8" type="stmt"/>
      <line num="69" count="8" type="stmt"/>
      <line num="70" count="8" type="stmt"/>
      <line num="72" count="8" type="stmt"/>
      <line num="73" count="8" type="stmt"/>
      <line num="75" count="8" type="stmt"/>
      <line num="77" count="8" type="stmt"/>
      <line num="78" count="8" type="stmt"/>
      <line num="79" count="8" type="stmt"/>
      <line num="81" count="8" type="stmt"/>
      <line num="88" count="1" type="stmt"/>
      <line num="89" count="1" type="stmt"/>
      <line num="90" count="1" type="stmt"/>
      <line num="91" count="1" type="stmt"/>
      <line num="93" count="1" type="stmt"/>
      <line num="95" count="1" type="stmt"/>
      <line num="96" count="1" type="stmt"/>
      <line num="98" count="1" type="stmt"/>
      <line num="99" count="1" type="stmt"/>
      <line num="100" count="10" type="stmt"/>
      <line num="101" count="10" type="stmt"/>
      <line num="102" count="10" type="stmt"/>
      <line num="105" count="1" type="stmt"/>
      <line num="106" count="1" type="stmt"/>
      <line num="108" count="1" type="stmt"/>
      <line num="119" count="1" type="stmt"/>
      <line num="123" count="0" type="stmt"/>
      <line num="125" count="0" type="stmt"/>
      <line num="126" count="0" type="stmt"/>
      <line num="128" count="0" type="stmt"/>
      <line num="129" count="0" type="stmt"/>
      <line num="130" count="0" type="stmt"/>
      <line num="132" count="0" type="stmt"/>
      <line num="133" count="0" type="stmt"/>
      <line num="134" count="0" type="stmt"/>
      <line num="136" count="0" type="stmt"/>
      <line num="142" count="1" type="stmt"/>
      <line num="143" count="2" type="stmt"/>
      <line num="144" count="2" type="stmt"/>
      <line num="145" count="2" type="stmt"/>
      <line num="147" count="2" type="stmt"/>
      <line num="148" count="2" type="stmt"/>
      <line num="151" count="2" type="stmt"/>
      <line num="152" count="2" type="cond" truecount="2" falsecount="0"/>
      <line num="155" count="2" type="stmt"/>
      <line num="158" count="2" type="stmt"/>
      <line num="159" count="2" type="cond" truecount="2" falsecount="2"/>
      <line num="160" count="0" type="stmt"/>
      <line num="170" count="2" type="stmt"/>
      <line num="188" count="1" type="stmt"/>
      <line num="195" count="0" type="stmt"/>
      <line num="196" count="0" type="stmt"/>
      <line num="199" count="0" type="stmt"/>
      <line num="201" count="0" type="stmt"/>
      <line num="202" count="0" type="stmt"/>
      <line num="206" count="0" type="stmt"/>
      <line num="209" count="0" type="stmt"/>
      <line num="210" count="0" type="stmt"/>
      <line num="213" count="0" type="cond" truecount="0" falsecount="2"/>
      <line num="214" count="0" type="cond" truecount="0" falsecount="2"/>
      <line num="215" count="0" type="cond" truecount="0" falsecount="2"/>
      <line num="217" count="0" type="stmt"/>
      <line num="229" count="0" type="stmt"/>
      <line num="230" count="0" type="cond" truecount="0" falsecount="2"/>
      <line num="232" count="0" type="stmt"/>
      <line num="246" count="1" type="stmt"/>
      <line num="247" count="2" type="stmt"/>
      <line num="248" count="2" type="stmt"/>
      <line num="249" count="2" type="stmt"/>
      <line num="250" count="2" type="stmt"/>
      <line num="252" count="2" type="stmt"/>
      <line num="253" count="2" type="cond" truecount="1" falsecount="1"/>
      <line num="255" count="2" type="stmt"/>
      <line num="256" count="2" type="stmt"/>
      <line num="258" count="2" type="stmt"/>
      <line num="262" count="2" type="stmt"/>
      <line num="263" count="2" type="stmt"/>
      <line num="264" count="2" type="stmt"/>
      <line num="265" count="2" type="stmt"/>
      <line num="266" count="2" type="stmt"/>
      <line num="268" count="2" type="stmt"/>
      <line num="274" count="2" type="stmt"/>
      <line num="277" count="2" type="stmt"/>
      <line num="278" count="2" type="stmt"/>
      <line num="280" count="2" type="stmt"/>
      <line num="286" count="1" type="stmt"/>
      <line num="287" count="1" type="cond" truecount="1" falsecount="1"/>
      <line num="290" count="1" type="stmt"/>
      <line num="292" count="1" type="stmt"/>
      <line num="293" count="4" type="stmt"/>
      <line num="294" count="4" type="stmt"/>
      <line num="295" count="4" type="stmt"/>
      <line num="296" count="4" type="stmt"/>
      <line num="298" count="4" type="stmt"/>
      <line num="307" count="1" type="stmt"/>
      <line num="308" count="1" type="stmt"/>
      <line num="309" count="1" type="stmt"/>
      <line num="311" count="1" type="cond" truecount="1" falsecount="1"/>
      <line num="314" count="1" type="stmt"/>
      <line num="316" count="1" type="stmt"/>
      <line num="321" count="16" type="stmt"/>
      <line num="325" count="1" type="stmt"/>
      <line num="326" count="1" type="stmt"/>
      <line num="327" count="4" type="stmt"/>
      <line num="328" count="4" type="stmt"/>
      <line num="329" count="16" type="stmt"/>
      <line num="330" count="16" type="stmt"/>
      <line num="331" count="64" type="stmt"/>
      <line num="333" count="16" type="stmt"/>
      <line num="336" count="1" type="stmt"/>
      <line num="340" count="1" type="stmt"/>
      <line num="341" count="16" type="cond" truecount="2" falsecount="0"/>
      <line num="343" count="1" type="stmt"/>
      <line num="344" count="4" type="stmt"/>
      <line num="345" count="4" type="stmt"/>
      <line num="346" count="6" type="cond" truecount="2" falsecount="0"/>
      <line num="348" count="4" type="stmt"/>
      <line num="350" count="4" type="cond" truecount="1" falsecount="1"/>
      <line num="352" count="4" type="stmt"/>
      <line num="353" count="32" type="stmt"/>
      <line num="355" count="4" type="stmt"/>
      <line num="356" count="16" type="cond" truecount="2" falsecount="0"/>
      <line num="357" count="12" type="stmt"/>
      <line num="358" count="96" type="stmt"/>
      <line num="363" count="4" type="stmt"/>
    </file>
    <file name="grade.ts" path="/home/claude/geonova/src/lib/engine/grade.ts">
      <metrics statements="6" coveredstatements="6" conditionals="2" coveredconditionals="2" methods="1" coveredmethods="1"/>
      <line num="1" count="1" type="stmt"/>
      <line num="10" count="1" type="stmt"/>
      <line num="11" count="5" type="stmt"/>
      <line num="12" count="5" type="stmt"/>
      <line num="13" count="5" type="cond" truecount="2" falsecount="0"/>
      <line num="14" count="5" type="stmt"/>
    </file>
    <file name="heightOfObject.ts" path="/home/claude/geonova/src/lib/engine/heightOfObject.ts">
      <metrics statements="6" coveredstatements="6" conditionals="0" coveredconditionals="0" methods="1" coveredmethods="1"/>
      <line num="10" count="1" type="stmt"/>
      <line num="16" count="6" type="stmt"/>
      <line num="17" count="6" type="stmt"/>
      <line num="18" count="6" type="stmt"/>
      <line num="19" count="6" type="stmt"/>
      <line num="20" count="6" type="stmt"/>
    </file>
    <file name="hydrographic.ts" path="/home/claude/geonova/src/lib/engine/hydrographic.ts">
      <metrics statements="2" coveredstatements="2" conditionals="0" coveredconditionals="0" methods="1" coveredmethods="1"/>
      <line num="6" count="1" type="stmt"/>
      <line num="9" count="4" type="stmt"/>
    </file>
    <file name="leveling.ts" path="/home/claude/geonova/src/lib/engine/leveling.ts">
      <metrics statements="127" coveredstatements="84" conditionals="68" coveredconditionals="38" methods="2" coveredmethods="2"/>
      <line num="26" count="1" type="stmt"/>
      <line num="27" count="7" type="cond" truecount="0" falsecount="1"/>
      <line num="29" count="7" type="stmt"/>
      <line num="31" count="7" type="stmt"/>
      <line num="32" count="7" type="stmt"/>
      <line num="33" count="7" type="stmt"/>
      <line num="34" count="7" type="stmt"/>
      <line num="36" count="7" type="stmt"/>
      <line num="37" count="7" type="stmt"/>
      <line num="39" count="7" type="stmt"/>
      <line num="40" count="7" type="stmt"/>
      <line num="41" count="7" type="stmt"/>
      <line num="42" count="7" type="stmt"/>
      <line num="44" count="7" type="stmt"/>
      <line num="45" count="28" type="stmt"/>
      <line num="47" count="28" type="cond" truecount="4" falsecount="0"/>
      <line num="48" count="21" type="cond" truecount="3" falsecount="1"/>
      <line num="49" count="21" type="stmt"/>
      <line num="50" count="21" type="stmt"/>
      <line num="51" count="21" type="stmt"/>
      <line num="52" count="21" type="stmt"/>
      <line num="55" count="28" type="cond" truecount="2" falsecount="2"/>
      <line num="56" count="0" type="cond" truecount="0" falsecount="2"/>
      <line num="57" count="0" type="stmt"/>
      <line num="58" count="0" type="stmt"/>
      <line num="60" count="0" type="stmt"/>
      <line num="61" count="0" type="stmt"/>
      <line num="62" count="0" type="stmt"/>
      <line num="63" count="0" type="stmt"/>
      <line num="65" count="0" type="stmt"/>
      <line num="66" count="0" type="cond" truecount="0" falsecount="2"/>
      <line num="67" count="0" type="stmt"/>
      <line num="68" count="0" type="stmt"/>
      <line num="69" count="0" type="stmt"/>
      <line num="71" count="0" type="stmt"/>
      <line num="72" count="0" type="stmt"/>
      <line num="73" count="0" type="stmt"/>
      <line num="76" count="0" type="stmt"/>
      <line num="77" count="0" type="stmt"/>
      <line num="78" count="0" type="stmt"/>
      <line num="81" count="28" type="cond" truecount="4" falsecount="0"/>
      <line num="82" count="21" type="cond" truecount="1" falsecount="1"/>
      <line num="83" count="0" type="stmt"/>
      <line num="84" count="0" type="stmt"/>
      <line num="86" count="21" type="stmt"/>
      <line num="87" count="21" type="stmt"/>
      <line num="89" count="21" type="stmt"/>
      <line num="90" count="21" type="stmt"/>
      <line num="91" count="21" type="stmt"/>
      <line num="93" count="21" type="stmt"/>
      <line num="94" count="21" type="cond" truecount="2" falsecount="0"/>
      <line num="95" count="7" type="stmt"/>
      <line num="96" count="7" type="stmt"/>
      <line num="97" count="7" type="stmt"/>
      <line num="99" count="14" type="stmt"/>
      <line num="100" count="14" type="stmt"/>
      <line num="101" count="14" type="stmt"/>
      <line num="104" count="21" type="stmt"/>
      <line num="105" count="21" type="stmt"/>
      <line num="106" count="21" type="stmt"/>
      <line num="109" count="28" type="stmt"/>
      <line num="112" count="7" type="stmt"/>
      <line num="113" count="7" type="stmt"/>
      <line num="114" count="7" type="cond" truecount="1" falsecount="1"/>
      <line num="116" count="7" type="cond" truecount="1" falsecount="1"/>
      <line num="118" count="7" type="stmt"/>
      <line num="119" count="7" type="cond" truecount="1" falsecount="1"/>
      <line num="121" count="7" type="cond" truecount="3" falsecount="2"/>
      <line num="122" count="0" type="stmt"/>
      <line num="123" count="0" type="stmt"/>
      <line num="124" count="0" type="cond" truecount="0" falsecount="5"/>
      <line num="125" count="0" type="stmt"/>
      <line num="129" count="0" type="stmt"/>
      <line num="130" count="0" type="cond" truecount="0" falsecount="2"/>
      <line num="131" count="0" type="stmt"/>
      <line num="132" count="0" type="stmt"/>
      <line num="133" count="0" type="stmt"/>
      <line num="134" count="0" type="stmt"/>
      <line num="135" count="0" type="stmt"/>
      <line num="136" count="0" type="stmt"/>
      <line num="141" count="7" type="stmt"/>
      <line num="151" count="1" type="stmt"/>
      <line num="152" count="3" type="cond" truecount="0" falsecount="1"/>
      <line num="154" count="3" type="stmt"/>
      <line num="156" count="3" type="stmt"/>
      <line num="157" count="3" type="stmt"/>
      <line num="158" count="3" type="stmt"/>
      <line num="160" count="3" type="stmt"/>
      <line num="161" count="3" type="stmt"/>
      <line num="163" count="3" type="stmt"/>
      <line num="164" count="3" type="stmt"/>
      <line num="166" count="3" type="stmt"/>
      <line num="167" count="12" type="stmt"/>
      <line num="169" count="12" type="cond" truecount="4" falsecount="0"/>
      <line num="170" count="9" type="cond" truecount="3" falsecount="1"/>
      <line num="171" count="9" type="stmt"/>
      <line num="172" count="9" type="stmt"/>
      <line num="173" count="9" type="stmt"/>
      <line num="174" count="9" type="stmt"/>
      <line num="177" count="12" type="cond" truecount="2" falsecount="2"/>
      <line num="178" count="0" type="cond" truecount="0" falsecount="2"/>
      <line num="179" count="0" type="stmt"/>
      <line num="180" count="0" type="stmt"/>
      <line num="182" count="0" type="stmt"/>
      <line num="183" count="0" type="stmt"/>
      <line num="184" count="0" type="stmt"/>
      <line num="185" count="0" type="stmt"/>
      <line num="186" count="0" type="stmt"/>
      <line num="187" count="0" type="stmt"/>
      <line num="190" count="12" type="cond" truecount="4" falsecount="0"/>
      <line num="191" count="9" type="cond" truecount="1" falsecount="1"/>
      <line num="192" count="0" type="stmt"/>
      <line num="193" count="0" type="stmt"/>
      <line num="195" count="9" type="stmt"/>
      <line num="196" count="9" type="stmt"/>
      <line num="197" count="9" type="stmt"/>
      <line num="198" count="9" type="stmt"/>
      <line num="199" count="9" type="stmt"/>
      <line num="200" count="9" type="stmt"/>
      <line num="201" count="9" type="stmt"/>
      <line num="204" count="12" type="stmt"/>
      <line num="207" count="3" type="stmt"/>
      <line num="208" count="3" type="stmt"/>
      <line num="210" count="3" type="cond" truecount="1" falsecount="1"/>
      <line num="211" count="3" type="stmt"/>
      <line num="212" count="3" type="cond" truecount="1" falsecount="1"/>
      <line num="214" count="3" type="stmt"/>
    </file>
    <file name="parser.ts" path="/home/claude/geonova/src/lib/engine/parser.ts">
      <metrics statements="45" coveredstatements="43" conditionals="28" coveredconditionals="22" methods="5" coveredmethods="5"/>
      <line num="9" count="1" type="cond" truecount="1" falsecount="0"/>
      <line num="10" count="4" type="stmt"/>
      <line num="11" count="4" type="stmt"/>
      <line num="12" count="4" type="stmt"/>
      <line num="14" count="4" type="stmt"/>
      <line num="15" count="4" type="stmt"/>
      <line num="17" count="4" type="stmt"/>
      <line num="18" count="4" type="cond" truecount="5" falsecount="0"/>
      <line num="19" count="1" type="stmt"/>
      <line num="20" count="1" type="stmt"/>
      <line num="23" count="4" type="stmt"/>
      <line num="24" count="10" type="stmt"/>
      <line num="25" count="10" type="cond" truecount="2" falsecount="0"/>
      <line num="27" count="36" type="stmt"/>
      <line num="29" count="9" type="stmt"/>
      <line num="30" count="9" type="stmt"/>
      <line num="31" count="9" type="stmt"/>
      <line num="32" count="9" type="stmt"/>
      <line num="34" count="9" type="cond" truecount="1" falsecount="1"/>
      <line num="36" count="9" type="stmt"/>
      <line num="37" count="9" type="stmt"/>
      <line num="38" count="9" type="stmt"/>
      <line num="39" count="9" type="cond" truecount="1" falsecount="1"/>
      <line num="40" count="9" type="cond" truecount="1" falsecount="1"/>
      <line num="44" count="9" type="cond" truecount="3" falsecount="1"/>
      <line num="45" count="0" type="stmt"/>
      <line num="46" count="0" type="stmt"/>
      <line num="49" count="9" type="cond" truecount="2" falsecount="2"/>
      <line num="50" count="9" type="stmt"/>
      <line num="53" count="9" type="stmt"/>
      <line num="56" count="4" type="stmt"/>
      <line num="59" count="1" type="stmt"/>
      <line num="60" count="3" type="stmt"/>
      <line num="61" count="6" type="stmt"/>
      <line num="62" count="3" type="stmt"/>
      <line num="65" count="1" type="stmt"/>
      <line num="66" count="3" type="stmt"/>
      <line num="67" count="3" type="stmt"/>
      <line num="69" count="3" type="stmt"/>
      <line num="70" count="5" type="cond" truecount="2" falsecount="0"/>
      <line num="71" count="1" type="stmt"/>
      <line num="73" count="5" type="stmt"/>
      <line num="75" count="5" type="cond" truecount="4" falsecount="0"/>
      <line num="76" count="1" type="stmt"/>
      <line num="80" count="3" type="stmt"/>
    </file>
    <file name="polar.ts" path="/home/claude/geonova/src/lib/engine/polar.ts">
      <metrics statements="18" coveredstatements="14" conditionals="0" coveredconditionals="0" methods="4" coveredmethods="2"/>
      <line num="13" count="1" type="stmt"/>
      <line num="33" count="1" type="stmt"/>
      <line num="34" count="8" type="stmt"/>
      <line num="35" count="8" type="stmt"/>
      <line num="36" count="8" type="stmt"/>
      <line num="37" count="8" type="stmt"/>
      <line num="43" count="1" type="stmt"/>
      <line num="44" count="3" type="stmt"/>
      <line num="45" count="3" type="stmt"/>
      <line num="46" count="3" type="stmt"/>
      <line num="47" count="3" type="stmt"/>
      <line num="48" count="3" type="stmt"/>
      <line num="51" count="1" type="stmt"/>
      <line num="52" count="0" type="stmt"/>
      <line num="53" count="0" type="stmt"/>
      <line num="60" count="1" type="stmt"/>
      <line num="67" count="0" type="stmt"/>
      <line num="68" count="0" type="stmt"/>
    </file>
    <file name="tacheometry.ts" path="/home/claude/geonova/src/lib/engine/tacheometry.ts">
      <metrics statements="8" coveredstatements="8" conditionals="0" coveredconditionals="0" methods="1" coveredmethods="1"/>
      <line num="1" count="1" type="stmt"/>
      <line num="26" count="1" type="stmt"/>
      <line num="27" count="6" type="stmt"/>
      <line num="28" count="6" type="stmt"/>
      <line num="29" count="6" type="stmt"/>
      <line num="30" count="6" type="stmt"/>
      <line num="31" count="6" type="stmt"/>
      <line num="32" count="6" type="stmt"/>
    </file>
    <file name="traverse.ts" path="/home/claude/geonova/src/lib/engine/traverse.ts">
      <metrics statements="106" coveredstatements="106" conditionals="68" coveredconditionals="31" methods="4" coveredmethods="4"/>
      <line num="12" count="1" type="stmt"/>
      <line num="45" count="10" type="cond" truecount="1" falsecount="1"/>
      <line num="46" count="10" type="cond" truecount="1" falsecount="1"/>
      <line num="47" count="10" type="cond" truecount="1" falsecount="1"/>
      <line num="48" count="10" type="stmt"/>
      <line num="56" count="1" type="stmt"/>
      <line num="57" count="3" type="stmt"/>
      <line num="58" count="3" type="stmt"/>
      <line num="60" count="3" type="stmt"/>
      <line num="61" count="3" type="stmt"/>
      <line num="62" count="3" type="stmt"/>
      <line num="64" count="3" type="cond" truecount="1" falsecount="1"/>
      <line num="66" count="3" type="stmt"/>
      <line num="67" count="5" type="stmt"/>
      <line num="68" count="5" type="stmt"/>
      <line num="69" count="5" type="stmt"/>
      <line num="71" count="5" type="stmt"/>
      <line num="72" count="5" type="stmt"/>
      <line num="74" count="5" type="stmt"/>
      <line num="75" count="5" type="stmt"/>
      <line num="76" count="5" type="stmt"/>
      <line num="78" count="5" type="stmt"/>
      <line num="91" count="3" type="stmt"/>
      <line num="98" count="1" type="stmt"/>
      <line num="99" count="8" type="stmt"/>
      <line num="102" count="8" type="stmt"/>
      <line num="103" count="8" type="stmt"/>
      <line num="104" count="8" type="stmt"/>
      <line num="106" count="8" type="stmt"/>
      <line num="108" count="8" type="stmt"/>
      <line num="109" count="32" type="stmt"/>
      <line num="110" count="32" type="stmt"/>
      <line num="111" count="32" type="stmt"/>
      <line num="113" count="32" type="stmt"/>
      <line num="114" count="32" type="stmt"/>
      <line num="116" count="32" type="stmt"/>
      <line num="117" count="32" type="stmt"/>
      <line num="118" count="32" type="stmt"/>
      <line num="121" count="32" type="stmt"/>
      <line num="122" count="32" type="stmt"/>
      <line num="124" count="32" type="stmt"/>
      <line num="142" count="8" type="stmt"/>
      <line num="143" count="8" type="stmt"/>
      <line num="144" count="8" type="stmt"/>
      <line num="146" count="8" type="cond" truecount="1" falsecount="1"/>
      <line num="149" count="8" type="cond" truecount="1" falsecount="1"/>
      <line num="152" count="8" type="stmt"/>
      <line num="153" count="8" type="cond" truecount="1" falsecount="1"/>
      <line num="156" count="8" type="stmt"/>
      <line num="157" count="8" type="stmt"/>
      <line num="159" count="8" type="stmt"/>
      <line num="160" count="32" type="stmt"/>
      <line num="161" count="32" type="stmt"/>
      <line num="162" count="32" type="stmt"/>
      <line num="164" count="32" type="stmt"/>
      <line num="165" count="32" type="stmt"/>
      <line num="167" count="32" type="stmt"/>
      <line num="168" count="32" type="stmt"/>
      <line num="170" count="32" type="stmt"/>
      <line num="171" count="32" type="stmt"/>
      <line num="173" count="32" type="stmt"/>
      <line num="174" count="32" type="stmt"/>
      <line num="177" count="8" type="stmt"/>
      <line num="189" count="1" type="stmt"/>
      <line num="190" count="2" type="stmt"/>
      <line num="193" count="2" type="stmt"/>
      <line num="194" count="2" type="stmt"/>
      <line num="195" count="2" type="stmt"/>
      <line num="196" count="2" type="stmt"/>
      <line num="197" count="2" type="stmt"/>
      <line num="199" count="2" type="stmt"/>
      <line num="201" count="2" type="stmt"/>
      <line num="202" count="8" type="stmt"/>
      <line num="203" count="8" type="stmt"/>
      <line num="204" count="8" type="stmt"/>
      <line num="206" count="8" type="stmt"/>
      <line num="207" count="8" type="stmt"/>
      <line num="209" count="8" type="stmt"/>
      <line num="210" count="8" type="stmt"/>
      <line num="211" count="8" type="stmt"/>
      <line num="212" count="8" type="stmt"/>
      <line num="213" count="8" type="stmt"/>
      <line num="215" count="8" type="stmt"/>
      <line num="233" count="2" type="stmt"/>
      <line num="234" count="2" type="stmt"/>
      <line num="235" count="2" type="stmt"/>
      <line num="236" count="2" type="cond" truecount="1" falsecount="1"/>
      <line num="239" count="2" type="stmt"/>
      <line num="240" count="2" type="stmt"/>
      <line num="242" count="2" type="stmt"/>
      <line num="243" count="8" type="stmt"/>
      <line num="245" count="8" type="stmt"/>
      <line num="246" count="8" type="stmt"/>
      <line num="248" count="8" type="cond" truecount="1" falsecount="1"/>
      <line num="249" count="8" type="stmt"/>
      <line num="251" count="8" type="cond" truecount="1" falsecount="1"/>
      <line num="252" count="8" type="stmt"/>
      <line num="255" count="8" type="stmt"/>
      <line num="256" count="8" type="stmt"/>
      <line num="258" count="8" type="stmt"/>
      <line num="259" count="8" type="stmt"/>
      <line num="261" count="8" type="stmt"/>
      <line num="262" count="8" type="stmt"/>
      <line num="264" count="8" type="stmt"/>
      <line num="265" count="8" type="stmt"/>
      <line num="268" count="2" type="stmt"/>
    </file>
    <file name="twoPegTest.ts" path="/home/claude/geonova/src/lib/engine/twoPegTest.ts">
      <metrics statements="10" coveredstatements="10" conditionals="8" coveredconditionals="7" methods="1" coveredmethods="1"/>
      <line num="12" count="1" type="stmt"/>
      <line num="20" count="6" type="cond" truecount="4" falsecount="0"/>
      <line num="21" count="6" type="cond" truecount="3" falsecount="1"/>
      <line num="23" count="6" type="stmt"/>
      <line num="24" count="6" type="stmt"/>
      <line num="25" count="6" type="stmt"/>
      <line num="26" count="6" type="stmt"/>
      <line num="27" count="6" type="stmt"/>
      <line num="28" count="6" type="stmt"/>
      <line num="30" count="6" type="stmt"/>
    </file>
    <file name="utmZones.ts" path="/home/claude/geonova/src/lib/engine/utmZones.ts">
      <metrics statements="17" coveredstatements="13" conditionals="36" coveredconditionals="9" methods="4" coveredmethods="4"/>
      <line num="1" count="1" type="stmt"/>
      <line num="2" count="9" type="stmt"/>
      <line num="5" count="1" type="stmt"/>
      <line num="6" count="9" type="cond" truecount="2" falsecount="0"/>
      <line num="9" count="1" type="stmt"/>
      <line num="13" count="9" type="stmt"/>
      <line num="14" count="9" type="stmt"/>
      <line num="17" count="9" type="cond" truecount="2" falsecount="4"/>
      <line num="18" count="9" type="cond" truecount="2" falsecount="4"/>
      <line num="21" count="9" type="cond" truecount="2" falsecount="2"/>
      <line num="22" count="0" type="cond" truecount="0" falsecount="4"/>
      <line num="23" count="0" type="cond" truecount="0" falsecount="4"/>
      <line num="24" count="0" type="cond" truecount="0" falsecount="4"/>
      <line num="25" count="0" type="cond" truecount="0" falsecount="4"/>
      <line num="28" count="9" type="stmt"/>
      <line num="93" count="9" type="stmt"/>
      <line num="100" count="60" type="stmt"/>
    </file>
    <file name="volume.ts" path="/home/claude/geonova/src/lib/engine/volume.ts">
      <metrics statements="118" coveredstatements="111" conditionals="58" coveredconditionals="46" methods="10" coveredmethods="10"/>
      <line num="74" count="41" type="stmt"/>
      <line num="77" count="2" type="stmt"/>
      <line num="78" count="7" type="stmt"/>
      <line num="79" count="7" type="stmt"/>
      <line num="80" count="7" type="stmt"/>
      <line num="82" count="7" type="stmt"/>
      <line num="83" count="19" type="stmt"/>
      <line num="84" count="19" type="stmt"/>
      <line num="85" count="19" type="stmt"/>
      <line num="86" count="19" type="stmt"/>
      <line num="87" count="19" type="stmt"/>
      <line num="88" count="19" type="stmt"/>
      <line num="91" count="7" type="stmt"/>
      <line num="94" count="2" type="stmt"/>
      <line num="95" count="5" type="stmt"/>
      <line num="96" count="5" type="stmt"/>
      <line num="97" count="5" type="stmt"/>
      <line num="101" count="5" type="stmt"/>
      <line num="102" count="5" type="stmt"/>
      <line num="103" count="5" type="stmt"/>
      <line num="104" count="5" type="stmt"/>
      <line num="105" count="5" type="stmt"/>
      <line num="106" count="5" type="stmt"/>
      <line num="107" count="5" type="stmt"/>
      <line num="108" count="5" type="stmt"/>
      <line num="111" count="5" type="stmt"/>
      <line num="114" count="2" type="stmt"/>
      <line num="115" count="2" type="cond" truecount="2" falsecount="0"/>
      <line num="116" count="1" type="stmt"/>
      <line num="124" count="2" type="stmt"/>
      <line num="125" count="3" type="stmt"/>
      <line num="126" count="3" type="stmt"/>
      <line num="127" count="3" type="stmt"/>
      <line num="128" count="3" type="stmt"/>
      <line num="130" count="3" type="stmt"/>
      <line num="131" count="8" type="stmt"/>
      <line num="132" count="8" type="stmt"/>
      <line num="133" count="8" type="stmt"/>
      <line num="134" count="8" type="stmt"/>
      <line num="135" count="8" type="stmt"/>
      <line num="137" count="8" type="cond" truecount="4" falsecount="0"/>
      <line num="138" count="4" type="cond" truecount="4" falsecount="0"/>
      <line num="141" count="3" type="stmt"/>
      <line num="145" count="10" type="stmt"/>
      <line num="146" count="10" type="stmt"/>
      <line num="147" count="10" type="stmt"/>
      <line num="148" count="10" type="stmt"/>
      <line num="149" count="10" type="stmt"/>
      <line num="150" count="90" type="cond" truecount="2" falsecount="0"/>
      <line num="151" count="90" type="cond" truecount="2" falsecount="0"/>
      <line num="152" count="90" type="cond" truecount="2" falsecount="0"/>
      <line num="153" count="90" type="cond" truecount="2" falsecount="0"/>
      <line num="155" count="10" type="stmt"/>
      <line num="159" count="5" type="stmt"/>
      <line num="160" count="5" type="stmt"/>
      <line num="161" count="5" type="stmt"/>
      <line num="162" count="5" type="stmt"/>
      <line num="163" count="5" type="stmt"/>
      <line num="167" count="250" type="stmt"/>
      <line num="168" count="250" type="stmt"/>
      <line num="169" count="250" type="stmt"/>
      <line num="170" count="250" type="stmt"/>
      <line num="172" count="250" type="stmt"/>
      <line num="173" count="250" type="stmt"/>
      <line num="174" count="2250" type="stmt"/>
      <line num="175" count="2250" type="stmt"/>
      <line num="176" count="2250" type="stmt"/>
      <line num="177" count="2250" type="cond" truecount="1" falsecount="1"/>
      <line num="178" count="2250" type="cond" truecount="2" falsecount="0"/>
      <line num="179" count="980" type="stmt"/>
      <line num="180" count="980" type="stmt"/>
      <line num="182" count="2250" type="cond" truecount="2" falsecount="0"/>
      <line num="183" count="1350" type="stmt"/>
      <line num="184" count="1350" type="stmt"/>
      <line num="185" count="1350" type="stmt"/>
      <line num="186" count="1350" type="stmt"/>
      <line num="189" count="250" type="cond" truecount="1" falsecount="1"/>
      <line num="190" count="0" type="cond" truecount="0" falsecount="2"/>
      <line num="191" count="0" type="stmt"/>
      <line num="203" count="2" type="stmt"/>
      <line num="204" count="5" type="stmt"/>
      <line num="205" count="5" type="stmt"/>
      <line num="206" count="5" type="cond" truecount="1" falsecount="1"/>
      <line num="207" count="0" type="stmt"/>
      <line num="209" count="5" type="cond" truecount="3" falsecount="1"/>
      <line num="210" count="0" type="stmt"/>
      <line num="213" count="5" type="cond" truecount="3" falsecount="1"/>
      <line num="214" count="5" type="cond" truecount="3" falsecount="1"/>
      <line num="215" count="5" type="stmt"/>
      <line num="216" count="5" type="stmt"/>
      <line num="217" count="5" type="stmt"/>
      <line num="219" count="5" type="cond" truecount="3" falsecount="1"/>
      <line num="220" count="0" type="stmt"/>
      <line num="224" count="5" type="stmt"/>
      <line num="225" count="5" type="stmt"/>
      <line num="226" count="5" type="stmt"/>
      <line num="227" count="5" type="stmt"/>
      <line num="229" count="5" type="stmt"/>
      <line num="230" count="5" type="stmt"/>
      <line num="231" count="5" type="stmt"/>
      <line num="232" count="5" type="stmt"/>
      <line num="233" count="5" type="stmt"/>
      <line num="235" count="5" type="stmt"/>
      <line num="236" count="25" type="stmt"/>
      <line num="238" count="125" type="stmt"/>
      <line num="239" count="125" type="stmt"/>
      <line num="240" count="125" type="stmt"/>
      <line num="241" count="125" type="stmt"/>
      <line num="242" count="125" type="cond" truecount="3" falsecount="1"/>
      <line num="243" count="0" type="stmt"/>
      <line num="244" count="0" type="stmt"/>
      <line num="246" count="125" type="stmt"/>
      <line num="247" count="125" type="cond" truecount="2" falsecount="0"/>
      <line num="248" count="50" type="cond" truecount="2" falsecount="0"/>
      <line num="249" count="125" type="stmt"/>
      <line num="253" count="5" type="cond" truecount="1" falsecount="1"/>
      <line num="254" count="5" type="cond" truecount="1" falsecount="1"/>
      <line num="256" count="5" type="stmt"/>
    </file>
  </project>
</coverage>
