{"/home/claude/geonova/src/lib/engine/angles.ts": {"path":"/home/claude/geonova/src/lib/engine/angles.ts","statementMap":{"0":{"start":{"line":13,"column":0},"end":{"line":13,"column":16}},"1":{"start":{"line":17,"column":0},"end":{"line":17,"column":16}},"2":{"start":{"line":21,"column":0},"end":{"line":21,"column":16}},"3":{"start":{"line":27,"column":0},"end":{"line":27,"column":16}},"4":{"start":{"line":50,"column":0},"end":{"line":50,"column":16}},"5":{"start":{"line":58,"column":0},"end":{"line":58,"column":16}},"6":{"start":{"line":64,"column":0},"end":{"line":64,"column":16}},"7":{"start":{"line":97,"column":0},"end":{"line":97,"column":16}},"8":{"start":{"line":121,"column":0},"end":{"line":121,"column":16}},"9":{"start":{"line":125,"column":0},"end":{"line":125,"column":16}},"10":{"start":{"line":14,"column":2},"end":{"line":14,"column":35}},"11":{"start":{"line":18,"column":2},"end":{"line":18,"column":35}},"12":{"start":{"line":22,"column":19},"end":{"line":22,"column":32}},"13":{"start":{"line":23,"column":2},"end":{"line":23,"column":40}},"14":{"start":{"line":23,"column":22},"end":{"line":23,"column":40}},"15":{"start":{"line":24,"column":2},"end":{"line":24,"column":20}},"16":{"start":{"line":28,"column":21},"end":{"line":28,"column":32}},"17":{"start":{"line":29,"column":21},"end":{"line":29,"column":38}},"18":{"start":{"line":30,"column":18},"end":{"line":30,"column":40}},"19":{"start":{"line":31,"column":23},"end":{"line":31,"column":50}},"20":{"start":{"line":32,"column":18},"end":{"line":32,"column":42}},"21":{"start":{"line":33,"column":18},"end":{"line":33,"column":47}},"22":{"start":{"line":36,"column":2},"end":{"line":40,"column":3}},"23":{"start":{"line":37,"column":4},"end":{"line":37,"column":39}},"24":{"start":{"line":39,"column":4},"end":{"line":39,"column":39}},"25":{"start":{"line":42,"column":2},"end":{"line":47,"column":4}},"26":{"start":{"line":51,"column":16},"end":{"line":51,"column":67}},"27":{"start":{"line":52,"column":2},"end":{"line":54,"column":3}},"28":{"start":{"line":53,"column":4},"end":{"line":53,"column":23}},"29":{"start":{"line":55,"column":2},"end":{"line":55,"column":17}},"30":{"start":{"line":59,"column":21},"end":{"line":59,"column":46}},"31":{"start":{"line":60,"column":14},"end":{"line":60,"column":45}},"32":{"start":{"line":61,"column":2},"end":{"line":61,"column":120}},"33":{"start":{"line":66,"column":18},"end":{"line":66,"column":74}},"34":{"start":{"line":67,"column":16},"end":{"line":67,"column":34}},"35":{"start":{"line":69,"column":2},"end":{"line":74,"column":3}},"36":{"start":{"line":71,"column":16},"end":{"line":71,"column":36}},"37":{"start":{"line":72,"column":4},"end":{"line":72,"column":32}},"38":{"start":{"line":72,"column":20},"end":{"line":72,"column":32}},"39":{"start":{"line":73,"column":4},"end":{"line":73,"column":25}},"40":{"start":{"line":76,"column":2},"end":{"line":92,"column":3}},"41":{"start":{"line":77,"column":20},"end":{"line":77,"column":40}},"42":{"start":{"line":78,"column":20},"end":{"line":78,"column":40}},"43":{"start":{"line":79,"column":20},"end":{"line":79,"column":40}},"44":{"start":{"line":81,"column":4},"end":{"line":81,"column":72}},"45":{"start":{"line":81,"column":60},"end":{"line":81,"column":72}},"46":{"start":{"line":83,"column":18},"end":{"line":83,"column":57}},"47":{"start":{"line":86,"column":21},"end":{"line":86,"column":57}},"48":{"start":{"line":87,"column":4},"end":{"line":89,"column":5}},"49":{"start":{"line":88,"column":6},"end":{"line":88,"column":25}},"50":{"start":{"line":91,"column":4},"end":{"line":91,"column":19}},"51":{"start":{"line":94,"column":2},"end":{"line":94,"column":14}},"52":{"start":{"line":98,"column":21},"end":{"line":98,"column":46}},"53":{"start":{"line":99,"column":14},"end":{"line":99,"column":45}},"54":{"start":{"line":104,"column":2},"end":{"line":116,"column":3}},"55":{"start":{"line":105,"column":4},"end":{"line":105,"column":19}},"56":{"start":{"line":106,"column":4},"end":{"line":106,"column":20}},"57":{"start":{"line":107,"column":9},"end":{"line":116,"column":3}},"58":{"start":{"line":108,"column":4},"end":{"line":108,"column":19}},"59":{"start":{"line":109,"column":4},"end":{"line":109,"column":20}},"60":{"start":{"line":110,"column":9},"end":{"line":116,"column":3}},"61":{"start":{"line":111,"column":4},"end":{"line":111,"column":19}},"62":{"start":{"line":112,"column":4},"end":{"line":112,"column":20}},"63":{"start":{"line":114,"column":4},"end":{"line":114,"column":19}},"64":{"start":{"line":115,"column":4},"end":{"line":115,"column":20}},"65":{"start":{"line":118,"column":2},"end":{"line":118,"column":95}},"66":{"start":{"line":122,"column":2},"end":{"line":122,"column":48}},"67":{"start":{"line":129,"column":25},"end":{"line":129,"column":48}},"68":{"start":{"line":130,"column":21},"end":{"line":130,"column":49}},"69":{"start":{"line":131,"column":31},"end":{"line":131,"column":56}},"70":{"start":{"line":133,"column":2},"end":{"line":133,"column":46}}},"fnMap":{"0":{"name":"toRadians","decl":{"start":{"line":13,"column":16},"end":{"line":13,"column":25}},"loc":{"start":{"line":13,"column":41},"end":{"line":15,"column":1}}},"1":{"name":"toDegrees","decl":{"start":{"line":17,"column":16},"end":{"line":17,"column":25}},"loc":{"start":{"line":17,"column":41},"end":{"line":19,"column":1}}},"2":{"name":"normalizeBearing","decl":{"start":{"line":21,"column":16},"end":{"line":21,"column":32}},"loc":{"start":{"line":21,"column":48},"end":{"line":25,"column":1}}},"3":{"name":"decimalToDMS","decl":{"start":{"line":27,"column":16},"end":{"line":27,"column":28}},"loc":{"start":{"line":27,"column":65},"end":{"line":48,"column":1}}},"4":{"name":"dmsToDecimal","decl":{"start":{"line":50,"column":16},"end":{"line":50,"column":28}},"loc":{"start":{"line":50,"column":37},"end":{"line":56,"column":1}}},"5":{"name":"bearingToString","decl":{"start":{"line":58,"column":16},"end":{"line":58,"column":31}},"loc":{"start":{"line":58,"column":47},"end":{"line":62,"column":1}}},"6":{"name":"parseDMSString","decl":{"start":{"line":64,"column":16},"end":{"line":64,"column":30}},"loc":{"start":{"line":64,"column":44},"end":{"line":95,"column":1}}},"7":{"name":"wcbToQuadrant","decl":{"start":{"line":97,"column":16},"end":{"line":97,"column":29}},"loc":{"start":{"line":97,"column":45},"end":{"line":119,"column":1}}},"8":{"name":"backBearing","decl":{"start":{"line":121,"column":16},"end":{"line":121,"column":27}},"loc":{"start":{"line":121,"column":50},"end":{"line":123,"column":1}}},"9":{"name":"angularMisclosure","decl":{"start":{"line":125,"column":16},"end":{"line":125,"column":33}},"loc":{"start":{"line":125,"column":74},"end":{"line":134,"column":1}}}},"branchMap":{"0":{"loc":{"start":{"line":23,"column":2},"end":{"line":23,"column":40}},"type":"if","locations":[{"start":{"line":23,"column":2},"end":{"line":23,"column":40}},{"start":{},"end":{}}]},"1":{"loc":{"start":{"line":36,"column":2},"end":{"line":40,"column":3}},"type":"if","locations":[{"start":{"line":36,"column":2},"end":{"line":40,"column":3}},{"start":{"line":38,"column":9},"end":{"line":40,"column":3}}]},"2":{"loc":{"start":{"line":37,"column":16},"end":{"line":37,"column":38}},"type":"cond-expr","locations":[{"start":{"line":37,"column":29},"end":{"line":37,"column":32}},{"start":{"line":37,"column":35},"end":{"line":37,"column":38}}]},"3":{"loc":{"start":{"line":39,"column":16},"end":{"line":39,"column":38}},"type":"cond-expr","locations":[{"start":{"line":39,"column":29},"end":{"line":39,"column":32}},{"start":{"line":39,"column":35},"end":{"line":39,"column":38}}]},"4":{"loc":{"start":{"line":52,"column":2},"end":{"line":54,"column":3}},"type":"if","locations":[{"start":{"line":52,"column":2},"end":{"line":54,"column":3}},{"start":{},"end":{}}]},"5":{"loc":{"start":{"line":52,"column":6},"end":{"line":52,"column":52}},"type":"binary-expr","locations":[{"start":{"line":52,"column":6},"end":{"line":52,"column":27}},{"start":{"line":52,"column":31},"end":{"line":52,"column":52}}]},"6":{"loc":{"start":{"line":69,"column":2},"end":{"line":74,"column":3}},"type":"if","locations":[{"start":{"line":69,"column":2},"end":{"line":74,"column":3}},{"start":{},"end":{}}]},"7":{"loc":{"start":{"line":72,"column":4},"end":{"line":72,"column":32}},"type":"if","locations":[{"start":{"line":72,"column":4},"end":{"line":72,"column":32}},{"start":{},"end":{}}]},"8":{"loc":{"start":{"line":76,"column":2},"end":{"line":92,"column":3}},"type":"if","locations":[{"start":{"line":76,"column":2},"end":{"line":92,"column":3}},{"start":{},"end":{}}]},"9":{"loc":{"start":{"line":81,"column":4},"end":{"line":81,"column":72}},"type":"if","locations":[{"start":{"line":81,"column":4},"end":{"line":81,"column":72}},{"start":{},"end":{}}]},"10":{"loc":{"start":{"line":81,"column":8},"end":{"line":81,"column":58}},"type":"binary-expr","locations":[{"start":{"line":81,"column":8},"end":{"line":81,"column":22}},{"start":{"line":81,"column":26},"end":{"line":81,"column":40}},{"start":{"line":81,"column":44},"end":{"line":81,"column":58}}]},"11":{"loc":{"start":{"line":87,"column":4},"end":{"line":89,"column":5}},"type":"if","locations":[{"start":{"line":87,"column":4},"end":{"line":89,"column":5}},{"start":{},"end":{}}]},"12":{"loc":{"start":{"line":87,"column":8},"end":{"line":87,"column":44}},"type":"binary-expr","locations":[{"start":{"line":87,"column":8},"end":{"line":87,"column":24}},{"start":{"line":87,"column":28},"end":{"line":87,"column":44}}]},"13":{"loc":{"start":{"line":104,"column":2},"end":{"line":116,"column":3}},"type":"if","locations":[{"start":{"line":104,"column":2},"end":{"line":116,"column":3}},{"start":{"line":107,"column":9},"end":{"line":116,"column":3}}]},"14":{"loc":{"start":{"line":104,"column":6},"end":{"line":104,"column":40}},"type":"binary-expr","locations":[{"start":{"line":104,"column":6},"end":{"line":104,"column":21}},{"start":{"line":104,"column":25},"end":{"line":104,"column":40}}]},"15":{"loc":{"start":{"line":107,"column":9},"end":{"line":116,"column":3}},"type":"if","locations":[{"start":{"line":107,"column":9},"end":{"line":116,"column":3}},{"start":{"line":110,"column":9},"end":{"line":116,"column":3}}]},"16":{"loc":{"start":{"line":107,"column":13},"end":{"line":107,"column":49}},"type":"binary-expr","locations":[{"start":{"line":107,"column":13},"end":{"line":107,"column":29}},{"start":{"line":107,"column":33},"end":{"line":107,"column":49}}]},"17":{"loc":{"start":{"line":110,"column":9},"end":{"line":116,"column":3}},"type":"if","locations":[{"start":{"line":110,"column":9},"end":{"line":116,"column":3}},{"start":{"line":113,"column":9},"end":{"line":116,"column":3}}]},"18":{"loc":{"start":{"line":110,"column":13},"end":{"line":110,"column":50}},"type":"binary-expr","locations":[{"start":{"line":110,"column":13},"end":{"line":110,"column":30}},{"start":{"line":110,"column":34},"end":{"line":110,"column":50}}]}},"s":{"0":14,"1":14,"2":14,"3":14,"4":14,"5":14,"6":14,"7":14,"8":14,"9":14,"10":142,"11":52,"12":268,"13":268,"14":7,"15":268,"16":197,"17":197,"18":197,"19":197,"20":197,"21":197,"22":197,"23":0,"24":197,"25":197,"26":4,"27":4,"28":0,"29":4,"30":157,"31":157,"32":157,"33":3,"34":3,"35":3,"36":2,"37":2,"38":1,"39":1,"40":1,"41":1,"42":1,"43":1,"44":1,"45":0,"46":1,"47":1,"48":1,"49":0,"50":1,"51":0,"52":38,"53":38,"54":38,"55":12,"56":12,"57":26,"58":16,"59":16,"60":10,"61":6,"62":6,"63":4,"64":4,"65":38,"66":37,"67":3,"68":3,"69":3,"70":3},"f":{"0":142,"1":52,"2":268,"3":197,"4":4,"5":157,"6":3,"7":38,"8":37,"9":3},"b":{"0":[7,261],"1":[0,197],"2":[0,0],"3":[0,197],"4":[0,4],"5":[4,4],"6":[2,1],"7":[1,1],"8":[1,0],"9":[0,1],"10":[1,1,1],"11":[0,1],"12":[1,1],"13":[12,26],"14":[38,38],"15":[16,10],"16":[26,26],"17":[6,4],"18":[10,10]}}
,"/home/claude/geonova/src/lib/engine/area.ts": {"path":"/home/claude/geonova/src/lib/engine/area.ts","statementMap":{"0":{"start":{"line":13,"column":0},"end":{"line":13,"column":16}},"1":{"start":{"line":80,"column":0},"end":{"line":80,"column":16}},"2":{"start":{"line":101,"column":0},"end":{"line":101,"column":16}},"3":{"start":{"line":131,"column":0},"end":{"line":131,"column":16}},"4":{"start":{"line":150,"column":0},"end":{"line":150,"column":16}},"5":{"start":{"line":14,"column":2},"end":{"line":23,"column":3}},"6":{"start":{"line":15,"column":4},"end":{"line":22,"column":6}},"7":{"start":{"line":26,"column":17},"end":{"line":26,"column":28}},"8":{"start":{"line":27,"column":2},"end":{"line":30,"column":3}},"9":{"start":{"line":29,"column":4},"end":{"line":29,"column":27}},"10":{"start":{"line":33,"column":19},"end":{"line":33,"column":20}},"11":{"start":{"line":34,"column":2},"end":{"line":37,"column":3}},"12":{"start":{"line":34,"column":15},"end":{"line":34,"column":16}},"13":{"start":{"line":35,"column":4},"end":{"line":35,"column":61}},"14":{"start":{"line":36,"column":4},"end":{"line":36,"column":61}},"15":{"start":{"line":39,"column":21},"end":{"line":39,"column":35}},"16":{"start":{"line":40,"column":18},"end":{"line":40,"column":38}},"17":{"start":{"line":43,"column":18},"end":{"line":43,"column":19}},"18":{"start":{"line":44,"column":2},"end":{"line":48,"column":3}},"19":{"start":{"line":44,"column":15},"end":{"line":44,"column":16}},"20":{"start":{"line":45,"column":15},"end":{"line":45,"column":56}},"21":{"start":{"line":46,"column":15},"end":{"line":46,"column":58}},"22":{"start":{"line":47,"column":4},"end":{"line":47,"column":46}},"23":{"start":{"line":51,"column":18},"end":{"line":51,"column":19}},"24":{"start":{"line":52,"column":18},"end":{"line":52,"column":19}},"25":{"start":{"line":53,"column":2},"end":{"line":58,"column":3}},"26":{"start":{"line":53,"column":15},"end":{"line":53,"column":16}},"27":{"start":{"line":54,"column":18},"end":{"line":55,"column":62}},"28":{"start":{"line":56,"column":4},"end":{"line":56,"column":69}},"29":{"start":{"line":57,"column":4},"end":{"line":57,"column":71}},"30":{"start":{"line":60,"column":2},"end":{"line":68,"column":3}},"31":{"start":{"line":61,"column":4},"end":{"line":61,"column":45}},"32":{"start":{"line":62,"column":4},"end":{"line":62,"column":45}},"33":{"start":{"line":65,"column":19},"end":{"line":65,"column":38}},"34":{"start":{"line":66,"column":4},"end":{"line":66,"column":78}},"35":{"start":{"line":66,"column":42},"end":{"line":66,"column":57}},"36":{"start":{"line":67,"column":4},"end":{"line":67,"column":79}},"37":{"start":{"line":67,"column":42},"end":{"line":67,"column":58}},"38":{"start":{"line":70,"column":2},"end":{"line":77,"column":4}},"39":{"start":{"line":82,"column":2},"end":{"line":84,"column":3}},"40":{"start":{"line":83,"column":4},"end":{"line":83,"column":132}},"41":{"start":{"line":86,"column":13},"end":{"line":86,"column":78}},"42":{"start":{"line":87,"column":2},"end":{"line":89,"column":3}},"43":{"start":{"line":87,"column":15},"end":{"line":87,"column":16}},"44":{"start":{"line":88,"column":4},"end":{"line":88,"column":36}},"45":{"start":{"line":91,"column":2},"end":{"line":98,"column":4}},"46":{"start":{"line":104,"column":2},"end":{"line":107,"column":3}},"47":{"start":{"line":106,"column":4},"end":{"line":106,"column":48}},"48":{"start":{"line":109,"column":13},"end":{"line":109,"column":59}},"49":{"start":{"line":111,"column":2},"end":{"line":117,"column":3}},"50":{"start":{"line":111,"column":15},"end":{"line":111,"column":16}},"51":{"start":{"line":112,"column":4},"end":{"line":116,"column":5}},"52":{"start":{"line":113,"column":6},"end":{"line":113,"column":31}},"53":{"start":{"line":115,"column":6},"end":{"line":115,"column":31}},"54":{"start":{"line":119,"column":2},"end":{"line":119,"column":31}},"55":{"start":{"line":121,"column":2},"end":{"line":128,"column":4}},"56":{"start":{"line":133,"column":2},"end":{"line":135,"column":3}},"57":{"start":{"line":134,"column":4},"end":{"line":134,"column":133}},"58":{"start":{"line":137,"column":14},"end":{"line":137,"column":50}},"59":{"start":{"line":137,"column":41},"end":{"line":137,"column":46}},"60":{"start":{"line":138,"column":15},"end":{"line":138,"column":29}},"61":{"start":{"line":140,"column":2},"end":{"line":147,"column":4}},"62":{"start":{"line":152,"column":2},"end":{"line":154,"column":3}},"63":{"start":{"line":153,"column":4},"end":{"line":153,"column":137}},"64":{"start":{"line":156,"column":14},"end":{"line":156,"column":50}},"65":{"start":{"line":156,"column":41},"end":{"line":156,"column":46}},"66":{"start":{"line":157,"column":15},"end":{"line":157,"column":59}},"67":{"start":{"line":159,"column":2},"end":{"line":166,"column":4}}},"fnMap":{"0":{"name":"coordinateArea","decl":{"start":{"line":13,"column":16},"end":{"line":13,"column":30}},"loc":{"start":{"line":13,"column":48},"end":{"line":78,"column":1}}},"1":{"name":"(anonymous_1)","decl":{"start":{"line":66,"column":30},"end":{"line":66,"column":31}},"loc":{"start":{"line":66,"column":42},"end":{"line":66,"column":57}}},"2":{"name":"(anonymous_2)","decl":{"start":{"line":67,"column":30},"end":{"line":67,"column":31}},"loc":{"start":{"line":67,"column":42},"end":{"line":67,"column":58}}},"3":{"name":"trapezoidalArea","decl":{"start":{"line":80,"column":16},"end":{"line":80,"column":31}},"loc":{"start":{"line":80,"column":69},"end":{"line":99,"column":1}}},"4":{"name":"simpsonsArea","decl":{"start":{"line":101,"column":16},"end":{"line":101,"column":28}},"loc":{"start":{"line":101,"column":66},"end":{"line":129,"column":1}}},"5":{"name":"midOrdinateArea","decl":{"start":{"line":131,"column":16},"end":{"line":131,"column":31}},"loc":{"start":{"line":131,"column":69},"end":{"line":148,"column":1}}},"6":{"name":"(anonymous_6)","decl":{"start":{"line":137,"column":31},"end":{"line":137,"column":32}},"loc":{"start":{"line":137,"column":41},"end":{"line":137,"column":46}}},"7":{"name":"averageOrdinateArea","decl":{"start":{"line":150,"column":16},"end":{"line":150,"column":35}},"loc":{"start":{"line":150,"column":76},"end":{"line":167,"column":1}}},"8":{"name":"(anonymous_8)","decl":{"start":{"line":156,"column":31},"end":{"line":156,"column":32}},"loc":{"start":{"line":156,"column":41},"end":{"line":156,"column":46}}}},"branchMap":{"0":{"loc":{"start":{"line":14,"column":2},"end":{"line":23,"column":3}},"type":"if","locations":[{"start":{"line":14,"column":2},"end":{"line":23,"column":3}},{"start":{},"end":{}}]},"1":{"loc":{"start":{"line":27,"column":2},"end":{"line":30,"column":3}},"type":"if","locations":[{"start":{"line":27,"column":2},"end":{"line":30,"column":3}},{"start":{},"end":{}}]},"2":{"loc":{"start":{"line":27,"column":6},"end":{"line":28,"column":63}},"type":"binary-expr","locations":[{"start":{"line":27,"column":6},"end":{"line":27,"column":61}},{"start":{"line":28,"column":6},"end":{"line":28,"column":63}}]},"3":{"loc":{"start":{"line":60,"column":2},"end":{"line":68,"column":3}},"type":"if","locations":[{"start":{"line":60,"column":2},"end":{"line":68,"column":3}},{"start":{"line":63,"column":9},"end":{"line":68,"column":3}}]},"4":{"loc":{"start":{"line":82,"column":2},"end":{"line":84,"column":3}},"type":"if","locations":[{"start":{"line":82,"column":2},"end":{"line":84,"column":3}},{"start":{},"end":{}}]},"5":{"loc":{"start":{"line":104,"column":2},"end":{"line":107,"column":3}},"type":"if","locations":[{"start":{"line":104,"column":2},"end":{"line":107,"column":3}},{"start":{},"end":{}}]},"6":{"loc":{"start":{"line":104,"column":6},"end":{"line":104,"column":56}},"type":"binary-expr","locations":[{"start":{"line":104,"column":6},"end":{"line":104,"column":26}},{"start":{"line":104,"column":30},"end":{"line":104,"column":56}}]},"7":{"loc":{"start":{"line":112,"column":4},"end":{"line":116,"column":5}},"type":"if","locations":[{"start":{"line":112,"column":4},"end":{"line":116,"column":5}},{"start":{"line":114,"column":11},"end":{"line":116,"column":5}}]},"8":{"loc":{"start":{"line":133,"column":2},"end":{"line":135,"column":3}},"type":"if","locations":[{"start":{"line":133,"column":2},"end":{"line":135,"column":3}},{"start":{},"end":{}}]},"9":{"loc":{"start":{"line":152,"column":2},"end":{"line":154,"column":3}},"type":"if","locations":[{"start":{"line":152,"column":2},"end":{"line":154,"column":3}},{"start":{},"end":{}}]}},"s":{"0":1,"1":1,"2":1,"3":1,"4":1,"5":6,"6":1,"7":5,"8":5,"9":5,"10":5,"11":5,"12":5,"13":19,"14":19,"15":5,"16":5,"17":5,"18":5,"19":5,"20":19,"21":19,"22":19,"23":5,"24":5,"25":5,"26":5,"27":19,"28":19,"29":19,"30":5,"31":5,"32":5,"33":0,"34":0,"35":0,"36":0,"37":0,"38":5,"39":5,"40":0,"41":5,"42":5,"43":5,"44":9,"45":5,"46":2,"47":0,"48":2,"49":2,"50":2,"51":6,"52":4,"53":2,"54":2,"55":2,"56":0,"57":0,"58":0,"59":0,"60":0,"61":0,"62":0,"63":0,"64":0,"65":0,"66":0,"67":0},"f":{"0":6,"1":0,"2":0,"3":5,"4":2,"5":0,"6":0,"7":0,"8":0},"b":{"0":[1,5],"1":[5,0],"2":[5,3],"3":[5,0],"4":[0,5],"5":[0,2],"6":[2,2],"7":[4,2],"8":[0,0],"9":[0,0]}}
,"/home/claude/geonova/src/lib/engine/chainage.ts": {"path":"/home/claude/geonova/src/lib/engine/chainage.ts","statementMap":{"0":{"start":{"line":11,"column":0},"end":{"line":11,"column":16}},"1":{"start":{"line":33,"column":0},"end":{"line":33,"column":16}},"2":{"start":{"line":1,"column":0},"end":{"line":1,"column":44}},"3":{"start":{"line":17,"column":30},"end":{"line":17,"column":32}},"4":{"start":{"line":18,"column":14},"end":{"line":18,"column":33}},"5":{"start":{"line":19,"column":13},"end":{"line":19,"column":77}},"6":{"start":{"line":21,"column":2},"end":{"line":21,"column":null}},"7":{"start":{"line":23,"column":2},"end":{"line":28,"column":3}},"8":{"start":{"line":24,"column":17},"end":{"line":24,"column":93}},"9":{"start":{"line":25,"column":4},"end":{"line":25,"column":null}},"10":{"start":{"line":26,"column":4},"end":{"line":26,"column":null}},"11":{"start":{"line":27,"column":4},"end":{"line":27,"column":null}},"12":{"start":{"line":30,"column":2},"end":{"line":30,"column":null}},"13":{"start":{"line":37,"column":15},"end":{"line":37,"column":26}},"14":{"start":{"line":38,"column":2},"end":{"line":38,"column":null}},"15":{"start":{"line":38,"column":23},"end":{"line":38,"column":null}},"16":{"start":{"line":39,"column":17},"end":{"line":39,"column":37}},"17":{"start":{"line":41,"column":2},"end":{"line":51,"column":3}},"18":{"start":{"line":41,"column":15},"end":{"line":41,"column":16}},"19":{"start":{"line":42,"column":14},"end":{"line":42,"column":25}},"20":{"start":{"line":43,"column":14},"end":{"line":43,"column":21}},"21":{"start":{"line":44,"column":4},"end":{"line":44,"column":104}},"22":{"start":{"line":44,"column":96},"end":{"line":44,"column":104}},"23":{"start":{"line":45,"column":19},"end":{"line":45,"column":42}},"24":{"start":{"line":46,"column":14},"end":{"line":46,"column":63}},"25":{"start":{"line":47,"column":4},"end":{"line":50,"column":null}},"26":{"start":{"line":53,"column":2},"end":{"line":53,"column":null}}},"fnMap":{"0":{"name":"computeChainageTable","decl":{"start":{"line":11,"column":16},"end":{"line":11,"column":36}},"loc":{"start":{"line":16,"column":1},"end":{"line":31,"column":1}}},"1":{"name":"reverseChainageLinear","decl":{"start":{"line":33,"column":16},"end":{"line":33,"column":37}},"loc":{"start":{"line":36,"column":1},"end":{"line":54,"column":1}}}},"branchMap":{"0":{"loc":{"start":{"line":21,"column":25},"end":{"line":21,"column":51}},"type":"cond-expr","locations":[{"start":{"line":21,"column":40},"end":{"line":21,"column":44}},{"start":{"line":21,"column":44},"end":{"line":21,"column":51}}]},"1":{"loc":{"start":{"line":21,"column":25},"end":{"line":21,"column":44}},"type":"binary-expr","locations":[{"start":{"line":21,"column":25},"end":{"line":21,"column":44}},{"start":{"line":21,"column":40},"end":{"line":21,"column":44}}]},"2":{"loc":{"start":{"line":38,"column":2},"end":{"line":38,"column":null}},"type":"if","locations":[{"start":{"line":38,"column":2},"end":{"line":38,"column":null}},{"start":{},"end":{}}]},"3":{"loc":{"start":{"line":44,"column":4},"end":{"line":44,"column":104}},"type":"if","locations":[{"start":{"line":44,"column":4},"end":{"line":44,"column":104}},{"start":{},"end":{}}]},"4":{"loc":{"start":{"line":44,"column":8},"end":{"line":44,"column":94}},"type":"binary-expr","locations":[{"start":{"line":44,"column":8},"end":{"line":44,"column":49}},{"start":{"line":44,"column":53},"end":{"line":44,"column":94}}]},"5":{"loc":{"start":{"line":46,"column":14},"end":{"line":46,"column":63}},"type":"cond-expr","locations":[{"start":{"line":46,"column":29},"end":{"line":46,"column":59}},{"start":{"line":46,"column":62},"end":{"line":46,"column":63}}]}},"s":{"0":1,"1":1,"2":1,"3":7,"4":7,"5":7,"6":7,"7":7,"8":13,"9":13,"10":13,"11":13,"12":7,"13":3,"14":3,"15":0,"16":3,"17":3,"18":3,"19":3,"20":3,"21":3,"22":1,"23":2,"24":2,"25":2,"26":1},"f":{"0":7,"1":3},"b":{"0":[1,6],"1":[7,7],"2":[0,3],"3":[1,2],"4":[3,3],"5":[2,0]}}
,"/home/claude/geonova/src/lib/engine/cogo.ts": {"path":"/home/claude/geonova/src/lib/engine/cogo.ts","statementMap":{"0":{"start":{"line":15,"column":0},"end":{"line":15,"column":16}},"1":{"start":{"line":55,"column":0},"end":{"line":55,"column":16}},"2":{"start":{"line":90,"column":0},"end":{"line":90,"column":16}},"3":{"start":{"line":146,"column":0},"end":{"line":146,"column":16}},"4":{"start":{"line":164,"column":0},"end":{"line":164,"column":16}},"5":{"start":{"line":12,"column":0},"end":{"line":12,"column":48}},"6":{"start":{"line":13,"column":0},"end":{"line":13,"column":45}},"7":{"start":{"line":23,"column":15},"end":{"line":23,"column":34}},"8":{"start":{"line":24,"column":15},"end":{"line":24,"column":34}},"9":{"start":{"line":26,"column":14},"end":{"line":26,"column":28}},"10":{"start":{"line":27,"column":14},"end":{"line":27,"column":28}},"11":{"start":{"line":28,"column":14},"end":{"line":28,"column":28}},"12":{"start":{"line":29,"column":14},"end":{"line":29,"column":28}},"13":{"start":{"line":31,"column":13},"end":{"line":31,"column":48}},"14":{"start":{"line":32,"column":13},"end":{"line":32,"column":50}},"15":{"start":{"line":34,"column":14},"end":{"line":34,"column":41}},"16":{"start":{"line":35,"column":2},"end":{"line":35,"column":41}},"17":{"start":{"line":35,"column":29},"end":{"line":35,"column":41}},"18":{"start":{"line":40,"column":12},"end":{"line":40,"column":45}},"19":{"start":{"line":41,"column":12},"end":{"line":41,"column":39}},"20":{"start":{"line":43,"column":25},"end":{"line":46,"column":4}},"21":{"start":{"line":48,"column":2},"end":{"line":52,"column":4}},"22":{"start":{"line":62,"column":13},"end":{"line":62,"column":48}},"23":{"start":{"line":63,"column":13},"end":{"line":63,"column":50}},"24":{"start":{"line":64,"column":17},"end":{"line":64,"column":45}},"25":{"start":{"line":67,"column":2},"end":{"line":69,"column":3}},"26":{"start":{"line":68,"column":4},"end":{"line":68,"column":16}},"27":{"start":{"line":71,"column":12},"end":{"line":71,"column":92}},"28":{"start":{"line":72,"column":12},"end":{"line":72,"column":52}},"29":{"start":{"line":74,"column":13},"end":{"line":74,"column":47}},"30":{"start":{"line":75,"column":13},"end":{"line":75,"column":48}},"31":{"start":{"line":77,"column":26},"end":{"line":80,"column":4}},"32":{"start":{"line":82,"column":26},"end":{"line":85,"column":4}},"33":{"start":{"line":87,"column":2},"end":{"line":87,"column":26}},"34":{"start":{"line":103,"column":18},"end":{"line":103,"column":43}},"35":{"start":{"line":104,"column":2},"end":{"line":104,"column":null}},"36":{"start":{"line":104,"column":52},"end":{"line":104,"column":null}},"37":{"start":{"line":107,"column":12},"end":{"line":107,"column":44}},"38":{"start":{"line":108,"column":12},"end":{"line":108,"column":44}},"39":{"start":{"line":109,"column":12},"end":{"line":109,"column":44}},"40":{"start":{"line":111,"column":16},"end":{"line":111,"column":59}},"41":{"start":{"line":111,"column":31},"end":{"line":111,"column":59}},"42":{"start":{"line":113,"column":12},"end":{"line":113,"column":67}},"43":{"start":{"line":114,"column":12},"end":{"line":114,"column":67}},"44":{"start":{"line":115,"column":12},"end":{"line":115,"column":67}},"45":{"start":{"line":121,"column":16},"end":{"line":121,"column":34}},"46":{"start":{"line":122,"column":15},"end":{"line":122,"column":33}},"47":{"start":{"line":123,"column":16},"end":{"line":123,"column":34}},"48":{"start":{"line":125,"column":14},"end":{"line":125,"column":44}},"49":{"start":{"line":125,"column":29},"end":{"line":125,"column":44}},"50":{"start":{"line":127,"column":13},"end":{"line":127,"column":38}},"51":{"start":{"line":128,"column":13},"end":{"line":128,"column":37}},"52":{"start":{"line":129,"column":13},"end":{"line":129,"column":38}},"53":{"start":{"line":131,"column":14},"end":{"line":131,"column":26}},"54":{"start":{"line":132,"column":2},"end":{"line":132,"column":null}},"55":{"start":{"line":132,"column":47},"end":{"line":132,"column":null}},"56":{"start":{"line":134,"column":25},"end":{"line":137,"column":null}},"57":{"start":{"line":139,"column":13},"end":{"line":139,"column":48}},"58":{"start":{"line":140,"column":13},"end":{"line":140,"column":48}},"59":{"start":{"line":141,"column":13},"end":{"line":141,"column":48}},"60":{"start":{"line":143,"column":2},"end":{"line":143,"column":null}},"61":{"start":{"line":151,"column":14},"end":{"line":151,"column":32}},"62":{"start":{"line":152,"column":25},"end":{"line":155,"column":4}},"63":{"start":{"line":157,"column":2},"end":{"line":161,"column":4}},"64":{"start":{"line":169,"column":14},"end":{"line":169,"column":32}},"65":{"start":{"line":170,"column":2},"end":{"line":173,"column":4}}},"fnMap":{"0":{"name":"bearingIntersection","decl":{"start":{"line":15,"column":16},"end":{"line":15,"column":35}},"loc":{"start":{"line":19,"column":18},"end":{"line":53,"column":1}}},"1":{"name":"distanceIntersection","decl":{"start":{"line":55,"column":16},"end":{"line":55,"column":36}},"loc":{"start":{"line":59,"column":19},"end":{"line":88,"column":1}}},"2":{"name":"(anonymous_3)","decl":{"start":{"line":111,"column":16},"end":{"line":111,"column":17}},"loc":{"start":{"line":111,"column":31},"end":{"line":111,"column":59}}},"3":{"name":"(anonymous_4)","decl":{"start":{"line":125,"column":14},"end":{"line":125,"column":15}},"loc":{"start":{"line":125,"column":29},"end":{"line":125,"column":44}}},"4":{"name":"radiation","decl":{"start":{"line":146,"column":16},"end":{"line":146,"column":25}},"loc":{"start":{"line":149,"column":18},"end":{"line":162,"column":1}}},"5":{"name":"offsetPoint","decl":{"start":{"line":164,"column":16},"end":{"line":164,"column":27}},"loc":{"start":{"line":167,"column":16},"end":{"line":174,"column":1}}}},"branchMap":{"0":{"loc":{"start":{"line":35,"column":2},"end":{"line":35,"column":41}},"type":"if","locations":[{"start":{"line":35,"column":2},"end":{"line":35,"column":41}},{"start":{},"end":{}}]},"1":{"loc":{"start":{"line":67,"column":2},"end":{"line":69,"column":3}},"type":"if","locations":[{"start":{"line":67,"column":2},"end":{"line":69,"column":3}},{"start":{},"end":{}}]},"2":{"loc":{"start":{"line":67,"column":6},"end":{"line":67,"column":96}},"type":"binary-expr","locations":[{"start":{"line":67,"column":6},"end":{"line":67,"column":36}},{"start":{"line":67,"column":40},"end":{"line":67,"column":80}},{"start":{"line":67,"column":84},"end":{"line":67,"column":96}}]},"3":{"loc":{"start":{"line":104,"column":2},"end":{"line":104,"column":null}},"type":"if","locations":[{"start":{"line":104,"column":2},"end":{"line":104,"column":null}},{"start":{},"end":{}}]},"4":{"loc":{"start":{"line":104,"column":6},"end":{"line":104,"column":50}},"type":"binary-expr","locations":[{"start":{"line":104,"column":6},"end":{"line":104,"column":18}},{"start":{"line":104,"column":22},"end":{"line":104,"column":34}},{"start":{"line":104,"column":38},"end":{"line":104,"column":50}}]},"5":{"loc":{"start":{"line":132,"column":2},"end":{"line":132,"column":null}},"type":"if","locations":[{"start":{"line":132,"column":2},"end":{"line":132,"column":null}},{"start":{},"end":{}}]},"6":{"loc":{"start":{"line":132,"column":6},"end":{"line":132,"column":45}},"type":"binary-expr","locations":[{"start":{"line":132,"column":6},"end":{"line":132,"column":20}},{"start":{"line":132,"column":24},"end":{"line":132,"column":45}}]}},"s":{"0":1,"1":1,"2":1,"3":1,"4":1,"5":1,"6":1,"7":3,"8":3,"9":3,"10":3,"11":3,"12":3,"13":3,"14":3,"15":3,"16":3,"17":1,"18":2,"19":2,"20":2,"21":2,"22":0,"23":0,"24":0,"25":0,"26":0,"27":0,"28":0,"29":0,"30":0,"31":0,"32":0,"33":0,"34":2,"35":2,"36":0,"37":2,"38":2,"39":2,"40":2,"41":6,"42":2,"43":2,"44":2,"45":2,"46":2,"47":2,"48":2,"49":12,"50":2,"51":2,"52":2,"53":2,"54":2,"55":0,"56":2,"57":2,"58":2,"59":2,"60":2,"61":4,"62":4,"63":4,"64":0,"65":0},"f":{"0":3,"1":0,"2":6,"3":12,"4":4,"5":0},"b":{"0":[1,2],"1":[0,0],"2":[0,0,0],"3":[0,2],"4":[2,2,2],"5":[0,2],"6":[2,2]}}
,"/home/claude/geonova/src/lib/engine/contours.ts": {"path":"/home/claude/geonova/src/lib/engine/contours.ts","statementMap":{"0":{"start":{"line":19,"column":0},"end":{"line":19,"column":16}},"1":{"start":{"line":65,"column":0},"end":{"line":65,"column":16}},"2":{"start":{"line":20,"column":32},"end":{"line":20,"column":34}},"3":{"start":{"line":22,"column":2},"end":{"line":22,"column":null}},"4":{"start":{"line":22,"column":25},"end":{"line":22,"column":null}},"5":{"start":{"line":24,"column":2},"end":{"line":42,"column":3}},"6":{"start":{"line":24,"column":15},"end":{"line":24,"column":16}},"7":{"start":{"line":25,"column":4},"end":{"line":41,"column":5}},"8":{"start":{"line":25,"column":17},"end":{"line":25,"column":22}},"9":{"start":{"line":26,"column":6},"end":{"line":40,"column":7}},"10":{"start":{"line":26,"column":19},"end":{"line":26,"column":24}},"11":{"start":{"line":27,"column":19},"end":{"line":27,"column":28}},"12":{"start":{"line":28,"column":19},"end":{"line":28,"column":28}},"13":{"start":{"line":29,"column":19},"end":{"line":29,"column":28}},"14":{"start":{"line":31,"column":20},"end":{"line":31,"column":88}},"15":{"start":{"line":32,"column":20},"end":{"line":32,"column":88}},"16":{"start":{"line":33,"column":20},"end":{"line":33,"column":88}},"17":{"start":{"line":34,"column":26},"end":{"line":34,"column":41}},"18":{"start":{"line":35,"column":24},"end":{"line":35,"column":47}},"19":{"start":{"line":37,"column":8},"end":{"line":37,"column":47}},"20":{"start":{"line":37,"column":39},"end":{"line":37,"column":47}},"21":{"start":{"line":39,"column":8},"end":{"line":39,"column":null}},"22":{"start":{"line":44,"column":2},"end":{"line":44,"column":null}},"23":{"start":{"line":52,"column":18},"end":{"line":52,"column":54}},"24":{"start":{"line":53,"column":18},"end":{"line":53,"column":54}},"25":{"start":{"line":55,"column":2},"end":{"line":55,"column":null}},"26":{"start":{"line":55,"column":56},"end":{"line":55,"column":null}},"27":{"start":{"line":57,"column":12},"end":{"line":57,"column":72}},"28":{"start":{"line":59,"column":2},"end":{"line":62,"column":null}},"29":{"start":{"line":69,"column":2},"end":{"line":69,"column":null}},"30":{"start":{"line":69,"column":25},"end":{"line":69,"column":null}},"31":{"start":{"line":71,"column":21},"end":{"line":71,"column":49}},"32":{"start":{"line":71,"column":37},"end":{"line":71,"column":48}},"33":{"start":{"line":72,"column":18},"end":{"line":72,"column":41}},"34":{"start":{"line":73,"column":18},"end":{"line":73,"column":41}},"35":{"start":{"line":75,"column":23},"end":{"line":75,"column":63}},"36":{"start":{"line":76,"column":38},"end":{"line":76,"column":40}},"37":{"start":{"line":77,"column":2},"end":{"line":79,"column":3}},"38":{"start":{"line":77,"column":15},"end":{"line":77,"column":27}},"39":{"start":{"line":78,"column":4},"end":{"line":78,"column":null}},"40":{"start":{"line":81,"column":20},"end":{"line":81,"column":39}},"41":{"start":{"line":82,"column":38},"end":{"line":82,"column":40}},"42":{"start":{"line":84,"column":2},"end":{"line":112,"column":3}},"43":{"start":{"line":85,"column":72},"end":{"line":85,"column":74}},"44":{"start":{"line":87,"column":4},"end":{"line":104,"column":5}},"45":{"start":{"line":88,"column":53},"end":{"line":92,"column":null}},"46":{"start":{"line":94,"column":70},"end":{"line":94,"column":72}},"47":{"start":{"line":96,"column":6},"end":{"line":99,"column":7}},"48":{"start":{"line":97,"column":25},"end":{"line":97,"column":59}},"49":{"start":{"line":98,"column":8},"end":{"line":98,"column":null}},"50":{"start":{"line":98,"column":22},"end":{"line":98,"column":null}},"51":{"start":{"line":101,"column":6},"end":{"line":103,"column":7}},"52":{"start":{"line":102,"column":8},"end":{"line":102,"column":null}},"53":{"start":{"line":106,"column":4},"end":{"line":111,"column":5}},"54":{"start":{"line":107,"column":6},"end":{"line":110,"column":null}},"55":{"start":{"line":114,"column":2},"end":{"line":114,"column":null}}},"fnMap":{"0":{"name":"triangulate","decl":{"start":{"line":19,"column":16},"end":{"line":19,"column":27}},"loc":{"start":{"line":19,"column":48},"end":{"line":45,"column":1}}},"1":{"name":"interpolateEdge","decl":{"start":{"line":47,"column":9},"end":{"line":47,"column":24}},"loc":{"start":{"line":50,"column":21},"end":{"line":63,"column":1}}},"2":{"name":"generateContours","decl":{"start":{"line":65,"column":16},"end":{"line":65,"column":32}},"loc":{"start":{"line":67,"column":18},"end":{"line":115,"column":1}}},"3":{"name":"(anonymous_3)","decl":{"start":{"line":71,"column":32},"end":{"line":71,"column":33}},"loc":{"start":{"line":71,"column":37},"end":{"line":71,"column":48}}}},"branchMap":{"0":{"loc":{"start":{"line":22,"column":2},"end":{"line":22,"column":null}},"type":"if","locations":[{"start":{"line":22,"column":2},"end":{"line":22,"column":null}},{"start":{},"end":{}}]},"1":{"loc":{"start":{"line":37,"column":8},"end":{"line":37,"column":47}},"type":"if","locations":[{"start":{"line":37,"column":8},"end":{"line":37,"column":47}},{"start":{},"end":{}}]},"2":{"loc":{"start":{"line":55,"column":2},"end":{"line":55,"column":null}},"type":"if","locations":[{"start":{"line":55,"column":2},"end":{"line":55,"column":null}},{"start":{},"end":{}}]},"3":{"loc":{"start":{"line":55,"column":6},"end":{"line":55,"column":54}},"type":"binary-expr","locations":[{"start":{"line":55,"column":6},"end":{"line":55,"column":28}},{"start":{"line":55,"column":32},"end":{"line":55,"column":54}}]},"4":{"loc":{"start":{"line":69,"column":2},"end":{"line":69,"column":null}},"type":"if","locations":[{"start":{"line":69,"column":2},"end":{"line":69,"column":null}},{"start":{},"end":{}}]},"5":{"loc":{"start":{"line":98,"column":8},"end":{"line":98,"column":null}},"type":"if","locations":[{"start":{"line":98,"column":8},"end":{"line":98,"column":null}},{"start":{},"end":{}}]},"6":{"loc":{"start":{"line":101,"column":6},"end":{"line":103,"column":7}},"type":"if","locations":[{"start":{"line":101,"column":6},"end":{"line":103,"column":7}},{"start":{},"end":{}}]},"7":{"loc":{"start":{"line":106,"column":4},"end":{"line":111,"column":5}},"type":"if","locations":[{"start":{"line":106,"column":4},"end":{"line":111,"column":5}},{"start":{},"end":{}}]}},"s":{"0":1,"1":1,"2":7,"3":7,"4":1,"5":6,"6":6,"7":18,"8":18,"9":36,"10":36,"11":60,"12":60,"13":60,"14":60,"15":60,"16":60,"17":60,"18":60,"19":60,"20":0,"21":60,"22":6,"23":510,"24":510,"25":510,"26":402,"27":108,"28":108,"29":5,"30":1,"31":4,"32":20,"33":4,"34":4,"35":4,"36":4,"37":4,"38":4,"39":17,"40":4,"41":4,"42":4,"43":17,"44":17,"45":170,"46":170,"47":170,"48":510,"49":510,"50":108,"51":170,"52":36,"53":17,"54":11,"55":4},"f":{"0":7,"1":510,"2":5,"3":20},"b":{"0":[1,6],"1":[0,60],"2":[402,108],"3":[510,309],"4":[1,4],"5":[108,402],"6":[36,134],"7":[11,6]}}
,"/home/claude/geonova/src/lib/engine/coordinates.ts": {"path":"/home/claude/geonova/src/lib/engine/coordinates.ts","statementMap":{"0":{"start":{"line":28,"column":0},"end":{"line":28,"column":16}},"1":{"start":{"line":134,"column":0},"end":{"line":134,"column":16}},"2":{"start":{"line":190,"column":0},"end":{"line":190,"column":16}},"3":{"start":{"line":12,"column":0},"end":{"line":12,"column":40}},"4":{"start":{"line":13,"column":0},"end":{"line":13,"column":50}},"5":{"start":{"line":16,"column":16},"end":{"line":16,"column":25}},"6":{"start":{"line":17,"column":16},"end":{"line":17,"column":33}},"7":{"start":{"line":18,"column":17},"end":{"line":18,"column":48}},"8":{"start":{"line":19,"column":18},"end":{"line":19,"column":43}},"9":{"start":{"line":22,"column":10},"end":{"line":22,"column":13}},"10":{"start":{"line":23,"column":2},"end":{"line":23,"column":null}},"11":{"start":{"line":23,"column":19},"end":{"line":23,"column":null}},"12":{"start":{"line":24,"column":2},"end":{"line":24,"column":null}},"13":{"start":{"line":24,"column":19},"end":{"line":24,"column":null}},"14":{"start":{"line":25,"column":2},"end":{"line":25,"column":null}},"15":{"start":{"line":29,"column":24},"end":{"line":29,"column":50}},"16":{"start":{"line":31,"column":17},"end":{"line":31,"column":38}},"17":{"start":{"line":32,"column":17},"end":{"line":32,"column":48}},"18":{"start":{"line":34,"column":23},"end":{"line":34,"column":76}},"19":{"start":{"line":35,"column":20},"end":{"line":35,"column":52}},"20":{"start":{"line":36,"column":23},"end":{"line":36,"column":50}},"21":{"start":{"line":38,"column":13},"end":{"line":38,"column":19}},"22":{"start":{"line":40,"column":17},"end":{"line":40,"column":33}},"23":{"start":{"line":41,"column":17},"end":{"line":41,"column":33}},"24":{"start":{"line":42,"column":17},"end":{"line":42,"column":33}},"25":{"start":{"line":44,"column":12},"end":{"line":44,"column":63}},"26":{"start":{"line":45,"column":12},"end":{"line":45,"column":27}},"27":{"start":{"line":46,"column":12},"end":{"line":46,"column":39}},"28":{"start":{"line":47,"column":12},"end":{"line":47,"column":44}},"29":{"start":{"line":49,"column":13},"end":{"line":49,"column":32}},"30":{"start":{"line":50,"column":13},"end":{"line":50,"column":26}},"31":{"start":{"line":53,"column":4},"end":{"line":57,"column":48}},"32":{"start":{"line":60,"column":4},"end":{"line":65,"column":10}},"33":{"start":{"line":68,"column":4},"end":{"line":74,"column":86}},"34":{"start":{"line":76,"column":32},"end":{"line":76,"column":52}},"35":{"start":{"line":77,"column":2},"end":{"line":77,"column":47}},"36":{"start":{"line":77,"column":26},"end":{"line":77,"column":47}},"37":{"start":{"line":79,"column":2},"end":{"line":79,"column":63}},"38":{"start":{"line":83,"column":13},"end":{"line":83,"column":19}},"39":{"start":{"line":84,"column":13},"end":{"line":84,"column":74}},"40":{"start":{"line":86,"column":10},"end":{"line":86,"column":18}},"41":{"start":{"line":87,"column":2},"end":{"line":87,"column":40}},"42":{"start":{"line":87,"column":26},"end":{"line":87,"column":40}},"43":{"start":{"line":89,"column":12},"end":{"line":89,"column":28}},"44":{"start":{"line":91,"column":20},"end":{"line":91,"column":44}},"45":{"start":{"line":92,"column":23},"end":{"line":92,"column":50}},"46":{"start":{"line":94,"column":13},"end":{"line":94,"column":32}},"47":{"start":{"line":95,"column":13},"end":{"line":95,"column":26}},"48":{"start":{"line":97,"column":12},"end":{"line":97,"column":18}},"49":{"start":{"line":98,"column":13},"end":{"line":98,"column":80}},"50":{"start":{"line":101,"column":4},"end":{"line":105,"column":53}},"51":{"start":{"line":107,"column":15},"end":{"line":107,"column":29}},"52":{"start":{"line":108,"column":15},"end":{"line":108,"column":29}},"53":{"start":{"line":109,"column":15},"end":{"line":109,"column":29}},"54":{"start":{"line":111,"column":13},"end":{"line":111,"column":60}},"55":{"start":{"line":112,"column":13},"end":{"line":112,"column":24}},"56":{"start":{"line":113,"column":13},"end":{"line":113,"column":36}},"57":{"start":{"line":114,"column":13},"end":{"line":114,"column":83}},"58":{"start":{"line":115,"column":12},"end":{"line":115,"column":25}},"59":{"start":{"line":118,"column":4},"end":{"line":122,"column":104}},"60":{"start":{"line":125,"column":4},"end":{"line":129,"column":10}},"61":{"start":{"line":131,"column":2},"end":{"line":131,"column":68}},"62":{"start":{"line":135,"column":18},"end":{"line":135,"column":76}},"63":{"start":{"line":139,"column":12},"end":{"line":139,"column":23}},"64":{"start":{"line":140,"column":12},"end":{"line":140,"column":23}},"65":{"start":{"line":142,"column":24},"end":{"line":142,"column":25}},"66":{"start":{"line":143,"column":23},"end":{"line":143,"column":29}},"67":{"start":{"line":145,"column":2},"end":{"line":185,"column":3}},"68":{"start":{"line":145,"column":23},"end":{"line":145,"column":24}},"69":{"start":{"line":146,"column":22},"end":{"line":146,"column":53}},"70":{"start":{"line":147,"column":15},"end":{"line":147,"column":42}},"71":{"start":{"line":148,"column":15},"end":{"line":148,"column":44}},"72":{"start":{"line":150,"column":4},"end":{"line":150,"column":49}},"73":{"start":{"line":150,"column":44},"end":{"line":150,"column":49}},"74":{"start":{"line":153,"column":21},"end":{"line":153,"column":25}},"75":{"start":{"line":155,"column":29},"end":{"line":155,"column":71}},"76":{"start":{"line":156,"column":30},"end":{"line":156,"column":72}},"77":{"start":{"line":158,"column":29},"end":{"line":158,"column":71}},"78":{"start":{"line":159,"column":30},"end":{"line":159,"column":72}},"79":{"start":{"line":161,"column":19},"end":{"line":161,"column":90}},"80":{"start":{"line":162,"column":19},"end":{"line":162,"column":92}},"81":{"start":{"line":164,"column":19},"end":{"line":164,"column":90}},"82":{"start":{"line":165,"column":19},"end":{"line":165,"column":92}},"83":{"start":{"line":167,"column":16},"end":{"line":167,"column":49}},"84":{"start":{"line":169,"column":4},"end":{"line":172,"column":5}},"85":{"start":{"line":171,"column":6},"end":{"line":171,"column":null}},"86":{"start":{"line":175,"column":17},"end":{"line":175,"column":50}},"87":{"start":{"line":176,"column":17},"end":{"line":176,"column":50}},"88":{"start":{"line":178,"column":4},"end":{"line":178,"column":null}},"89":{"start":{"line":179,"column":4},"end":{"line":179,"column":null}},"90":{"start":{"line":181,"column":4},"end":{"line":181,"column":null}},"91":{"start":{"line":181,"column":39},"end":{"line":181,"column":null}},"92":{"start":{"line":182,"column":4},"end":{"line":182,"column":null}},"93":{"start":{"line":182,"column":39},"end":{"line":182,"column":null}},"94":{"start":{"line":184,"column":4},"end":{"line":184,"column":null}},"95":{"start":{"line":187,"column":2},"end":{"line":187,"column":null}},"96":{"start":{"line":191,"column":17},"end":{"line":191,"column":40}},"97":{"start":{"line":192,"column":17},"end":{"line":192,"column":41}},"98":{"start":{"line":193,"column":2},"end":{"line":193,"column":188}}},"fnMap":{"0":{"name":"normalizeLongitudeDeg","decl":{"start":{"line":21,"column":9},"end":{"line":21,"column":30}},"loc":{"start":{"line":21,"column":42},"end":{"line":26,"column":1}}},"1":{"name":"geographicToUTM","decl":{"start":{"line":28,"column":16},"end":{"line":28,"column":31}},"loc":{"start":{"line":28,"column":71},"end":{"line":80,"column":1}}},"2":{"name":"utmToGeographicApprox","decl":{"start":{"line":82,"column":9},"end":{"line":82,"column":30}},"loc":{"start":{"line":82,"column":101},"end":{"line":132,"column":1}}},"3":{"name":"utmToGeographic","decl":{"start":{"line":134,"column":16},"end":{"line":134,"column":31}},"loc":{"start":{"line":134,"column":102},"end":{"line":188,"column":1}}},"4":{"name":"latLonToString","decl":{"start":{"line":190,"column":16},"end":{"line":190,"column":30}},"loc":{"start":{"line":190,"column":55},"end":{"line":194,"column":1}}}},"branchMap":{"0":{"loc":{"start":{"line":34,"column":23},"end":{"line":34,"column":76}},"type":"cond-expr","locations":[{"start":{"line":34,"column":23},"end":{"line":34,"column":27}},{"start":{"line":34,"column":31},"end":{"line":34,"column":76}}]},"1":{"loc":{"start":{"line":34,"column":23},"end":{"line":34,"column":31}},"type":"binary-expr","locations":[{"start":{"line":34,"column":23},"end":{"line":34,"column":31}},{"start":{"line":34,"column":23},"end":{"line":34,"column":31}}]},"2":{"loc":{"start":{"line":76,"column":32},"end":{"line":76,"column":52}},"type":"cond-expr","locations":[{"start":{"line":76,"column":43},"end":{"line":76,"column":46}},{"start":{"line":76,"column":49},"end":{"line":76,"column":52}}]},"3":{"loc":{"start":{"line":77,"column":2},"end":{"line":77,"column":47}},"type":"if","locations":[{"start":{"line":77,"column":2},"end":{"line":77,"column":47}},{"start":{},"end":{}}]},"4":{"loc":{"start":{"line":87,"column":2},"end":{"line":87,"column":40}},"type":"if","locations":[{"start":{"line":87,"column":2},"end":{"line":87,"column":40}},{"start":{},"end":{}}]},"5":{"loc":{"start":{"line":150,"column":4},"end":{"line":150,"column":49}},"type":"if","locations":[{"start":{"line":150,"column":4},"end":{"line":150,"column":49}},{"start":{},"end":{}}]},"6":{"loc":{"start":{"line":169,"column":4},"end":{"line":172,"column":5}},"type":"if","locations":[{"start":{"line":169,"column":4},"end":{"line":172,"column":5}},{"start":{},"end":{}}]},"7":{"loc":{"start":{"line":169,"column":8},"end":{"line":169,"column":54}},"type":"binary-expr","locations":[{"start":{"line":169,"column":8},"end":{"line":169,"column":29}},{"start":{"line":169,"column":33},"end":{"line":169,"column":54}}]},"8":{"loc":{"start":{"line":181,"column":4},"end":{"line":181,"column":null}},"type":"if","locations":[{"start":{"line":181,"column":4},"end":{"line":181,"column":null}},{"start":{},"end":{}}]},"9":{"loc":{"start":{"line":181,"column":8},"end":{"line":181,"column":37}},"type":"binary-expr","locations":[{"start":{"line":181,"column":8},"end":{"line":181,"column":26}},{"start":{"line":181,"column":30},"end":{"line":181,"column":37}}]},"10":{"loc":{"start":{"line":182,"column":4},"end":{"line":182,"column":null}},"type":"if","locations":[{"start":{"line":182,"column":4},"end":{"line":182,"column":null}},{"start":{},"end":{}}]},"11":{"loc":{"start":{"line":182,"column":8},"end":{"line":182,"column":37}},"type":"binary-expr","locations":[{"start":{"line":182,"column":8},"end":{"line":182,"column":26}},{"start":{"line":182,"column":30},"end":{"line":182,"column":37}}]}},"s":{"0":1,"1":1,"2":1,"3":1,"4":1,"5":1,"6":1,"7":1,"8":1,"9":13,"10":13,"11":0,"12":13,"13":0,"14":13,"15":13,"16":13,"17":13,"18":13,"19":13,"20":13,"21":13,"22":13,"23":13,"24":13,"25":13,"26":13,"27":13,"28":13,"29":13,"30":13,"31":13,"32":13,"33":13,"34":13,"35":13,"36":6,"37":13,"38":4,"39":4,"40":4,"41":4,"42":2,"43":4,"44":4,"45":4,"46":4,"47":4,"48":4,"49":4,"50":4,"51":4,"52":4,"53":4,"54":4,"55":4,"56":4,"57":4,"58":4,"59":4,"60":4,"61":4,"62":4,"63":4,"64":4,"65":4,"66":4,"67":4,"68":4,"69":4,"70":4,"71":4,"72":4,"73":4,"74":0,"75":0,"76":0,"77":0,"78":0,"79":0,"80":0,"81":0,"82":0,"83":0,"84":0,"85":0,"86":0,"87":0,"88":0,"89":0,"90":0,"91":0,"92":0,"93":0,"94":0,"95":4,"96":0,"97":0,"98":0},"f":{"0":13,"1":13,"2":4,"3":4,"4":0},"b":{"0":[4,9],"1":[13,13],"2":[7,6],"3":[6,7],"4":[2,2],"5":[4,0],"6":[0,0],"7":[0,0],"8":[0,0],"9":[0,0],"10":[0,0],"11":[0,0]}}
,"/home/claude/geonova/src/lib/engine/curves.ts": {"path":"/home/claude/geonova/src/lib/engine/curves.ts","statementMap":{"0":{"start":{"line":14,"column":0},"end":{"line":14,"column":16}},"1":{"start":{"line":52,"column":0},"end":{"line":52,"column":16}},"2":{"start":{"line":99,"column":0},"end":{"line":99,"column":16}},"3":{"start":{"line":168,"column":0},"end":{"line":168,"column":16}},"4":{"start":{"line":213,"column":0},"end":{"line":213,"column":16}},"5":{"start":{"line":12,"column":0},"end":{"line":12,"column":65}},"6":{"start":{"line":19,"column":16},"end":{"line":19,"column":42}},"7":{"start":{"line":20,"column":20},"end":{"line":20,"column":29}},"8":{"start":{"line":23,"column":12},"end":{"line":23,"column":40}},"9":{"start":{"line":26,"column":12},"end":{"line":26,"column":26}},"10":{"start":{"line":29,"column":12},"end":{"line":29,"column":44}},"11":{"start":{"line":32,"column":12},"end":{"line":32,"column":50}},"12":{"start":{"line":35,"column":12},"end":{"line":35,"column":46}},"13":{"start":{"line":38,"column":12},"end":{"line":38,"column":29}},"14":{"start":{"line":40,"column":2},"end":{"line":49,"column":4}},"15":{"start":{"line":59,"column":19},"end":{"line":59,"column":57}},"16":{"start":{"line":60,"column":16},"end":{"line":60,"column":42}},"17":{"start":{"line":63,"column":21},"end":{"line":63,"column":56}},"18":{"start":{"line":64,"column":21},"end":{"line":64,"column":52}},"19":{"start":{"line":66,"column":39},"end":{"line":66,"column":41}},"20":{"start":{"line":69,"column":20},"end":{"line":69,"column":61}},"21":{"start":{"line":71,"column":2},"end":{"line":88,"column":3}},"22":{"start":{"line":71,"column":15},"end":{"line":71,"column":16}},"23":{"start":{"line":72,"column":22},"end":{"line":72,"column":64}},"24":{"start":{"line":73,"column":21},"end":{"line":73,"column":43}},"25":{"start":{"line":76,"column":30},"end":{"line":76,"column":80}},"26":{"start":{"line":77,"column":28},"end":{"line":77,"column":49}},"27":{"start":{"line":80,"column":24},"end":{"line":80,"column":79}},"28":{"start":{"line":82,"column":4},"end":{"line":87,"column":7}},"29":{"start":{"line":90,"column":2},"end":{"line":96,"column":4}},"30":{"start":{"line":109,"column":20},"end":{"line":109,"column":49}},"31":{"start":{"line":110,"column":76},"end":{"line":110,"column":78}},"32":{"start":{"line":112,"column":20},"end":{"line":112,"column":54}},"33":{"start":{"line":114,"column":2},"end":{"line":129,"column":3}},"34":{"start":{"line":114,"column":15},"end":{"line":114,"column":16}},"35":{"start":{"line":115,"column":14},"end":{"line":115,"column":26}},"36":{"start":{"line":116,"column":21},"end":{"line":116,"column":22}},"37":{"start":{"line":119,"column":14},"end":{"line":119,"column":53}},"38":{"start":{"line":122,"column":15},"end":{"line":122,"column":54}},"39":{"start":{"line":124,"column":4},"end":{"line":128,"column":7}},"40":{"start":{"line":132,"column":2},"end":{"line":144,"column":3}},"41":{"start":{"line":133,"column":25},"end":{"line":133,"column":66}},"42":{"start":{"line":134,"column":4},"end":{"line":143,"column":5}},"43":{"start":{"line":136,"column":20},"end":{"line":136,"column":81}},"44":{"start":{"line":137,"column":21},"end":{"line":137,"column":75}},"45":{"start":{"line":138,"column":6},"end":{"line":142,"column":9}},"46":{"start":{"line":146,"column":2},"end":{"line":146,"column":57}},"47":{"start":{"line":146,"column":32},"end":{"line":146,"column":55}},"48":{"start":{"line":175,"column":16},"end":{"line":175,"column":47}},"49":{"start":{"line":175,"column":33},"end":{"line":175,"column":47}},"50":{"start":{"line":177,"column":13},"end":{"line":177,"column":60}},"51":{"start":{"line":178,"column":13},"end":{"line":178,"column":60}},"52":{"start":{"line":179,"column":13},"end":{"line":179,"column":46}},"53":{"start":{"line":180,"column":13},"end":{"line":180,"column":46}},"54":{"start":{"line":182,"column":17},"end":{"line":182,"column":39}},"55":{"start":{"line":183,"column":18},"end":{"line":183,"column":29}},"56":{"start":{"line":184,"column":18},"end":{"line":184,"column":29}},"57":{"start":{"line":186,"column":2},"end":{"line":199,"column":null}},"58":{"start":{"line":214,"column":15},"end":{"line":214,"column":34}},"59":{"start":{"line":215,"column":24},"end":{"line":215,"column":81}},"60":{"start":{"line":216,"column":22},"end":{"line":216,"column":61}},"61":{"start":{"line":217,"column":2},"end":{"line":217,"column":49}}},"fnMap":{"0":{"name":"curveElements","decl":{"start":{"line":14,"column":16},"end":{"line":14,"column":29}},"loc":{"start":{"line":17,"column":22},"end":{"line":50,"column":1}}},"1":{"name":"curveStakeout","decl":{"start":{"line":52,"column":16},"end":{"line":52,"column":29}},"loc":{"start":{"line":57,"column":23},"end":{"line":97,"column":1}}},"2":{"name":"verticalCurve","decl":{"start":{"line":99,"column":16},"end":{"line":99,"column":29}},"loc":{"start":{"line":104,"column":23},"end":{"line":147,"column":1}}},"3":{"name":"(anonymous_3)","decl":{"start":{"line":146,"column":22},"end":{"line":146,"column":23}},"loc":{"start":{"line":146,"column":32},"end":{"line":146,"column":55}}},"4":{"name":"compoundCurveElements","decl":{"start":{"line":168,"column":16},"end":{"line":168,"column":37}},"loc":{"start":{"line":174,"column":1},"end":{"line":200,"column":1}}},"5":{"name":"(anonymous_5)","decl":{"start":{"line":175,"column":16},"end":{"line":175,"column":17}},"loc":{"start":{"line":175,"column":33},"end":{"line":175,"column":47}}},"6":{"name":"reverseCurveApprox","decl":{"start":{"line":213,"column":16},"end":{"line":213,"column":34}},"loc":{"start":{"line":213,"column":80},"end":{"line":218,"column":1}}}},"branchMap":{"0":{"loc":{"start":{"line":57,"column":2},"end":{"line":57,"column":23}},"type":"default-arg","locations":[{"start":{"line":57,"column":21},"end":{"line":57,"column":23}}]},"1":{"loc":{"start":{"line":104,"column":2},"end":{"line":104,"column":23}},"type":"default-arg","locations":[{"start":{"line":104,"column":21},"end":{"line":104,"column":23}}]},"2":{"loc":{"start":{"line":132,"column":2},"end":{"line":144,"column":3}},"type":"if","locations":[{"start":{"line":132,"column":2},"end":{"line":144,"column":3}},{"start":{},"end":{}}]},"3":{"loc":{"start":{"line":134,"column":4},"end":{"line":143,"column":5}},"type":"if","locations":[{"start":{"line":134,"column":4},"end":{"line":143,"column":5}},{"start":{},"end":{}}]},"4":{"loc":{"start":{"line":134,"column":8},"end":{"line":134,"column":54}},"type":"binary-expr","locations":[{"start":{"line":134,"column":8},"end":{"line":134,"column":24}},{"start":{"line":134,"column":28},"end":{"line":134,"column":54}}]}},"s":{"0":2,"1":2,"2":2,"3":2,"4":2,"5":2,"6":7,"7":7,"8":7,"9":7,"10":7,"11":7,"12":7,"13":7,"14":7,"15":2,"16":2,"17":2,"18":2,"19":2,"20":2,"21":2,"22":2,"23":22,"24":22,"25":22,"26":22,"27":22,"28":22,"29":2,"30":3,"31":3,"32":3,"33":3,"34":3,"35":33,"36":33,"37":33,"38":33,"39":33,"40":3,"41":3,"42":3,"43":0,"44":0,"45":0,"46":3,"47":30,"48":1,"49":4,"50":1,"51":1,"52":1,"53":1,"54":1,"55":1,"56":1,"57":1,"58":2,"59":2,"60":2,"61":2},"f":{"0":7,"1":2,"2":3,"3":30,"4":1,"5":4,"6":2},"b":{"0":[0],"1":[0],"2":[3,0],"3":[0,3],"4":[3,0]}}
,"/home/claude/geonova/src/lib/engine/datums.ts": {"path":"/home/claude/geonova/src/lib/engine/datums.ts","statementMap":{"0":{"start":{"line":75,"column":0},"end":{"line":75,"column":16}},"1":{"start":{"line":79,"column":0},"end":{"line":79,"column":16}},"2":{"start":{"line":85,"column":0},"end":{"line":85,"column":16}},"3":{"start":{"line":89,"column":0},"end":{"line":89,"column":16}},"4":{"start":{"line":93,"column":0},"end":{"line":93,"column":16}},"5":{"start":{"line":22,"column":13},"end":{"line":73,"column":null}},"6":{"start":{"line":76,"column":2},"end":{"line":76,"column":null}},"7":{"start":{"line":80,"column":2},"end":{"line":82,"column":null}},"8":{"start":{"line":81,"column":4},"end":{"line":81,"column":33}},"9":{"start":{"line":86,"column":2},"end":{"line":86,"column":null}},"10":{"start":{"line":90,"column":2},"end":{"line":90,"column":null}},"11":{"start":{"line":100,"column":2},"end":{"line":100,"column":null}},"12":{"start":{"line":101,"column":2},"end":{"line":101,"column":null}}},"fnMap":{"0":{"name":"getAvailableDatums","decl":{"start":{"line":75,"column":16},"end":{"line":75,"column":34}},"loc":{"start":{"line":75,"column":34},"end":{"line":77,"column":1}}},"1":{"name":"getDatumByCountry","decl":{"start":{"line":79,"column":16},"end":{"line":79,"column":33}},"loc":{"start":{"line":79,"column":49},"end":{"line":83,"column":1}}},"2":{"name":"(anonymous_2)","decl":{"start":{"line":80,"column":46},"end":{"line":80,"column":47}},"loc":{"start":{"line":81,"column":4},"end":{"line":81,"column":33}}},"3":{"name":"getDatumNames","decl":{"start":{"line":85,"column":16},"end":{"line":85,"column":29}},"loc":{"start":{"line":85,"column":29},"end":{"line":87,"column":1}}},"4":{"name":"getDatumByName","decl":{"start":{"line":89,"column":16},"end":{"line":89,"column":30}},"loc":{"start":{"line":89,"column":43},"end":{"line":91,"column":1}}},"5":{"name":"transformToWGS84","decl":{"start":{"line":93,"column":16},"end":{"line":93,"column":32}},"loc":{"start":{"line":98,"column":30},"end":{"line":102,"column":1}}}},"branchMap":{},"s":{"0":1,"1":1,"2":1,"3":1,"4":1,"5":1,"6":2,"7":3,"8":15,"9":2,"10":2,"11":1,"12":1},"f":{"0":2,"1":3,"2":15,"3":2,"4":2,"5":1},"b":{}}
,"/home/claude/geonova/src/lib/engine/distance.ts": {"path":"/home/claude/geonova/src/lib/engine/distance.ts","statementMap":{"0":{"start":{"line":16,"column":0},"end":{"line":16,"column":16}},"1":{"start":{"line":41,"column":0},"end":{"line":41,"column":16}},"2":{"start":{"line":49,"column":0},"end":{"line":49,"column":16}},"3":{"start":{"line":57,"column":0},"end":{"line":57,"column":16}},"4":{"start":{"line":65,"column":0},"end":{"line":65,"column":16}},"5":{"start":{"line":79,"column":0},"end":{"line":79,"column":16}},"6":{"start":{"line":12,"column":0},"end":{"line":12,"column":111}},"7":{"start":{"line":14,"column":0},"end":{"line":14,"column":9}},"8":{"start":{"line":14,"column":9},"end":{"line":14,"column":39}},"9":{"start":{"line":20,"column":17},"end":{"line":20,"column":42}},"10":{"start":{"line":21,"column":17},"end":{"line":21,"column":44}},"11":{"start":{"line":23,"column":19},"end":{"line":23,"column":63}},"12":{"start":{"line":24,"column":16},"end":{"line":24,"column":53}},"13":{"start":{"line":25,"column":2},"end":{"line":25,"column":38}},"14":{"start":{"line":27,"column":15},"end":{"line":27,"column":35}},"15":{"start":{"line":29,"column":2},"end":{"line":38,"column":4}},"16":{"start":{"line":45,"column":14},"end":{"line":45,"column":38}},"17":{"start":{"line":46,"column":2},"end":{"line":46,"column":44}},"18":{"start":{"line":53,"column":14},"end":{"line":53,"column":38}},"19":{"start":{"line":54,"column":2},"end":{"line":54,"column":39}},"20":{"start":{"line":61,"column":14},"end":{"line":61,"column":38}},"21":{"start":{"line":62,"column":2},"end":{"line":62,"column":39}},"22":{"start":{"line":69,"column":2},"end":{"line":71,"column":3}},"23":{"start":{"line":70,"column":4},"end":{"line":70,"column":41}},"24":{"start":{"line":73,"column":21},"end":{"line":73,"column":66}},"25":{"start":{"line":74,"column":18},"end":{"line":74,"column":77}},"26":{"start":{"line":76,"column":2},"end":{"line":76,"column":33}},"27":{"start":{"line":84,"column":14},"end":{"line":84,"column":32}},"28":{"start":{"line":85,"column":2},"end":{"line":88,"column":4}}},"fnMap":{"0":{"name":"(anonymous_0)","decl":{"start":{"line":14,"column":9},"end":{"line":14,"column":20}},"loc":{"start":{"line":14,"column":9},"end":{"line":14,"column":39}}},"1":{"name":"distanceBearing","decl":{"start":{"line":16,"column":16},"end":{"line":16,"column":31}},"loc":{"start":{"line":18,"column":13},"end":{"line":39,"column":1}}},"2":{"name":"slopeDistance","decl":{"start":{"line":41,"column":16},"end":{"line":41,"column":29}},"loc":{"start":{"line":43,"column":23},"end":{"line":47,"column":1}}},"3":{"name":"horizontalDistance","decl":{"start":{"line":49,"column":16},"end":{"line":49,"column":34}},"loc":{"start":{"line":51,"column":23},"end":{"line":55,"column":1}}},"4":{"name":"verticalDistance","decl":{"start":{"line":57,"column":16},"end":{"line":57,"column":32}},"loc":{"start":{"line":59,"column":23},"end":{"line":63,"column":1}}},"5":{"name":"gradient","decl":{"start":{"line":65,"column":16},"end":{"line":65,"column":24}},"loc":{"start":{"line":67,"column":28},"end":{"line":77,"column":1}}},"6":{"name":"polarPoint","decl":{"start":{"line":79,"column":16},"end":{"line":79,"column":26}},"loc":{"start":{"line":82,"column":18},"end":{"line":89,"column":1}}}},"branchMap":{"0":{"loc":{"start":{"line":69,"column":2},"end":{"line":71,"column":3}},"type":"if","locations":[{"start":{"line":69,"column":2},"end":{"line":71,"column":3}},{"start":{},"end":{}}]}},"s":{"0":5,"1":5,"2":5,"3":5,"4":5,"5":5,"6":5,"7":5,"8":5,"9":32,"10":32,"11":32,"12":32,"13":32,"14":32,"15":32,"16":3,"17":3,"18":2,"19":2,"20":3,"21":3,"22":9,"23":1,"24":8,"25":8,"26":8,"27":2,"28":2},"f":{"0":0,"1":32,"2":3,"3":2,"4":3,"5":9,"6":2},"b":{"0":[1,8]}}
,"/home/claude/geonova/src/lib/engine/geometry.ts": {"path":"/home/claude/geonova/src/lib/engine/geometry.ts","statementMap":{"0":{"start":{"line":31,"column":0},"end":{"line":31,"column":16}},"1":{"start":{"line":38,"column":0},"end":{"line":38,"column":16}},"2":{"start":{"line":57,"column":0},"end":{"line":57,"column":16}},"3":{"start":{"line":71,"column":0},"end":{"line":71,"column":16}},"4":{"start":{"line":96,"column":0},"end":{"line":96,"column":16}},"5":{"start":{"line":32,"column":2},"end":{"line":35,"column":4}},"6":{"start":{"line":39,"column":12},"end":{"line":39,"column":33}},"7":{"start":{"line":40,"column":2},"end":{"line":40,"column":68}},"8":{"start":{"line":40,"column":13},"end":{"line":40,"column":68}},"9":{"start":{"line":41,"column":22},"end":{"line":41,"column":63}},"10":{"start":{"line":41,"column":54},"end":{"line":41,"column":59}},"11":{"start":{"line":42,"column":22},"end":{"line":42,"column":35}},"12":{"start":{"line":43,"column":21},"end":{"line":43,"column":46}},"13":{"start":{"line":44,"column":25},"end":{"line":44,"column":39}},"14":{"start":{"line":45,"column":2},"end":{"line":54,"column":4}},"15":{"start":{"line":52,"column":47},"end":{"line":52,"column":65}},"16":{"start":{"line":58,"column":40},"end":{"line":58,"column":45}},"17":{"start":{"line":59,"column":12},"end":{"line":59,"column":26}},"18":{"start":{"line":60,"column":15},"end":{"line":60,"column":20}},"19":{"start":{"line":61,"column":2},"end":{"line":67,"column":3}},"20":{"start":{"line":61,"column":15},"end":{"line":61,"column":16}},"21":{"start":{"line":61,"column":22},"end":{"line":61,"column":27}},"22":{"start":{"line":62,"column":15},"end":{"line":62,"column":33}},"23":{"start":{"line":62,"column":40},"end":{"line":62,"column":59}},"24":{"start":{"line":63,"column":15},"end":{"line":63,"column":33}},"25":{"start":{"line":63,"column":40},"end":{"line":63,"column":59}},"26":{"start":{"line":64,"column":23},"end":{"line":65,"column":51}},"27":{"start":{"line":66,"column":4},"end":{"line":66,"column":37}},"28":{"start":{"line":66,"column":20},"end":{"line":66,"column":37}},"29":{"start":{"line":68,"column":2},"end":{"line":68,"column":16}},"30":{"start":{"line":75,"column":14},"end":{"line":75,"column":37}},"31":{"start":{"line":76,"column":14},"end":{"line":76,"column":39}},"32":{"start":{"line":77,"column":14},"end":{"line":77,"column":37}},"33":{"start":{"line":78,"column":14},"end":{"line":78,"column":39}},"34":{"start":{"line":79,"column":16},"end":{"line":79,"column":37}},"35":{"start":{"line":80,"column":2},"end":{"line":80,"column":82}},"36":{"start":{"line":80,"column":31},"end":{"line":80,"column":82}},"37":{"start":{"line":81,"column":13},"end":{"line":81,"column":36}},"38":{"start":{"line":82,"column":13},"end":{"line":82,"column":38}},"39":{"start":{"line":83,"column":13},"end":{"line":83,"column":42}},"40":{"start":{"line":84,"column":13},"end":{"line":84,"column":42}},"41":{"start":{"line":85,"column":2},"end":{"line":93,"column":4}},"42":{"start":{"line":97,"column":2},"end":{"line":97,"column":75}},"43":{"start":{"line":97,"column":19},"end":{"line":97,"column":75}},"44":{"start":{"line":98,"column":28},"end":{"line":98,"column":30}},"45":{"start":{"line":99,"column":2},"end":{"line":105,"column":3}},"46":{"start":{"line":99,"column":15},"end":{"line":99,"column":16}},"47":{"start":{"line":100,"column":18},"end":{"line":100,"column":46}},"48":{"start":{"line":101,"column":4},"end":{"line":104,"column":7}},"49":{"start":{"line":106,"column":2},"end":{"line":106,"column":37}}},"fnMap":{"0":{"name":"midpoint","decl":{"start":{"line":31,"column":16},"end":{"line":31,"column":24}},"loc":{"start":{"line":31,"column":47},"end":{"line":36,"column":1}}},"1":{"name":"angularMisclosureFromAngles","decl":{"start":{"line":38,"column":16},"end":{"line":38,"column":43}},"loc":{"start":{"line":38,"column":68},"end":{"line":55,"column":1}}},"2":{"name":"(anonymous_2)","decl":{"start":{"line":41,"column":44},"end":{"line":41,"column":45}},"loc":{"start":{"line":41,"column":54},"end":{"line":41,"column":59}}},"3":{"name":"(anonymous_3)","decl":{"start":{"line":52,"column":42},"end":{"line":52,"column":43}},"loc":{"start":{"line":52,"column":47},"end":{"line":52,"column":65}}},"4":{"name":"pointInPolygon","decl":{"start":{"line":57,"column":16},"end":{"line":57,"column":30}},"loc":{"start":{"line":57,"column":65},"end":{"line":69,"column":1}}},"5":{"name":"lineIntersection","decl":{"start":{"line":71,"column":16},"end":{"line":71,"column":32}},"loc":{"start":{"line":73,"column":26},"end":{"line":94,"column":1}}},"6":{"name":"circularBuffer","decl":{"start":{"line":96,"column":16},"end":{"line":96,"column":30}},"loc":{"start":{"line":96,"column":77},"end":{"line":107,"column":1}}}},"branchMap":{"0":{"loc":{"start":{"line":40,"column":2},"end":{"line":40,"column":68}},"type":"if","locations":[{"start":{"line":40,"column":2},"end":{"line":40,"column":68}},{"start":{},"end":{}}]},"1":{"loc":{"start":{"line":64,"column":23},"end":{"line":65,"column":51}},"type":"binary-expr","locations":[{"start":{"line":64,"column":23},"end":{"line":64,"column":42}},{"start":{"line":65,"column":6},"end":{"line":65,"column":51}}]},"2":{"loc":{"start":{"line":66,"column":4},"end":{"line":66,"column":37}},"type":"if","locations":[{"start":{"line":66,"column":4},"end":{"line":66,"column":37}},{"start":{},"end":{}}]},"3":{"loc":{"start":{"line":80,"column":2},"end":{"line":80,"column":82}},"type":"if","locations":[{"start":{"line":80,"column":2},"end":{"line":80,"column":82}},{"start":{},"end":{}}]},"4":{"loc":{"start":{"line":90,"column":22},"end":{"line":90,"column":40}},"type":"binary-expr","locations":[{"start":{"line":90,"column":22},"end":{"line":90,"column":29}},{"start":{"line":90,"column":33},"end":{"line":90,"column":40}}]},"5":{"loc":{"start":{"line":91,"column":22},"end":{"line":91,"column":40}},"type":"binary-expr","locations":[{"start":{"line":91,"column":22},"end":{"line":91,"column":29}},{"start":{"line":91,"column":33},"end":{"line":91,"column":40}}]},"6":{"loc":{"start":{"line":96,"column":64},"end":{"line":96,"column":77}},"type":"default-arg","locations":[{"start":{"line":96,"column":75},"end":{"line":96,"column":77}}]},"7":{"loc":{"start":{"line":97,"column":2},"end":{"line":97,"column":75}},"type":"if","locations":[{"start":{"line":97,"column":2},"end":{"line":97,"column":75}},{"start":{},"end":{}}]}},"s":{"0":1,"1":1,"2":1,"3":1,"4":1,"5":2,"6":2,"7":2,"8":0,"9":2,"10":8,"11":2,"12":2,"13":2,"14":2,"15":8,"16":3,"17":3,"18":3,"19":3,"20":3,"21":3,"22":12,"23":12,"24":12,"25":12,"26":12,"27":12,"28":1,"29":3,"30":2,"31":2,"32":2,"33":2,"34":2,"35":2,"36":1,"37":1,"38":1,"39":1,"40":1,"41":1,"42":0,"43":0,"44":0,"45":0,"46":0,"47":0,"48":0,"49":0},"f":{"0":2,"1":2,"2":8,"3":8,"4":3,"5":2,"6":0},"b":{"0":[0,2],"1":[12,2],"2":[1,11],"3":[1,1],"4":[1,1],"5":[1,1],"6":[0],"7":[0,0]}}
,"/home/claude/geonova/src/lib/engine/gnss.ts": {"path":"/home/claude/geonova/src/lib/engine/gnss.ts","statementMap":{"0":{"start":{"line":67,"column":0},"end":{"line":67,"column":16}},"1":{"start":{"line":88,"column":0},"end":{"line":88,"column":16}},"2":{"start":{"line":119,"column":0},"end":{"line":119,"column":16}},"3":{"start":{"line":142,"column":0},"end":{"line":142,"column":16}},"4":{"start":{"line":188,"column":0},"end":{"line":188,"column":16}},"5":{"start":{"line":246,"column":0},"end":{"line":246,"column":16}},"6":{"start":{"line":286,"column":0},"end":{"line":286,"column":16}},"7":{"start":{"line":11,"column":0},"end":{"line":11,"column":48}},"8":{"start":{"line":68,"column":12},"end":{"line":68,"column":21}},"9":{"start":{"line":69,"column":12},"end":{"line":69,"column":29}},"10":{"start":{"line":70,"column":13},"end":{"line":70,"column":26}},"11":{"start":{"line":72,"column":17},"end":{"line":72,"column":31}},"12":{"start":{"line":73,"column":17},"end":{"line":73,"column":31}},"13":{"start":{"line":75,"column":12},"end":{"line":75,"column":71}},"14":{"start":{"line":77,"column":12},"end":{"line":77,"column":57}},"15":{"start":{"line":78,"column":12},"end":{"line":78,"column":57}},"16":{"start":{"line":79,"column":12},"end":{"line":79,"column":49}},"17":{"start":{"line":81,"column":2},"end":{"line":81,"column":null}},"18":{"start":{"line":89,"column":12},"end":{"line":89,"column":21}},"19":{"start":{"line":90,"column":12},"end":{"line":90,"column":29}},"20":{"start":{"line":91,"column":13},"end":{"line":91,"column":26}},"21":{"start":{"line":93,"column":14},"end":{"line":93,"column":30}},"22":{"start":{"line":95,"column":12},"end":{"line":95,"column":36}},"23":{"start":{"line":96,"column":15},"end":{"line":96,"column":42}},"24":{"start":{"line":98,"column":12},"end":{"line":98,"column":16}},"25":{"start":{"line":99,"column":2},"end":{"line":103,"column":3}},"26":{"start":{"line":99,"column":15},"end":{"line":99,"column":16}},"27":{"start":{"line":100,"column":14},"end":{"line":100,"column":67}},"28":{"start":{"line":101,"column":14},"end":{"line":101,"column":35}},"29":{"start":{"line":102,"column":4},"end":{"line":102,"column":null}},"30":{"start":{"line":105,"column":12},"end":{"line":105,"column":65}},"31":{"start":{"line":106,"column":12},"end":{"line":106,"column":33}},"32":{"start":{"line":108,"column":2},"end":{"line":112,"column":null}},"33":{"start":{"line":123,"column":17},"end":{"line":123,"column":62}},"34":{"start":{"line":125,"column":17},"end":{"line":125,"column":37}},"35":{"start":{"line":126,"column":17},"end":{"line":126,"column":37}},"36":{"start":{"line":128,"column":13},"end":{"line":128,"column":25}},"37":{"start":{"line":129,"column":13},"end":{"line":129,"column":25}},"38":{"start":{"line":130,"column":13},"end":{"line":130,"column":25}},"39":{"start":{"line":132,"column":18},"end":{"line":132,"column":64}},"40":{"start":{"line":133,"column":19},"end":{"line":133,"column":127}},"41":{"start":{"line":134,"column":13},"end":{"line":134,"column":120}},"42":{"start":{"line":136,"column":2},"end":{"line":136,"column":null}},"43":{"start":{"line":143,"column":17},"end":{"line":143,"column":30}},"44":{"start":{"line":144,"column":17},"end":{"line":144,"column":30}},"45":{"start":{"line":145,"column":17},"end":{"line":145,"column":30}},"46":{"start":{"line":147,"column":21},"end":{"line":147,"column":83}},"47":{"start":{"line":148,"column":21},"end":{"line":148,"column":65}},"48":{"start":{"line":151,"column":16},"end":{"line":151,"column":53}},"49":{"start":{"line":152,"column":2},"end":{"line":152,"column":null}},"50":{"start":{"line":152,"column":19},"end":{"line":152,"column":null}},"51":{"start":{"line":155,"column":25},"end":{"line":155,"column":66}},"52":{"start":{"line":158,"column":14},"end":{"line":158,"column":18}},"53":{"start":{"line":159,"column":2},"end":{"line":168,"column":3}},"54":{"start":{"line":160,"column":4},"end":{"line":167,"column":null}},"55":{"start":{"line":170,"column":2},"end":{"line":181,"column":null}},"56":{"start":{"line":195,"column":38},"end":{"line":195,"column":40}},"57":{"start":{"line":196,"column":46},"end":{"line":196,"column":48}},"58":{"start":{"line":199,"column":19},"end":{"line":199,"column":75}},"59":{"start":{"line":201,"column":2},"end":{"line":226,"column":3}},"60":{"start":{"line":202,"column":21},"end":{"line":204,"column":null}},"61":{"start":{"line":206,"column":4},"end":{"line":206,"column":null}},"62":{"start":{"line":209,"column":20},"end":{"line":209,"column":43}},"63":{"start":{"line":210,"column":16},"end":{"line":210,"column":77}},"64":{"start":{"line":213,"column":19},"end":{"line":213,"column":37}},"65":{"start":{"line":214,"column":19},"end":{"line":214,"column":37}},"66":{"start":{"line":215,"column":19},"end":{"line":215,"column":37}},"67":{"start":{"line":217,"column":4},"end":{"line":225,"column":null}},"68":{"start":{"line":229,"column":20},"end":{"line":229,"column":47}},"69":{"start":{"line":229,"column":39},"end":{"line":229,"column":46}},"70":{"start":{"line":230,"column":14},"end":{"line":230,"column":93}},"71":{"start":{"line":230,"column":53},"end":{"line":230,"column":64}},"72":{"start":{"line":232,"column":2},"end":{"line":240,"column":null}},"73":{"start":{"line":247,"column":12},"end":{"line":247,"column":21}},"74":{"start":{"line":248,"column":12},"end":{"line":248,"column":29}},"75":{"start":{"line":249,"column":12},"end":{"line":249,"column":36}},"76":{"start":{"line":250,"column":13},"end":{"line":250,"column":68}},"77":{"start":{"line":252,"column":12},"end":{"line":252,"column":28}},"78":{"start":{"line":253,"column":12},"end":{"line":253,"column":63}},"79":{"start":{"line":255,"column":13},"end":{"line":255,"column":14}},"80":{"start":{"line":256,"column":13},"end":{"line":256,"column":64}},"81":{"start":{"line":258,"column":15},"end":{"line":260,"column":50}},"82":{"start":{"line":262,"column":13},"end":{"line":262,"column":71}},"83":{"start":{"line":263,"column":13},"end":{"line":263,"column":44}},"84":{"start":{"line":264,"column":13},"end":{"line":264,"column":68}},"85":{"start":{"line":265,"column":13},"end":{"line":265,"column":89}},"86":{"start":{"line":266,"column":12},"end":{"line":266,"column":37}},"87":{"start":{"line":268,"column":12},"end":{"line":271,"column":null}},"88":{"start":{"line":274,"column":12},"end":{"line":275,"column":111}},"89":{"start":{"line":277,"column":2},"end":{"line":277,"column":null}},"90":{"start":{"line":278,"column":2},"end":{"line":278,"column":null}},"91":{"start":{"line":280,"column":2},"end":{"line":280,"column":null}},"92":{"start":{"line":287,"column":2},"end":{"line":287,"column":null}},"93":{"start":{"line":287,"column":29},"end":{"line":287,"column":null}},"94":{"start":{"line":290,"column":24},"end":{"line":290,"column":26}},"95":{"start":{"line":292,"column":2},"end":{"line":304,"column":3}},"96":{"start":{"line":293,"column":15},"end":{"line":293,"column":37}},"97":{"start":{"line":294,"column":15},"end":{"line":294,"column":37}},"98":{"start":{"line":295,"column":15},"end":{"line":295,"column":37}},"99":{"start":{"line":296,"column":18},"end":{"line":296,"column":56}},"100":{"start":{"line":298,"column":4},"end":{"line":303,"column":null}},"101":{"start":{"line":307,"column":13},"end":{"line":307,"column":25}},"102":{"start":{"line":308,"column":14},"end":{"line":308,"column":29}},"103":{"start":{"line":309,"column":12},"end":{"line":309,"column":24}},"104":{"start":{"line":311,"column":2},"end":{"line":311,"column":null}},"105":{"start":{"line":311,"column":10},"end":{"line":311,"column":null}},"106":{"start":{"line":314,"column":15},"end":{"line":314,"column":53}},"107":{"start":{"line":316,"column":2},"end":{"line":316,"column":null}},"108":{"start":{"line":321,"column":2},"end":{"line":321,"column":null}},"109":{"start":{"line":321,"column":28},"end":{"line":321,"column":48}},"110":{"start":{"line":321,"column":41},"end":{"line":321,"column":47}},"111":{"start":{"line":325,"column":29},"end":{"line":325,"column":31}},"112":{"start":{"line":326,"column":2},"end":{"line":335,"column":3}},"113":{"start":{"line":326,"column":15},"end":{"line":326,"column":16}},"114":{"start":{"line":327,"column":4},"end":{"line":327,"column":null}},"115":{"start":{"line":328,"column":4},"end":{"line":334,"column":5}},"116":{"start":{"line":328,"column":17},"end":{"line":328,"column":18}},"117":{"start":{"line":329,"column":16},"end":{"line":329,"column":17}},"118":{"start":{"line":330,"column":6},"end":{"line":332,"column":7}},"119":{"start":{"line":330,"column":19},"end":{"line":330,"column":20}},"120":{"start":{"line":331,"column":8},"end":{"line":331,"column":null}},"121":{"start":{"line":333,"column":6},"end":{"line":333,"column":null}},"122":{"start":{"line":336,"column":2},"end":{"line":336,"column":null}},"123":{"start":{"line":340,"column":12},"end":{"line":340,"column":20}},"124":{"start":{"line":3
[...]
,"/home/claude/geonova/src/lib/engine/volume.ts": {"path":"/home/claude/geonova/src/lib/engine/volume.ts","statementMap":{"0":{"start":{"line":77,"column":0},"end":{"line":77,"column":16}},"1":{"start":{"line":94,"column":0},"end":{"line":94,"column":16}},"2":{"start":{"line":114,"column":0},"end":{"line":114,"column":16}},"3":{"start":{"line":124,"column":0},"end":{"line":124,"column":16}},"4":{"start":{"line":203,"column":0},"end":{"line":203,"column":16}},"5":{"start":{"line":74,"column":2},"end":{"line":74,"column":null}},"6":{"start":{"line":74,"column":38},"end":{"line":74,"column":61}},"7":{"start":{"line":78,"column":17},"end":{"line":78,"column":41}},"8":{"start":{"line":79,"column":36},"end":{"line":79,"column":38}},"9":{"start":{"line":80,"column":14},"end":{"line":80,"column":15}},"10":{"start":{"line":82,"column":2},"end":{"line":89,"column":3}},"11":{"start":{"line":82,"column":15},"end":{"line":82,"column":16}},"12":{"start":{"line":83,"column":15},"end":{"line":83,"column":28}},"13":{"start":{"line":84,"column":15},"end":{"line":84,"column":24}},"14":{"start":{"line":85,"column":14},"end":{"line":85,"column":39}},"15":{"start":{"line":86,"column":14},"end":{"line":86,"column":43}},"16":{"start":{"line":87,"column":4},"end":{"line":87,"column":null}},"17":{"start":{"line":88,"column":4},"end":{"line":88,"column":null}},"18":{"start":{"line":91,"column":2},"end":{"line":91,"column":null}},"19":{"start":{"line":95,"column":17},"end":{"line":95,"column":41}},"20":{"start":{"line":96,"column":36},"end":{"line":96,"column":38}},"21":{"start":{"line":97,"column":14},"end":{"line":97,"column":15}},"22":{"start":{"line":101,"column":2},"end":{"line":109,"column":3}},"23":{"start":{"line":101,"column":15},"end":{"line":101,"column":16}},"24":{"start":{"line":102,"column":15},"end":{"line":102,"column":24}},"25":{"start":{"line":103,"column":15},"end":{"line":103,"column":28}},"26":{"start":{"line":104,"column":15},"end":{"line":104,"column":28}},"27":{"start":{"line":105,"column":14},"end":{"line":105,"column":39}},"28":{"start":{"line":106,"column":14},"end":{"line":106,"column":57}},"29":{"start":{"line":107,"column":4},"end":{"line":107,"column":null}},"30":{"start":{"line":108,"column":4},"end":{"line":108,"column":null}},"31":{"start":{"line":111,"column":2},"end":{"line":111,"column":null}},"32":{"start":{"line":115,"column":2},"end":{"line":115,"column":null}},"33":{"start":{"line":115,"column":29},"end":{"line":115,"column":null}},"34":{"start":{"line":116,"column":2},"end":{"line":116,"column":null}},"35":{"start":{"line":125,"column":17},"end":{"line":125,"column":41}},"36":{"start":{"line":126,"column":36},"end":{"line":126,"column":38}},"37":{"start":{"line":127,"column":18},"end":{"line":127,"column":19}},"38":{"start":{"line":128,"column":19},"end":{"line":128,"column":20}},"39":{"start":{"line":130,"column":2},"end":{"line":139,"column":3}},"40":{"start":{"line":130,"column":15},"end":{"line":130,"column":16}},"41":{"start":{"line":131,"column":15},"end":{"line":131,"column":28}},"42":{"start":{"line":132,"column":15},"end":{"line":132,"column":24}},"43":{"start":{"line":133,"column":14},"end":{"line":133,"column":39}},"44":{"start":{"line":134,"column":14},"end":{"line":134,"column":43}},"45":{"start":{"line":135,"column":4},"end":{"line":135,"column":null}},"46":{"start":{"line":137,"column":4},"end":{"line":138,"column":null}},"47":{"start":{"line":137,"column":38},"end":{"line":137,"column":null}},"48":{"start":{"line":138,"column":9},"end":{"line":138,"column":null}},"49":{"start":{"line":138,"column":43},"end":{"line":138,"column":null}},"50":{"start":{"line":141,"column":2},"end":{"line":141,"column":null}},"51":{"start":{"line":145,"column":13},"end":{"line":145,"column":21}},"52":{"start":{"line":146,"column":13},"end":{"line":146,"column":21}},"53":{"start":{"line":147,"column":13},"end":{"line":147,"column":22}},"54":{"start":{"line":148,"column":13},"end":{"line":148,"column":22}},"55":{"start":{"line":149,"column":2},"end":{"line":154,"column":3}},"56":{"start":{"line":150,"column":4},"end":{"line":150,"column":null}},"57":{"start":{"line":150,"column":26},"end":{"line":150,"column":null}},"58":{"start":{"line":151,"column":4},"end":{"line":151,"column":null}},"59":{"start":{"line":151,"column":27},"end":{"line":151,"column":null}},"60":{"start":{"line":152,"column":4},"end":{"line":152,"column":null}},"61":{"start":{"line":152,"column":26},"end":{"line":152,"column":null}},"62":{"start":{"line":153,"column":4},"end":{"line":153,"column":null}},"63":{"start":{"line":153,"column":27},"end":{"line":153,"column":null}},"64":{"start":{"line":155,"column":2},"end":{"line":155,"column":null}},"65":{"start":{"line":159,"column":15},"end":{"line":159,"column":39}},"66":{"start":{"line":160,"column":15},"end":{"line":160,"column":39}},"67":{"start":{"line":161,"column":15},"end":{"line":161,"column":39}},"68":{"start":{"line":162,"column":15},"end":{"line":162,"column":39}},"69":{"start":{"line":163,"column":2},"end":{"line":163,"column":null}},"70":{"start":{"line":167,"column":13},"end":{"line":167,"column":14}},"71":{"start":{"line":168,"column":14},"end":{"line":168,"column":15}},"72":{"start":{"line":169,"column":18},"end":{"line":169,"column":26}},"73":{"start":{"line":170,"column":17},"end":{"line":170,"column":18}},"74":{"start":{"line":172,"column":16},"end":{"line":172,"column":33}},"75":{"start":{"line":173,"column":2},"end":{"line":187,"column":3}},"76":{"start":{"line":174,"column":15},"end":{"line":174,"column":28}},"77":{"start":{"line":175,"column":15},"end":{"line":175,"column":29}},"78":{"start":{"line":176,"column":15},"end":{"line":176,"column":32}},"79":{"start":{"line":177,"column":4},"end":{"line":177,"column":null}},"80":{"start":{"line":177,"column":18},"end":{"line":177,"column":null}},"81":{"start":{"line":178,"column":4},"end":{"line":181,"column":5}},"82":{"start":{"line":179,"column":6},"end":{"line":179,"column":null}},"83":{"start":{"line":180,"column":6},"end":{"line":180,"column":null}},"84":{"start":{"line":182,"column":4},"end":{"line":182,"column":28}},"85":{"start":{"line":182,"column":20},"end":{"line":182,"column":28}},"86":{"start":{"line":183,"column":14},"end":{"line":183,"column":27}},"87":{"start":{"line":184,"column":14},"end":{"line":184,"column":36}},"88":{"start":{"line":185,"column":4},"end":{"line":185,"column":null}},"89":{"start":{"line":186,"column":4},"end":{"line":186,"column":null}},"90":{"start":{"line":189,"column":2},"end":{"line":189,"column":null}},"91":{"start":{"line":189,"column":16},"end":{"line":189,"column":null}},"92":{"start":{"line":190,"column":2},"end":{"line":190,"column":null}},"93":{"start":{"line":190,"column":28},"end":{"line":190,"column":null}},"94":{"start":{"line":191,"column":2},"end":{"line":191,"column":null}},"95":{"start":{"line":204,"column":29},"end":{"line":204,"column":31}},"96":{"start":{"line":205,"column":18},"end":{"line":205,"column":35}},"97":{"start":{"line":206,"column":2},"end":{"line":208,"column":3}},"98":{"start":{"line":207,"column":4},"end":{"line":207,"column":null}},"99":{"start":{"line":209,"column":2},"end":{"line":211,"column":3}},"100":{"start":{"line":210,"column":4},"end":{"line":210,"column":null}},"101":{"start":{"line":213,"column":16},"end":{"line":213,"column":32}},"102":{"start":{"line":214,"column":18},"end":{"line":214,"column":50}},"103":{"start":{"line":215,"column":12},"end":{"line":215,"column":34}},"104":{"start":{"line":216,"column":12},"end":{"line":216,"column":32}},"105":{"start":{"line":217,"column":15},"end":{"line":217,"column":42}},"106":{"start":{"line":219,"column":2},"end":{"line":221,"column":3}},"107":{"start":{"line":220,"column":4},"end":{"line":220,"column":null}},"108":{"start":{"line":224,"column":17},"end":{"line":224,"column":57}},"109":{"start":{"line":225,"column":17},"end":{"line":225,"column":57}},"110":{"start":{"line":226,"column":15},"end":{"line":226,"column":56}},"111":{"start":{"line":227,"column":15},"end":{"line":227,"column":56}},"112":{"start":{"line":229,"column":19},"end":{"line":229,"column":36}},"113":{"start":{"line":230,"column":12},"end":{"line":230,"column":13}},"114":{"start":{"line":231,"column":13},"end":{"line":231,"column":14}},"115":{"start":{"line":232,"column":18},"end":{"line":232,"column":19}},"116":{"start":{"line":233,"column":16},"end":{"line":233,"column":17}},"117":{"start":{"line":235,"column":2},"end":{"line":251,"column":3}},"118":{"start":{"line":235,"column":15},"end":{"line":235,"column":21}},"119":{"start":{"line":236,"column":4},"end":{"line":250,"column":5}},"120":{"start":{"line":236,"column":17},"end":{"line":236,"column":23}},"121":{"start":{"line":238,"column":16},"end":{"line":238,"column":31}},"122":{"start":{"line":239,"column":16},"end":{"line":239,"column":31}},"123":{"start":{"line":240,"column":24},"end":{"line":240,"column":66}},"124":{"start":{"line":241,"column":22},"end":{"line":241,"column":62}},"125":{"start":{"line":242,"column":6},"end":{"line":245,"column":7}},"126":{"start":{"line":243,"column":8},"end":{"line":243,"column":null}},"127":{"start":{"line":244,"column":8},"end":{"line":244,"column":16}},"128":{"start":{"line":246,"column":19},"end":{"line":246,"column":38}},"129":{"start":{"line":247,"column":6},"end":{"line":248,"column":null}},"130":{"start":{"line":247,"column":20},"end":{"line":247,"column":null}},"131":{"start":{"line":248,"column":11},"end":{"line":248,"column":null}},"132":{"start":{"line":248,"column":25},"end":{"line":248,"column":null}},"133":{"start":{"line":249,"column":6},"end":{"line":249,"column":null}},"134":{"start":{"line":253,"column":2},"end":{"line":253,"column":null}},"135":{"start":{"line":253,"column":23},"end":{"line":253,"column":null}},"136":{"start":{"line":254,"column":2},"end":{"line":254,"column":null}},"137":{"start":{"line":254,"column":19},"end":{"line":254,"column":null}},"138":{"start":{"line":256,"column":2},"end":{"line":264,"column":null}}},"fnMap":{"0":{"name":"sortByChainage","decl":{"start":{"line":73,"column":9},"end":{"line":73,"column":23}},"loc":{"start":{"line":73,"column":49},"end":{"line":75,"column":1}}},"1":{"name":"(anonymous_1)","decl":{"start":{"line":74,"column":28},"end":{"line":74,"column":29}},"loc":{"start":{"line":74,"column":38},"end":{"line":74,"column":61}}},"2":{"name":"endAreaVolume","decl":{"start":{"line":77,"column":16},"end":{"line":77,"column":29}},"loc":{"start":{"line":77,"column":55},"end":{"line":92,"column":1}}},"3":{"name":"prismoidalVolume","decl":{"start":{"line":94,"column":16},"end":{"line":94,"column":32}},"loc":{"start":{"line":94,"column":58},"end":{"line":112,"column":1}}},"4":{"name":"volumeFromSections","decl":{"start":{"line":114,"column":16},"end":{"line":114,"column":34}},"loc":{"start":{"line":114,"column":82},"end":{"line":117,"column":1}}},"5":{"name":"cutFillVolumeFromSignedSections","decl":{"start":{"line":124,"column":16},"end":{"line":124,"column":47}},"loc":{"start":{"line":124,"column":73},"end":{"line":142,"column":1}}},"6":{"name":"bboxOf","decl":{"start":{"line":144,"column":9},"end":{"line":144,"column":15}},"loc":{"start":{"line":144,"column":38},"end":{"line":156,"column":1}}},"7":{"name":"clampBboxIntersection","decl":{"start":{"line":158,"column":9},"end":{"line":158,"column":30}},"loc":{"start":{"line":158,"column":89},"end":{"line":164,"column":1}}},"8":{"name":"idwZ","decl":{"start":{"line":166,"column":9},"end":{"line":166,"column":13}},"loc":{"start":{"line":166,"column":90},"end":{"line":192,"column":1}}},"9":{"name":"surfaceCutFillVolumeGrid","decl":{"start":{"line":203,"column":16},"end":{"line":203,"column":40}},"loc":{"start":{"line":203,"column":70},"end":{"line":265,"column":1}}}},"branchMap":{"0":{"loc":{"start":{"line":115,"column":2},"end":{"line":115,"column":null}},"type":"if","locations":[{"start":{"line":115,"column":2},"end":{"line":115,"column":null}},{"start":{},"end":{}}]},"1":{"loc":{"start":{"line":137,"column":4},"end":{"line":138,"column":null}},"type":"if","locations":[{"start":{"line":137,"column":4},"end":{"line":138,"column":null}},{"start":{"line":138,"column":9},"end":{"line":138,"column":null}}]},"2":{"loc":{"start":{"line":137,"column":8},"end":{"line":137,"column":36}},"type":"binary-expr","locations":[{"start":{"line":137,"column":8},"end":{"line":137,"column":20}},{"start":{"line":137,"column":24},"end":{"line":137,"column":36}}]},"3":{"loc":{"start":{"line":138,"column":9},"end":{"line":138,"column":null}},"type":"if","locations":[{"start":{"line":138,"column":9},"end":{"line":138,"column":null}},{"start":{},"end":{}}]},"4":{"loc":{"start":{"line":138,"column":13},"end":{"line":138,"column":41}},"type":"binary-expr","locations":[{"start":{"line":138,"column":13},"end":{"line":138,"column":25}},{"start":{"line":138,"column":29},"end":{"line":138,"column":41}}]},"5":{"loc":{"start":{"line":150,"column":4},"end":{"line":150,"column":null}},"type":"if","locations":[{"start":{"line":150,"column":4},"end":{"line":150,"column":null}},{"start":{},"end":{}}]},"6":{"loc":{"start":{"line":151,"column":4},"end":{"line":151,"column":null}},"type":"if","locations":[{"start":{"line":151,"column":4},"end":{"line":151,"column":null}},{"start":{},"end":{}}]},"7":{"loc":{"start":{"line":152,"column":4},"end":{"line":152,"column":null}},"type":"if","locations":[{"start":{"line":152,"column":4},"end":{"line":152,"column":null}},{"start":{},"end":{}}]},"8":{"loc":{"start":{"line":153,"column":4},"end":{"line":153,"column":null}},"type":"if","locations":[{"start":{"line":153,"column":4},"end":{"line":153,"column":null}},{"start":{},"end":{}}]},"9":{"loc":{"start":{"line":177,"column":4},"end":{"line":177,"column":null}},"type":"if","locations":[{"start":{"line":177,"column":4},"end":{"line":177,"column":null}},{"start":{},"end":{}}]},"10":{"loc":{"start":{"line":178,"column":4},"end":{"line":181,"column":5}},"type":"if","locations":[{"start":{"line":178,"column":4},"end":{"line":181,"column":5}},{"start":{},"end":{}}]},"11":{"loc":{"start":{"line":182,"column":4},"end":{"line":182,"column":28}},"type":"if","locations":[{"start":{"line":182,"column":4},"end":{"line":182,"column":28}},{"start":{},"end":{}}]},"12":{"loc":{"start":{"line":189,"column":2},"end":{"line":189,"column":null}},"type":"if","locations":[{"start":{"line":189,"column":2},"end":{"line":189,"column":null}},{"start":{},"end":{}}]},"13":{"loc":{"start":{"line":190,"column":2},"end":{"line":190,"column":null}},"type":"if","locations":[{"start":{"line":190,"column":2},"end":{"line":190,"column":null}},{"start":{},"end":{}}]},"14":{"loc":{"start":{"line":206,"column":2},"end":{"line":208,"column":3}},"type":"if","locations":[{"start":{"line":206,"column":2},"end":{"line":208,"column":3}},{"start":{},"end":{}}]},"15":{"loc":{"start":{"line":209,"column":2},"end":{"line":211,"column":3}},"type":"if","locations":[{"start":{"line":209,"column":2},"end":{"line":211,"column":3}},{"start":{},"end":{}}]},"16":{"loc":{"start":{"line":209,"column":6},"end":{"line":209,"column":58}},"type":"binary-expr","locations":[{"start":{"line":209,"column":6},"end":{"line":209,"column":31}},{"start":{"line":209,"column":35},"end":{"line":209,"column":58}}]},"17":{"loc":{"start":{"line":213,"column":16},"end":{"line":213,"column":32}},"type":"cond-expr","locations":[{"start":{"line":213,"column":27},"end":{"line":213,"column":31}},{"start":{"line":213,"column":31},"end":{"line":213,"column":32}}]},"18":{"loc":{"start":{"line":213,"column":16},"end":{"line":213,"column":31}},"type":"binary-expr","locations":[{"start":{"line":213,"column":16},"end":{"line":213,"column":31}},{"start":{"line":213,"column":27},"end":{"line":213,"column":31}}]},"19":{"loc":{"start":{"line":214,"column":18},"end":{"line":214,"column":50}},"type":"cond-expr","locations":[{"start":{"line":214,"column":35},"end":{"line":214,"column":39}},{"start":{"line":214,"column":39},"end":{"line":214,"column":50}}]},"20":{"loc":{"start":{"line":214,"column":18},"end":{"line":214,"column":39}},"type":"binary-expr","locations":[{"start":{"line":214,"column":18},"end":{"line":214,"column":39}},{"start":{"line":214,"column":35},"end":{"line":214,"column":39}}]},"21":{"loc":{"start":{"line":219,"column":2},"end":{"line":221,"column":3}},"type":"if","locations":[{"start":{"line":219,"column":2},"end":{"line":221,"column":3}},{"start":{},"end":{}}]},"22":{"loc":{"start":{"line":219,"column":6},"end":{"line":219,"column":58}},"type":"binary-expr","locations":[{"start":{"line":219,"column":6},"end":{"line":219,"column":30}},{"start":{"line":219,"column":34},"end":{"line":219,"column":58}}]},"23":{"loc":{"start":{"line":242,"column":6},"end":{"line":245,"column":7}},"type":"if","locations":[{"start":{"line":242,"column":6},"end":{"line":245,"column":7}},{"start":{},"end":{}}]},"24":{"loc":{"start":{"line":242,"column":10},"end":{"line":242,"column":48}},"type":"binary-expr","locations":[{"start":{"line":242,"column":10},"end":{"line":242,"column":28}},{"start":{"line":242,"column":32},"end":{"line":242,"column":48}}]},"25":{"loc":{"start":{"line":247,"column":6},"end":{"line":248,"column":null}},"type":"if","locations":[{"start":{"line":247,"column":6},"end":{"line":248,"column":null}},{"start":{"line":248,"column":11},"end":{"line":248,"column":null}}]},"26":{"loc":{"start":{"line":248,"column":11},"end":{"line":248,"column":null}},"type":"if","locations":[{"start":{"line":248,"column":11},"end":{"line":248,"column":null}},{"start":{},"end":{}}]},"27":{"loc":{"start":{"line":253,"column":2},"end":{"line":253,"column":null}},"type":"if","locations":[{"start":{"line":253,"column":2},"end":{"line":253,"column":null}},{"start":{},"end":{}}]},"28":{"loc":{"start":{"line":254,"column":2},"end":{"line":254,"column":null}},"type":"if","locations":[{"start":{"line":254,"column":2},"end":{"line":254,"column":null}},{"start":{},"end":{}}]}},"s":{"0":2,"1":2,"2":2,"3":2,"4":2,"5":15,"6":41,"7":7,"8":7,"9":7,"10":7,"11":7,"12":19,"13":19,"14":19,"15":19,"16":19,"17":19,"18":7,"19":5,"20":5,"21":5,"22":5,"23":5,"24":5,"25":5,"26":5,"27":5,"28":5,"29":5,"30":5,"31":5,"32":2,"33":1,"34":1,"35":3,"36":3,"37":3,"38":3,"39":3,"40":3,"41":8,"42":8,"43":8,"44":8,"45":8,"46":8,"47":4,"48":4,"49":1,"50":3,"51":10,"52":10,"53":10,"54":10,"55":10,"56":90,"57":10,"58":90,"59":10,"60":90,"61":30,"62":90,"63":30,"64":10,"65":5,"66":5,"67":5,"68":5,"69":5,"70":250,"71":250,"72":250,"73":250,"74":250,"75":250,"76":2250,"77":2250,"78":2250,"79":2250,"80":0,"81":2250,"82":980,"83":980,"84":2250,"85":900,"86":1350,"87":1350,"88":1350,"89":1350,"90":250,"91":250,"92":0,"93":0,"94":0,"95":5,"96":5,"97":5,"98":0,"99":5,"100":0,"101":5,"102":5,"103":5,"104":5,"105":5,"106":5,"107":0,"108":5,"109":5,"110":5,"111":5,"112":5,"113":5,"114":5,"115":5,"116":5,"117":5,"118":5,"119":25,"120":25,"121":125,"122":125,"123":125,"124":125,"125":125,"126":0,"127":0,"128":125,"129":125,"130":75,"131":50,"132":25,"133":125,"134":5,"135":0,"136":5,"137":0,"138":5},"f":{"0":15,"1":41,"2":7,"3":5,"4":2,"5":3,"6":10,"7":5,"8":250,"9":5},"b":{"0":[1,1],"1":[4,4],"2":[8,6],"3":[1,3],"4":[4,2],"5":[10,80],"6":[10,80],"7":[30,60],"8":[30,60],"9":[0,2250],"10":[980,1270],"11":[900,1350],"12":[250,0],"13":[0,0],"14":[0,5],"15":[0,5],"16":[5,5],"17":[0,5],"18":[5,5],"19":[0,5],"20":[5,5],"21":[0,5],"22":[5,5],"23":[0,125],"24":[125,125],"25":[75,50],"26":[25,25],"27":[0,5],"28":[0,5]}}
}
