TN:
SF:src/lib/engine/angles.ts
FN:13,toRadians
FN:17,toDegrees
FN:21,normalizeBearing
FN:27,decimalToDMS
FN:50,dmsToDecimal
FN:58,bearingToString
FN:64,parseDMSString
FN:97,wcbToQuadrant
FN:121,backBearing
FN:125,angularMisclosure
FNF:10
FNH:10
FNDA:142,toRadians
FNDA:52,toDegrees
FNDA:268,normalizeBearing
FNDA:197,decimalToDMS
FNDA:4,dmsToDecimal
FNDA:157,bearingToString
FNDA:3,parseDMSString
FNDA:38,wcbToQuadrant
FNDA:37,backBearing
FNDA:3,angularMisclosure
DA:13,14
DA:14,142
DA:17,14
DA:18,52
DA:21,14
DA:22,268
DA:23,268
DA:24,268
DA:27,14
DA:28,197
DA:29,197
DA:30,197
DA:31,197
DA:32,197
DA:33,197
DA:36,197
DA:37,0
DA:39,197
DA:42,197
DA:50,14
DA:51,4
DA:52,4
DA:53,0
DA:55,4
DA:58,14
DA:59,157
DA:60,157
DA:61,157
DA:64,14
DA:66,3
DA:67,3
DA:69,3
DA:71,2
DA:72,2
DA:73,1
DA:76,1
DA:77,1
DA:78,1
DA:79,1
DA:81,1
DA:83,1
DA:86,1
DA:87,1
DA:88,0
DA:91,1
DA:94,0
DA:97,14
DA:98,38
DA:99,38
DA:104,38
DA:105,12
DA:106,12
DA:107,26
DA:108,16
DA:109,16
DA:110,10
DA:111,6
DA:112,6
DA:114,4
DA:115,4
DA:118,38
DA:121,14
DA:122,37
DA:125,14
DA:129,3
DA:130,3
DA:131,3
DA:133,3
LF:68
LH:64
BRDA:23,0,0,7
BRDA:23,0,1,261
BRDA:36,1,0,0
BRDA:36,1,1,197
BRDA:37,2,0,0
BRDA:37,2,1,0
BRDA:39,3,0,0
BRDA:39,3,1,197
BRDA:52,4,0,0
BRDA:52,4,1,4
BRDA:52,5,0,4
BRDA:52,5,1,4
BRDA:69,6,0,2
BRDA:69,6,1,1
BRDA:72,7,0,1
BRDA:72,7,1,1
BRDA:76,8,0,1
BRDA:76,8,1,0
BRDA:81,9,0,0
BRDA:81,9,1,1
BRDA:81,10,0,1
BRDA:81,10,1,1
BRDA:81,10,2,1
BRDA:87,11,0,0
BRDA:87,11,1,1
BRDA:87,12,0,1
BRDA:87,12,1,1
BRDA:104,13,0,12
BRDA:104,13,1,26
BRDA:104,14,0,38
BRDA:104,14,1,38
BRDA:107,15,0,16
BRDA:107,15,1,10
BRDA:107,16,0,26
BRDA:107,16,1,26
BRDA:110,17,0,6
BRDA:110,17,1,4
BRDA:110,18,0,10
BRDA:110,18,1,10
BRF:39
BRH:31
end_of_record
TN:
SF:src/lib/engine/area.ts
FN:13,coordinateArea
FN:66,(anonymous_1)
FN:67,(anonymous_2)
FN:80,trapezoidalArea
FN:101,simpsonsArea
FN:131,midOrdinateArea
FN:137,(anonymous_6)
FN:150,averageOrdinateArea
FN:156,(anonymous_8)
FNF:9
FNH:3
FNDA:6,coordinateArea
FNDA:0,(anonymous_1)
FNDA:0,(anonymous_2)
FNDA:5,trapezoidalArea
FNDA:2,simpsonsArea
FNDA:0,midOrdinateArea
FNDA:0,(anonymous_6)
FNDA:0,averageOrdinateArea
FNDA:0,(anonymous_8)
DA:13,1
DA:14,6
DA:15,1
DA:26,5
DA:27,5
DA:29,5
DA:33,5
DA:34,5
DA:35,19
DA:36,19
DA:39,5
DA:40,5
DA:43,5
DA:44,5
DA:45,19
DA:46,19
DA:47,19
DA:51,5
DA:52,5
DA:53,5
DA:54,19
DA:56,19
DA:57,19
DA:60,5
DA:61,5
DA:62,5
DA:65,0
DA:66,0
DA:67,0
DA:70,5
DA:80,1
DA:82,5
DA:83,0
DA:86,5
DA:87,5
DA:88,9
DA:91,5
DA:101,1
DA:104,2
DA:106,0
DA:109,2
DA:111,2
DA:112,6
DA:113,4
DA:115,2
DA:119,2
DA:121,2
DA:131,1
DA:133,0
DA:134,0
DA:137,0
DA:138,0
DA:140,0
DA:150,1
DA:152,0
DA:153,0
DA:156,0
DA:157,0
DA:159,0
LF:59
LH:44
BRDA:14,0,0,1
BRDA:14,0,1,5
BRDA:27,1,0,5
BRDA:27,1,1,0
BRDA:27,2,0,5
BRDA:27,2,1,3
BRDA:60,3,0,5
BRDA:60,3,1,0
BRDA:82,4,0,0
BRDA:82,4,1,5
BRDA:104,5,0,0
BRDA:104,5,1,2
BRDA:104,6,0,2
BRDA:104,6,1,2
BRDA:112,7,0,4
BRDA:112,7,1,2
BRDA:133,8,0,0
BRDA:133,8,1,0
BRDA:152,9,0,0
BRDA:152,9,1,0
BRF:20
BRH:12
end_of_record
TN:
SF:src/lib/engine/chainage.ts
FN:11,computeChainageTable
FN:33,reverseChainageLinear
FNF:2
FNH:2
FNDA:7,computeChainageTable
FNDA:3,reverseChainageLinear
DA:1,1
DA:11,1
DA:17,7
DA:18,7
DA:19,7
DA:21,7
DA:23,7
DA:24,13
DA:25,13
DA:26,13
DA:27,13
DA:30,7
DA:33,1
DA:37,3
DA:38,3
DA:39,3
DA:41,3
DA:42,3
DA:43,3
DA:44,3
DA:45,2
DA:46,2
DA:47,2
DA:53,1
LF:24
LH:24
BRDA:21,0,0,1
BRDA:21,0,1,6
BRDA:21,1,0,7
BRDA:21,1,1,7
BRDA:38,2,0,0
BRDA:38,2,1,3
BRDA:44,3,0,1
BRDA:44,3,1,2
BRDA:44,4,0,3
BRDA:44,4,1,3
BRDA:46,5,0,2
BRDA:46,5,1,0
BRF:12
BRH:10
end_of_record
TN:
SF:src/lib/engine/cogo.ts
FN:15,bearingIntersection
FN:55,distanceIntersection
FN:111,(anonymous_3)
FN:125,(anonymous_4)
FN:146,radiation
FN:164,offsetPoint
FNF:6
FNH:4
FNDA:3,bearingIntersection
FNDA:0,distanceIntersection
FNDA:6,(anonymous_3)
FNDA:12,(anonymous_4)
FNDA:4,radiation
FNDA:0,offsetPoint
DA:12,1
DA:13,1
DA:15,1
DA:23,3
DA:24,3
DA:26,3
DA:27,3
DA:28,3
DA:29,3
DA:31,3
DA:32,3
DA:34,3
DA:35,3
DA:40,2
DA:41,2
DA:43,2
DA:48,2
DA:55,1
DA:62,0
DA:63,0
DA:64,0
DA:67,0
DA:68,0
DA:71,0
DA:72,0
DA:74,0
DA:75,0
DA:77,0
DA:82,0
DA:87,0
DA:90,1
DA:103,2
DA:104,2
DA:107,2
DA:108,2
DA:109,2
DA:111,6
DA:113,2
DA:114,2
DA:115,2
DA:121,2
DA:122,2
DA:123,2
DA:125,12
DA:127,2
DA:128,2
DA:129,2
DA:131,2
DA:132,2
DA:134,2
DA:139,2
DA:140,2
DA:141,2
DA:143,2
DA:146,1
DA:151,4
DA:152,4
DA:157,4
DA:164,1
DA:169,0
DA:170,0
LF:61
LH:47
BRDA:35,0,0,1
BRDA:35,0,1,2
BRDA:67,1,0,0
BRDA:67,1,1,0
BRDA:67,2,0,0
BRDA:67,2,1,0
BRDA:67,2,2,0
BRDA:104,3,0,0
BRDA:104,3,1,2
BRDA:104,4,0,2
BRDA:104,4,1,2
BRDA:104,4,2,2
BRDA:132,5,0,0
BRDA:132,5,1,2
BRDA:132,6,0,2
BRDA:132,6,1,2
BRF:16
BRH:9
end_of_record
TN:
SF:src/lib/engine/contours.ts
FN:19,triangulate
FN:47,interpolateEdge
FN:65,generateContours
FN:71,(anonymous_3)
FNF:4
FNH:4
FNDA:7,triangulate
FNDA:510,interpolateEdge
FNDA:5,generateContours
FNDA:20,(anonymous_3)
DA:19,1
DA:20,7
DA:22,7
DA:24,6
DA:25,18
DA:26,36
DA:27,60
DA:28,60
DA:29,60
DA:31,60
DA:32,60
DA:33,60
DA:34,60
DA:35,60
DA:37,60
DA:39,60
DA:44,6
DA:52,510
DA:53,510
DA:55,510
DA:57,108
DA:59,108
DA:65,1
DA:69,5
DA:71,20
DA:72,4
DA:73,4
DA:75,4
DA:76,4
DA:77,4
DA:78,17
DA:81,4
DA:82,4
DA:84,4
DA:85,17
DA:87,17
DA:88,170
DA:94,170
DA:96,170
DA:97,510
DA:98,510
DA:101,170
DA:102,36
DA:106,17
DA:107,11
DA:114,4
LF:46
LH:46
BRDA:22,0,0,1
BRDA:22,0,1,6
BRDA:37,1,0,0
BRDA:37,1,1,60
BRDA:55,2,0,402
BRDA:55,2,1,108
BRDA:55,3,0,510
BRDA:55,3,1,309
BRDA:69,4,0,1
BRDA:69,4,1,4
BRDA:98,5,0,108
BRDA:98,5,1,402
BRDA:101,6,0,36
BRDA:101,6,1,134
BRDA:106,7,0,11
BRDA:106,7,1,6
BRF:16
BRH:15
end_of_record
TN:
SF:src/lib/engine/coordinates.ts
FN:21,normalizeLongitudeDeg
FN:28,geographicToUTM
FN:82,utmToGeographicApprox
FN:134,utmToGeographic
FN:190,latLonToString
FNF:5
FNH:4
FNDA:13,normalizeLongitudeDeg
FNDA:13,geographicToUTM
FNDA:4,utmToGeographicApprox
FNDA:4,utmToGeographic
FNDA:0,latLonToString
DA:12,1
DA:13,1
DA:16,1
DA:17,1
DA:18,1
DA:19,1
DA:22,13
DA:23,13
DA:24,13
DA:25,13
DA:28,1
DA:29,13
DA:31,13
DA:32,13
DA:34,13
DA:35,13
DA:36,13
DA:38,13
DA:40,13
DA:41,13
DA:42,13
DA:44,13
DA:45,13
DA:46,13
DA:47,13
DA:49,13
DA:50,13
DA:53,13
DA:60,13
DA:68,13
DA:76,13
DA:77,13
DA:79,13
DA:83,4
DA:84,4
DA:86,4
DA:87,4
DA:89,4
DA:91,4
DA:92,4
DA:94,4
DA:95,4
DA:97,4
DA:98,4
DA:101,4
DA:107,4
DA:108,4
DA:109,4
DA:111,4
DA:112,4
DA:113,4
DA:114,4
DA:115,4
DA:118,4
DA:125,4
DA:131,4
DA:134,1
DA:135,4
DA:139,4
DA:140,4
DA:142,4
DA:143,4
DA:145,4
DA:146,4
DA:147,4
DA:148,4
DA:150,4
DA:153,0
DA:155,0
DA:156,0
DA:158,0
DA:159,0
DA:161,0
DA:162,0
DA:164,0
DA:165,0
DA:167,0
DA:169,0
DA:171,0
DA:175,0
DA:176,0
DA:178,0
DA:179,0
DA:181,0
DA:182,0
DA:184,0
DA:187,4
DA:190,1
DA:191,0
DA:192,0
DA:193,0
LF:91
LH:69
BRDA:34,0,0,4
BRDA:34,0,1,9
BRDA:34,1,0,13
BRDA:34,1,1,13
BRDA:76,2,0,7
BRDA:76,2,1,6
BRDA:77,3,0,6
BRDA:77,3,1,7
BRDA:87,4,0,2
BRDA:87,4,1,2
BRDA:150,5,0,4
BRDA:150,5,1,0
BRDA:169,6,0,0
BRDA:169,6,1,0
BRDA:169,7,0,0
BRDA:169,7,1,0
BRDA:181,8,0,0
BRDA:181,8,1,0
BRDA:181,9,0,0
BRDA:181,9,1,0
BRDA:182,10,0,0
BRDA:182,10,1,0
BRDA:182,11,0,0
BRDA:182,11,1,0
BRF:24
BRH:11
end_of_record
TN:
SF:src/lib/engine/curves.ts
FN:14,curveElements
FN:52,curveStakeout
FN:99,verticalCurve
FN:146,(anonymous_3)
FN:168,compoundCurveElements
FN:175,(anonymous_5)
FN:213,reverseCurveApprox
FNF:7
FNH:7
FNDA:7,curveElements
FNDA:2,curveStakeout
FNDA:3,verticalCurve
FNDA:30,(anonymous_3)
FNDA:1,compoundCurveElements
FNDA:4,(anonymous_5)
FNDA:2,reverseCurveApprox
DA:12,2
DA:14,2
DA:19,7
DA:20,7
DA:23,7
DA:26,7
DA:29,7
DA:32,7
DA:35,7
DA:38,7
DA:40,7
DA:52,2
DA:59,2
DA:60,2
DA:63,2
DA:64,2
DA:66,2
DA:69,2
DA:71,2
DA:72,22
DA:73,22
DA:76,22
DA:77,22
DA:80,22
DA:82,22
DA:90,2
DA:99,2
DA:109,3
DA:110,3
DA:112,3
DA:114,3
DA:115,33
DA:116,33
DA:119,33
DA:122,33
DA:124,33
DA:132,3
DA:133,3
DA:134,3
DA:136,0
DA:137,0
DA:138,0
DA:146,30
DA:168,2
DA:175,4
DA:177,1
DA:178,1
DA:179,1
DA:180,1
DA:182,1
DA:183,1
DA:184,1
DA:186,1
DA:213,2
DA:214,2
DA:215,2
DA:216,2
DA:217,2
LF:58
LH:55
BRDA:57,0,0,0
BRDA:104,1,0,0
BRDA:132,2,0,3
BRDA:132,2,1,0
BRDA:134,3,0,0
BRDA:134,3,1,3
BRDA:134,4,0,3
BRDA:134,4,1,0
BRF:8
BRH:3
end_of_record
TN:
SF:src/lib/engine/datums.ts
FN:75,getAvailableDatums
FN:79,getDatumByCountry
FN:80,(anonymous_2)
FN:85,getDatumNames
FN:89,getDatumByName
FN:93,transformToWGS84
FNF:6
FNH:6
FNDA:2,getAvailableDatums
FNDA:3,getDatumByCountry
FNDA:15,(anonymous_2)
FNDA:2,getDatumNames
FNDA:2,getDatumByName
FNDA:1,transformToWGS84
DA:22,1
DA:75,1
DA:76,2
DA:79,1
DA:80,3
DA:81,15
DA:85,1
DA:86,2
DA:89,1
DA:90,2
DA:93,1
DA:100,1
DA:101,1
LF:13
LH:13
BRF:0
BRH:0
end_of_record
TN:
SF:src/lib/engine/distance.ts
FN:14,(anonymous_0)
FN:16,distanceBearing
FN:41,slopeDistance
FN:49,horizontalDistance
FN:57,verticalDistance
FN:65,gradient
FN:79,polarPoint
FNF:7
FNH:6
FNDA:0,(anonymous_0)
FNDA:32,distanceBearing
FNDA:3,slopeDistance
FNDA:2,horizontalDistance
FNDA:3,verticalDistance
FNDA:9,gradient
FNDA:2,polarPoint
DA:12,5
DA:14,5
DA:16,5
DA:20,32
DA:21,32
DA:23,32
DA:24,32
DA:25,32
DA:27,32
DA:29,32
DA:41,5
DA:45,3
DA:46,3
DA:49,5
DA:53,2
DA:54,2
DA:57,5
DA:61,3
DA:62,3
DA:65,5
DA:69,9
DA:70,1
DA:73,8
DA:74,8
DA:76,8
DA:79,5
DA:84,2
DA:85,2
LF:28
LH:28
BRDA:69,0,0,1
BRDA:69,0,1,8
BRF:2
BRH:2
end_of_record
TN:
SF:src/lib/engine/geometry.ts
FN:31,midpoint
FN:38,angularMisclosureFromAngles
FN:41,(anonymous_2)
FN:52,(anonymous_3)
FN:57,pointInPolygon
FN:71,lineIntersection
FN:96,circularBuffer
FNF:7
FNH:6
FNDA:2,midpoint
FNDA:2,angularMisclosureFromAngles
FNDA:8,(anonymous_2)
FNDA:8,(anonymous_3)
FNDA:3,pointInPolygon
FNDA:2,lineIntersection
FNDA:0,circularBuffer
DA:31,1
DA:32,2
DA:38,1
DA:39,2
DA:40,2
DA:41,8
DA:42,2
DA:43,2
DA:44,2
DA:45,2
DA:52,8
DA:57,1
DA:58,3
DA:59,3
DA:60,3
DA:61,3
DA:62,12
DA:63,12
DA:64,12
DA:66,12
DA:68,3
DA:71,1
DA:75,2
DA:76,2
DA:77,2
DA:78,2
DA:79,2
DA:80,2
DA:81,1
DA:82,1
DA:83,1
DA:84,1
DA:85,1
DA:96,1
DA:97,0
DA:98,0
DA:99,0
DA:100,0
DA:101,0
DA:106,0
LF:40
LH:34
BRDA:40,0,0,0
BRDA:40,0,1,2
BRDA:64,1,0,12
BRDA:64,1,1,2
BRDA:66,2,0,1
BRDA:66,2,1,11
BRDA:80,3,0,1
BRDA:80,3,1,1
BRDA:90,4,0,1
BRDA:90,4,1,1
BRDA:91,5,0,1
BRDA:91,5,1,1
BRDA:96,6,0,0
BRDA:97,7,0,0
BRDA:97,7,1,0
BRF:15
BRH:11
end_of_record
TN:
SF:src/lib/engine/gnss.ts
FN:67,geodeticToECEF
FN:88,ecefToGeodetic
FN:119,ecefToENU
FN:142,computeBaseline
FN:188,processGNSSNetwork
FN:229,(anonymous_5)
FN:230,(anonymous_6)
FN:246,utmToGeodetic
FN:286,calculatePDOP
FN:320,transpose
FN:321,(anonymous_10)
FN:321,(anonymous_11)
FN:324,multiply
FN:339,inverse
FN:341,(anonymous_14)
FN:341,(anonymous_15)
FN:363,(anonymous_16)
FNF:17
FNH:13
FNDA:8,geodeticToECEF
FNDA:1,ecefToGeodetic
FNDA:0,ecefToENU
FNDA:2,computeBaseline
FNDA:0,processGNSSNetwork
FNDA:0,(anonymous_5)
FNDA:0,(anonymous_6)
FNDA:2,utmToGeodetic
FNDA:1,calculatePDOP
FNDA:1,transpose
FNDA:4,(anonymous_10)
FNDA:16,(anonymous_11)
FNDA:1,multiply
FNDA:1,inverse
FNDA:4,(anonymous_14)
FNDA:16,(anonymous_15)
FNDA:4,(anonymous_16)
DA:11,1
DA:67,1
DA:68,8
DA:69,8
DA:70,8
DA:72,8
DA:73,8
DA:75,8
DA:77,8
DA:78,8
DA:79,8
DA:81,8
DA:88,1
DA:89,1
DA:90,1
DA:91,1
DA:93,1
DA:95,1
DA:96,1
DA:98,1
DA:99,1
DA:100,10
DA:101,10
DA:102,10
DA:105,1
DA:106,1
DA:108,1
DA:119,1
DA:123,0
DA:125,0
DA:126,0
DA:128,0
DA:129,0
DA:130,0
DA:132,0
DA:133,0
DA:134,0
DA:136,0
DA:142,1
DA:143,2
DA:144,2
DA:145,2
DA:147,2
DA:148,2
DA:151,2
DA:152,2
DA:155,2
DA:158,2
DA:159,2
DA:160,0
DA:170,2
DA:188,1
DA:195,0
DA:196,0
DA:199,0
DA:201,0
DA:202,0
DA:206,0
DA:209,0
DA:210,0
DA:213,0
DA:214,0
DA:215,0
DA:217,0
DA:229,0
DA:230,0
DA:232,0
DA:246,1
DA:247,2
DA:248,2
DA:249,2
DA:250,2
DA:252,2
DA:253,2
DA:255,2
DA:256,2
DA:258,2
DA:262,2
DA:263,2
DA:264,2
DA:265,2
DA:266,2
DA:268,2
DA:274,2
DA:277,2
DA:278,2
DA:280,2
DA:286,1
DA:287,1
DA:290,1
DA:292,1
DA:293,4
DA:294,4
DA:295,4
DA:296,4
DA:298,4
DA:307,1
DA:308,1
DA:309,1
DA:311,1
DA:314,1
DA:316,1
DA:321,16
DA:325,1
DA:326,1
DA:327,4
DA:328,4
DA:329,16
DA:330,16
DA:331,64
DA:333,16
DA:336,1
DA:340,1
DA:341,16
DA:343,1
DA:344,4
DA:345,4
DA:346,6
DA:348,4
DA:350,4
DA:352,4
DA:353,32
DA:355,4
DA:356,16
DA:357,12
DA:358,96
DA:363,4
LF:127
LH:101
BRDA:152,0,0,1
BRDA:152,0,1,1
BRDA:159,1,0,0
BRDA:159,1,1,2
BRDA:159,2,0,2
BRDA:159,2,1,0
BRDA:161,3,0,0
BRDA:161,3,1,0
BRDA:162,4,0,0
BRDA:162,4,1,0
BRDA:163,5,0,0
BRDA:163,5,1,0
BRDA:164,6,0,0
BRDA:164,6,1,0
BRDA:165,7,0,0
BRDA:165,7,1,0
BRDA:166,8,0,0
BRDA:166,8,1,0
BRDA:213,9,0,0
BRDA:213,9,1,0
BRDA:214,10,0,0
BRDA:214,10,1,0
BRDA:215,11,0,0
BRDA:215,11,1,0
BRDA:230,12,0,0
BRDA:230,12,1,0
BRDA:253,13,0,0
BRDA:253,13,1,2
BRDA:287,14,0,0
BRDA:287,14,1,1
BRDA:311,15,0,0
BRDA:311,15,1,1
BRDA:341,16,0,4
BRDA:341,16,1,12
BRDA:346,17,0,1
BRDA:346,17,1,5
BRDA:350,18,0,0
BRDA:350,18,1,4
BRDA:356,19,0,12
BRDA:356,19,1,4
BRF:40
BRH:14
end_of_record
TN:
SF:src/lib/engine/grade.ts
FN:10,gradeFromElevations
FNF:1
FNH:1
FNDA:5,gradeFromElevations
DA:1,1
DA:10,1
DA:11,5
DA:12,5
DA:13,5
DA:14,5
LF:6
LH:6
BRDA:13,0,0,1
BRDA:13,0,1,4
BRF:2
BRH:2
end_of_record
TN:
SF:src/lib/engine/heightOfObject.ts
FN:10,heightOfObject
FNF:1
FNH:1
FNDA:6,heightOfObject
DA:10,1
DA:16,6
DA:17,6
DA:18,6
DA:19,6
DA:20,6
LF:6
LH:6
BRF:0
BRH:0
end_of_record
TN:
SF:src/lib/engine/hydrographic.ts
FN:6,applyTideCorrection
FNF:1
FNH:1
FNDA:4,applyTideCorrection
DA:6,1
DA:9,4
LF:2
LH:2
BRF:0
BRH:0
end_of_record
TN:
SF:src/lib/engine/leveling.ts
FN:26,riseAndFall
FN:151,heightOfCollimation
FNF:2
FNH:2
FNDA:7,riseAndFall
FNDA:3,heightOfCollimation
DA:26,1
DA:27,7
DA:29,7
DA:31,7
DA:32,7
DA:33,7
DA:34,7
DA:36,7
DA:37,7
DA:39,7
DA:40,7
DA:41,7
DA:42,7
DA:44,7
DA:45,28
DA:47,28
DA:48,21
DA:49,21
DA:50,21
DA:51,21
DA:52,21
DA:55,28
DA:56,0
DA:57,0
DA:58,0
DA:60,0
DA:61,0
DA:62,0
DA:63,0
DA:65,0
DA:66,0
DA:67,0
DA:68,0
DA:69,0
DA:71,0
DA:72,0
DA:73,0
DA:76,0
DA:77,0
DA:78,0
DA:81,28
DA:82,21
DA:83,0
DA:84,0
DA:86,21
DA:87,21
DA:89,21
DA:90,21
DA:91,21
DA:93,21
DA:94,21
DA:95,7
DA:96,7
DA:97,7
DA:99,14
DA:100,14
DA:101,14
DA:104,21
DA:105,21
DA:106,21
DA:109,28
DA:112,7
DA:113,7
DA:114,7
DA:116,7
DA:118,7
DA:119,7
DA:121,7
DA:122,0
DA:123,0
DA:124,0
DA:125,0
DA:129,0
DA:130,0
DA:131,0
DA:132,0
DA:133,0
DA:134,0
DA:135,0
DA:136,0
DA:141,7
DA:151,1
DA:152,3
DA:154,3
DA:156,3
DA:157,3
DA:158,3
DA:160,3
DA:161,3
DA:163,3
DA:164,3
DA:166,3
DA:167,12
DA:169,12
DA:170,9
DA:171,9
DA:172,9
DA:173,9
DA:174,9
DA:177,12
DA:178,0
DA:179,0
DA:180,0
DA:182,0
DA:183,0
DA:184,0
DA:185,0
DA:186,0
DA:187,0
DA:190,12
DA:191,9
DA:192,0
DA:193,0
DA:195,9
DA:196,9
DA:197,9
DA:198,9
DA:199,9
DA:200,9
DA:201,9
DA:204,12
DA:207,3
DA:208,3
DA:210,3
DA:211,3
DA:212,3
DA:214,3
LF:127
LH:84
BRDA:27,0,0,0
BRDA:47,1,0,21
BRDA:47,1,1,7
BRDA:47,2,0,28
BRDA:47,2,1,21
BRDA:48,3,0,0
BRDA:48,3,1,21
BRDA:48,4,0,21
BRDA:48,4,1,21
BRDA:55,5,0,0
BRDA:55,5,1,28
BRDA:55,6,0,28
BRDA:55,6,1,0
BRDA:56,7,0,0
BRDA:56,7,1,0
BRDA:66,8,0,0
BRDA:66,8,1,0
BRDA:81,9,0,21
BRDA:81,9,1,7
BRDA:81,10,0,28
BRDA:81,10,1,21
BRDA:82,11,0,0
BRDA:82,11,1,21
BRDA:94,12,0,7
BRDA:94,12,1,14
BRDA:114,13,0,7
BRDA:114,13,1,0
BRDA:116,14,0,7
BRDA:116,14,1,0
BRDA:119,15,0,0
BRDA:119,15,1,7
BRDA:121,16,0,0
BRDA:121,16,1,7
BRDA:121,17,0,7
BRDA:121,17,1,7
BRDA:121,17,2,0
BRDA:124,18,0,0
BRDA:124,18,1,0
BRDA:124,19,0,0
BRDA:124,19,1,0
BRDA:124,19,2,0
BRDA:130,20,0,0
BRDA:130,20,1,0
BRDA:152,21,0,0
BRDA:169,22,0,9
BRDA:169,22,1,3
BRDA:169,23,0,12
BRDA:169,23,1,9
BRDA:170,24,0,0
BRDA:170,24,1,9
BRDA:170,25,0,9
BRDA:170,25,1,9
BRDA:177,26,0,0
BRDA:177,26,1,12
BRDA:177,27,0,12
BRDA:177,27,1,0
BRDA:178,28,0,0
BRDA:178,28,1,0
BRDA:190,29,0,9
BRDA:190,29,1,3
BRDA:190,30,0,12
BRDA:190,30,1,9
BRDA:191,31,0,0
BRDA:191,31,1,9
BRDA:210,32,0,3
BRDA:210,32,1,0
BRDA:212,33,0,0
BRDA:212,33,1,3
BRF:68
BRH:38
end_of_record
TN:
SF:src/lib/engine/parser.ts
FN:9,parseDelimitedFile
FN:27,(anonymous_1)
FN:59,pointsToCSV
FN:61,(anonymous_3)
FN:65,validatePoints
FNF:5
FNH:5
FNDA:4,parseDelimitedFile
FNDA:36,(anonymous_1)
FNDA:3,pointsToCSV
FNDA:6,(anonymous_3)
FNDA:3,validatePoints
DA:9,1
DA:10,4
DA:11,4
DA:12,4
DA:14,4
DA:15,4
DA:17,4
DA:18,4
DA:19,1
DA:20,1
DA:23,4
DA:24,10
DA:25,10
DA:27,36
DA:29,9
DA:30,9
DA:31,9
DA:32,9
DA:34,9
DA:36,9
DA:37,9
DA:38,9
DA:39,9
DA:40,9
DA:44,9
DA:45,0
DA:46,0
DA:49,9
DA:50,9
DA:53,9
DA:56,4
DA:59,1
DA:60,3
DA:61,6
DA:62,3
DA:65,1
DA:66,3
DA:67,3
DA:69,3
DA:70,5
DA:71,1
DA:73,5
DA:75,5
DA:76,1
DA:80,3
LF:45
LH:43
BRDA:9,0,0,3
BRDA:18,1,0,1
BRDA:18,1,1,3
BRDA:18,2,0,4
BRDA:18,2,1,3
BRDA:18,2,2,3
BRDA:25,3,0,1
BRDA:25,3,1,9
BRDA:34,4,0,9
BRDA:34,4,1,0
BRDA:39,5,0,9
BRDA:39,5,1,0
BRDA:40,6,0,9
BRDA:40,6,1,0
BRDA:44,7,0,0
BRDA:44,7,1,9
BRDA:44,8,0,9
BRDA:44,8,1,9
BRDA:49,9,0,9
BRDA:49,9,1,0
BRDA:49,10,0,9
BRDA:49,10,1,0
BRDA:70,11,0,1
BRDA:70,11,1,4
BRDA:75,12,0,1
BRDA:75,12,1,4
BRDA:75,13,0,5
BRDA:75,13,1,4
BRF:28
BRH:22
end_of_record
TN:
SF:src/lib/engine/polar.ts
FN:33,polar2D
FN:43,polar3D
FN:51,polar3DWithHeights
FN:60,polar3DNamed
FNF:4
FNH:2
FNDA:8,polar2D
FNDA:3,polar3D
FNDA:0,polar3DWithHeights
FNDA:0,polar3DNamed
DA:13,1
DA:33,1
DA:34,8
DA:35,8
DA:36,8
DA:37,8
DA:43,1
DA:44,3
DA:45,3
DA:46,3
DA:47,3
DA:48,3
DA:51,1
DA:52,0
DA:53,0
DA:60,1
DA:67,0
DA:68,0
LF:18
LH:14
BRF:0
BRH:0
end_of_record
TN:
SF:src/lib/engine/tacheometry.ts
FN:26,tacheometryReduction
FNF:1
FNH:1
FNDA:6,tacheometryReduction
DA:1,1
DA:26,1
DA:27,6
DA:28,6
DA:29,6
DA:30,6
DA:31,6
DA:32,6
LF:8
LH:8
BRF:0
BRH:0
end_of_record
TN:
SF:src/lib/engine/traverse.ts
FN:44,calculatePrecisionGrade
FN:56,forwardTraverse
FN:98,bowditchAdjustment
FN:189,transitAdjustment
FNF:4
FNH:4
FNDA:10,calculatePrecisionGrade
FNDA:3,forwardTraverse
FNDA:8,bowditchAdjustment
FNDA:2,transitAdjustment
DA:12,1
DA:45,10
DA:46,10
DA:47,10
DA:48,10
DA:56,1
DA:57,3
DA:58,3
DA:60,3
DA:61,3
DA:62,3
DA:64,3
DA:66,3
DA:67,5
DA:68,5
DA:69,5
DA:71,5
DA:72,5
DA:74,5
DA:75,5
DA:76,5
DA:78,5
DA:91,3
DA:98,1
DA:99,8
DA:102,8
DA:103,8
DA:104,8
DA:106,8
DA:108,8
DA:109,32
DA:110,32
DA:111,32
DA:113,32
DA:114,32
DA:116,32
DA:117,32
DA:118,32
DA:121,32
DA:122,32
DA:124,32
DA:142,8
DA:143,8
DA:144,8
DA:146,8
DA:149,8
DA:152,8
DA:153,8
DA:156,8
DA:157,8
DA:159,8
DA:160,32
DA:161,32
DA:162,32
DA:164,32
DA:165,32
DA:167,32
DA:168,32
DA:170,32
DA:171,32
DA:173,32
DA:174,32
DA:177,8
DA:189,1
DA:190,2
DA:193,2
DA:194,2
DA:195,2
DA:196,2
DA:197,2
DA:199,2
DA:201,2
DA:202,8
DA:203,8
DA:204,8
DA:206,8
DA:207,8
DA:209,8
DA:210,8
DA:211,8
DA:212,8
DA:213,8
DA:215,8
DA:233,2
DA:234,2
DA:235,2
DA:236,2
DA:239,2
DA:240,2
DA:242,2
DA:243,8
DA:245,8
DA:246,8
DA:248,8
DA:249,8
DA:251,8
DA:252,8
DA:255,8
DA:256,8
DA:258,8
DA:259,8
DA:261,8
DA:262,8
DA:264,8
DA:265,8
DA:268,2
LF:106
LH:106
BRDA:45,0,0,0
BRDA:45,0,1,10
BRDA:46,1,0,0
BRDA:46,1,1,10
BRDA:47,2,0,0
BRDA:47,2,1,10
BRDA:64,3,0,3
BRDA:64,3,1,0
BRDA:79,4,0,3
BRDA:79,4,1,2
BRDA:79,5,0,2
BRDA:79,5,1,0
BRDA:80,6,0,5
BRDA:80,6,1,0
BRDA:94,7,0,3
BRDA:94,7,1,0
BRDA:125,8,0,32
BRDA:125,8,1,0
BRDA:125,9,0,0
BRDA:125,9,1,32
BRDA:125,10,0,32
BRDA:125,10,1,32
BRDA:125,11,0,0
BRDA:125,11,1,0
BRDA:125,12,0,0
BRDA:125,12,1,0
BRDA:125,13,0,0
BRDA:125,13,1,0
BRDA:125,14,0,0
BRDA:125,14,1,0
BRDA:126,15,0,32
BRDA:126,15,1,0
BRDA:126,16,0,0
BRDA:126,16,1,32
BRDA:126,17,0,32
BRDA:126,17,1,32
BRDA:146,18,0,0
BRDA:146,18,1,8
BRDA:149,19,0,0
BRDA:149,19,1,8
BRDA:153,20,0,8
BRDA:153,20,1,0
BRDA:216,21,0,8
BRDA:216,21,1,0
BRDA:216,22,0,0
BRDA:216,22,1,8
BRDA:216,23,0,8
BRDA:216,23,1,8
BRDA:216,24,0,0
BRDA:216,24,1,0
BRDA:216,25,0,0
BRDA:216,25,1,0
BRDA:216,26,0,0
BRDA:216,26,1,0
BRDA:216,27,0,0
BRDA:216,27,1,0
BRDA:217,28,0,8
BRDA:217,28,1,0
BRDA:217,29,0,0
BRDA:217,29,1,8
BRDA:217,30,0,8
BRDA:217,30,1,8
BRDA:236,31,0,2
BRDA:236,31,1,0
BRDA:248,32,0,8
BRDA:248,32,1,0
BRDA:251,33,0,8
BRDA:251,33,1,0
BRF:68
BRH:31
end_of_record
TN:
SF:src/lib/engine/twoPegTest.ts
FN:12,twoPegTest
FNF:1
FNH:1
FNDA:6,twoPegTest
DA:12,1
DA:20,6
DA:21,6
DA:23,6
DA:24,6
DA:25,6
DA:26,6
DA:27,6
DA:28,6
DA:30,6
LF:10
LH:10
BRDA:20,0,0,2
BRDA:20,0,1,4
BRDA:20,1,0,6
BRDA:20,1,1,6
BRDA:21,2,0,0
BRDA:21,2,1,6
BRDA:21,3,0,6
BRDA:21,3,1,6
BRF:8
BRH:7
end_of_record
TN:
SF:src/lib/engine/utmZones.ts
FN:1,getUTMZone
FN:5,getHemisphere
FN:9,getUTMZoneFromLatLng
FN:100,(anonymous_3)
FNF:4
FNH:4
FNDA:9,getUTMZone
FNDA:9,getHemisphere
FNDA:9,getUTMZoneFromLatLng
FNDA:60,(anonymous_3)
DA:1,1
DA:2,9
DA:5,1
DA:6,9
DA:9,1
DA:13,9
DA:14,9
DA:17,9
DA:18,9
DA:21,9
DA:22,0
DA:23,0
DA:24,0
DA:25,0
DA:28,9
DA:93,9
DA:100,60
LF:17
LH:13
BRDA:6,0,0,5
BRDA:6,0,1,4
BRDA:17,1,0,0
BRDA:17,1,1,9
BRDA:17,2,0,9
BRDA:17,2,1,0
BRDA:17,2,2,0
BRDA:17,2,3,0
BRDA:18,3,0,0
BRDA:18,3,1,9
BRDA:18,4,0,9
BRDA:18,4,1,0
BRDA:18,4,2,0
BRDA:18,4,3,0
BRDA:21,5,0,0
BRDA:21,5,1,9
BRDA:21,6,0,9
BRDA:21,6,1,0
BRDA:22,7,0,0
BRDA:22,7,1,0
BRDA:22,8,0,0
BRDA:22,8,1,0
BRDA:23,9,0,0
BRDA:23,9,1,0
BRDA:23,10,0,0
BRDA:23,10,1,0
BRDA:24,11,0,0
BRDA:24,11,1,0
BRDA:24,12,0,0
BRDA:24,12,1,0
BRDA:25,13,0,0
BRDA:25,13,1,0
BRDA:25,14,0,0
BRDA:25,14,1,0
BRDA:96,15,0,9
BRDA:96,15,1,0
BRF:36
BRH:9
end_of_record
TN:
SF:src/lib/engine/volume.ts
FN:73,sortByChainage
FN:74,(anonymous_1)
FN:77,endAreaVolume
FN:94,prismoidalVolume
FN:114,volumeFromSections
FN:124,cutFillVolumeFromSignedSections
FN:144,bboxOf
FN:158,clampBboxIntersection
FN:166,idwZ
FN:203,surfaceCutFillVolumeGrid
FNF:10
FNH:10
FNDA:15,sortByChainage
FNDA:41,(anonymous_1)
FNDA:7,endAreaVolume
FNDA:5,prismoidalVolume
FNDA:2,volumeFromSections
FNDA:3,cutFillVolumeFromSignedSections
FNDA:10,bboxOf
FNDA:5,clampBboxIntersection
FNDA:250,idwZ
FNDA:5,surfaceCutFillVolumeGrid
DA:74,41
DA:77,2
DA:78,7
DA:79,7
DA:80,7
DA:82,7
DA:83,19
DA:84,19
DA:85,19
DA:86,19
DA:87,19
DA:88,19
DA:91,7
DA:94,2
DA:95,5
DA:96,5
DA:97,5
DA:101,5
DA:102,5
DA:103,5
DA:104,5
DA:105,5
DA:106,5
DA:107,5
DA:108,5
DA:111,5
DA:114,2
DA:115,2
DA:116,1
DA:124,2
DA:125,3
DA:126,3
DA:127,3
DA:128,3
DA:130,3
DA:131,8
DA:132,8
DA:133,8
DA:134,8
DA:135,8
DA:137,8
DA:138,4
DA:141,3
DA:145,10
DA:146,10
DA:147,10
DA:148,10
DA:149,10
DA:150,90
DA:151,90
DA:152,90
DA:153,90
DA:155,10
DA:159,5
DA:160,5
DA:161,5
DA:162,5
DA:163,5
DA:167,250
DA:168,250
DA:169,250
DA:170,250
DA:172,250
DA:173,250
DA:174,2250
DA:175,2250
DA:176,2250
DA:177,2250
DA:178,2250
DA:179,980
DA:180,980
DA:182,2250
DA:183,1350
DA:184,1350
DA:185,1350
DA:186,1350
DA:189,250
DA:190,0
DA:191,0
DA:203,2
DA:204,5
DA:205,5
DA:206,5
DA:207,0
DA:209,5
DA:210,0
DA:213,5
DA:214,5
DA:215,5
DA:216,5
DA:217,5
DA:219,5
DA:220,0
DA:224,5
DA:225,5
DA:226,5
DA:227,5
DA:229,5
DA:230,5
DA:231,5
DA:232,5
DA:233,5
DA:235,5
DA:236,25
DA:238,125
DA:239,125
DA:240,125
DA:241,125
DA:242,125
DA:243,0
DA:244,0
DA:246,125
DA:247,125
DA:248,50
DA:249,125
DA:253,5
DA:254,5
DA:256,5
LF:118
LH:111
BRDA:115,0,0,1
BRDA:115,0,1,1
BRDA:137,1,0,4
BRDA:137,1,1,4
BRDA:137,2,0,8
BRDA:137,2,1,6
BRDA:138,3,0,1
BRDA:138,3,1,3
BRDA:138,4,0,4
BRDA:138,4,1,2
BRDA:150,5,0,10
BRDA:150,5,1,80
BRDA:151,6,0,10
BRDA:151,6,1,80
BRDA:152,7,0,30
BRDA:152,7,1,60
BRDA:153,8,0,30
BRDA:153,8,1,60
BRDA:177,9,0,0
BRDA:177,9,1,2250
BRDA:178,10,0,980
BRDA:178,10,1,1270
BRDA:182,11,0,900
BRDA:182,11,1,1350
BRDA:189,12,0,250
BRDA:189,12,1,0
BRDA:190,13,0,0
BRDA:190,13,1,0
BRDA:206,14,0,0
BRDA:206,14,1,5
BRDA:209,15,0,0
BRDA:209,15,1,5
BRDA:209,16,0,5
BRDA:209,16,1,5
BRDA:213,17,0,0
BRDA:213,17,1,5
BRDA:213,18,0,5
BRDA:213,18,1,5
BRDA:214,19,0,0
BRDA:214,19,1,5
BRDA:214,20,0,5
BRDA:214,20,1,5
BRDA:219,21,0,0
BRDA:219,21,1,5
BRDA:219,22,0,5
BRDA:219,22,1,5
BRDA:242,23,0,0
BRDA:242,23,1,125
BRDA:242,24,0,125
BRDA:242,24,1,125
BRDA:247,25,0,75
BRDA:247,25,1,50
BRDA:248,26,0,25
BRDA:248,26,1,25
BRDA:253,27,0,0
BRDA:253,27,1,5
BRDA:254,28,0,0
BRDA:254,28,1,5
BRF:58
BRH:46
end_of_record
